27-Jun-2018 13:24:20.816 INFOS [main] org.apache.catalina.startup.VersionLoggerListener.log Server version:        Apache Tomcat/8.5.31
27-Jun-2018 13:24:20.818 INFOS [main] org.apache.catalina.startup.VersionLoggerListener.log Server built:          Apr 27 2018 20:24:25 UTC
27-Jun-2018 13:24:20.818 INFOS [main] org.apache.catalina.startup.VersionLoggerListener.log Server number:         8.5.31.0
27-Jun-2018 13:24:20.818 INFOS [main] org.apache.catalina.startup.VersionLoggerListener.log OS Name:               Windows 7
27-Jun-2018 13:24:20.818 INFOS [main] org.apache.catalina.startup.VersionLoggerListener.log OS Version:            6.1
27-Jun-2018 13:24:20.818 INFOS [main] org.apache.catalina.startup.VersionLoggerListener.log Architecture:          amd64
27-Jun-2018 13:24:20.818 INFOS [main] org.apache.catalina.startup.VersionLoggerListener.log Java Home:             C:\Program Files\Java\jdk1.8.0_102\jre
27-Jun-2018 13:24:20.820 INFOS [main] org.apache.catalina.startup.VersionLoggerListener.log JVM Version:           1.8.0_102-b14
27-Jun-2018 13:24:20.820 INFOS [main] org.apache.catalina.startup.VersionLoggerListener.log JVM Vendor:            Oracle Corporation
27-Jun-2018 13:24:20.820 INFOS [main] org.apache.catalina.startup.VersionLoggerListener.log CATALINA_BASE:         C:\Users\1795162\Documents\GitHub\SERVLET\apache-tomcat-8.5.31\apache-tomcat-8.5.31
27-Jun-2018 13:24:20.820 INFOS [main] org.apache.catalina.startup.VersionLoggerListener.log CATALINA_HOME:         C:\Users\1795162\Documents\GitHub\SERVLET\apache-tomcat-8.5.31\apache-tomcat-8.5.31
27-Jun-2018 13:24:20.820 INFOS [main] org.apache.catalina.startup.VersionLoggerListener.log Command line argument: -Djava.util.logging.config.file=C:\Users\1795162\Documents\GitHub\SERVLET\apache-tomcat-8.5.31\apache-tomcat-8.5.31\conf\logging.properties
27-Jun-2018 13:24:20.820 INFOS [main] org.apache.catalina.startup.VersionLoggerListener.log Command line argument: -Djava.util.logging.manager=org.apache.juli.ClassLoaderLogManager
27-Jun-2018 13:24:20.821 INFOS [main] org.apache.catalina.startup.VersionLoggerListener.log Command line argument: -Dhttp.nonProxyHosts=localhost|127.0.0.1|LI-S031-0T26
27-Jun-2018 13:24:20.821 INFOS [main] org.apache.catalina.startup.VersionLoggerListener.log Command line argument: -Djdk.tls.ephemeralDHKeySize=2048
27-Jun-2018 13:24:20.821 INFOS [main] org.apache.catalina.startup.VersionLoggerListener.log Command line argument: -Djava.protocol.handler.pkgs=org.apache.catalina.webresources
27-Jun-2018 13:24:20.821 INFOS [main] org.apache.catalina.startup.VersionLoggerListener.log Command line argument: -Dignore.endorsed.dirs=
27-Jun-2018 13:24:20.821 INFOS [main] org.apache.catalina.startup.VersionLoggerListener.log Command line argument: -Dcatalina.base=C:\Users\1795162\Documents\GitHub\SERVLET\apache-tomcat-8.5.31\apache-tomcat-8.5.31
27-Jun-2018 13:24:20.821 INFOS [main] org.apache.catalina.startup.VersionLoggerListener.log Command line argument: -Dcatalina.home=C:\Users\1795162\Documents\GitHub\SERVLET\apache-tomcat-8.5.31\apache-tomcat-8.5.31
27-Jun-2018 13:24:20.821 INFOS [main] org.apache.catalina.startup.VersionLoggerListener.log Command line argument: -Djava.io.tmpdir=C:\Users\1795162\Documents\GitHub\SERVLET\apache-tomcat-8.5.31\apache-tomcat-8.5.31\temp
27-Jun-2018 13:24:20.821 INFOS [main] org.apache.catalina.core.AprLifecycleListener.lifecycleEvent The APR based Apache Tomcat Native library which allows optimal performance in production environments was not found on the java.library.path: [C:\Program Files\Java\jdk1.8.0_102\bin;C:\Windows\Sun\Java\bin;C:\Windows\system32;C:\Windows;C:\Program Files\IBM\SDP/rpt/citrixOCR;C:\Windows\system32;C:\Windows;C:\Windows\System32\Wbem;C:\Windows\System32\WindowsPowerShell\v1.0\;C:\Program Files (x86)\Novell\ZENworks\bin;C:\Program Files\Novell\iPrint;C:\Program Files (x86)\Microsoft SQL Server\80\Tools\Binn\;C:\Users\1795162\.dnx\bin;C:\Program Files\Microsoft DNX\Dnvm\;C:\Program Files (x86)\Windows Kits\8.1\Windows Performance Toolkit\;C:\Program Files\Microsoft SQL Server\120\Tools\Binn\;C:\Program Files\Microsoft SQL Server\130\Tools\Binn\;.]
27-Jun-2018 13:24:21.014 INFOS [main] org.apache.coyote.AbstractProtocol.init Initializing ProtocolHandler ["http-nio-8080"]
27-Jun-2018 13:24:21.147 INFOS [main] org.apache.tomcat.util.net.NioSelectorPool.getSharedSelector Using a shared selector for servlet write/read
27-Jun-2018 13:24:21.152 INFOS [main] org.apache.coyote.AbstractProtocol.init Initializing ProtocolHandler ["ajp-nio-8009"]
27-Jun-2018 13:24:21.155 INFOS [main] org.apache.tomcat.util.net.NioSelectorPool.getSharedSelector Using a shared selector for servlet write/read
27-Jun-2018 13:24:21.156 INFOS [main] org.apache.catalina.startup.Catalina.load Initialization processed in 652 ms
27-Jun-2018 13:24:21.184 INFOS [main] org.apache.catalina.core.StandardService.startInternal Démarrage du service [Catalina]
27-Jun-2018 13:24:21.184 INFOS [main] org.apache.catalina.core.StandardEngine.startInternal Starting Servlet Engine: Apache Tomcat/8.5.31
27-Jun-2018 13:24:21.197 INFOS [localhost-startStop-1] org.apache.catalina.startup.HostConfig.deployDirectory Déploiement du répertoire [C:\Users\1795162\Documents\GitHub\SERVLET\apache-tomcat-8.5.31\apache-tomcat-8.5.31\webapps\docs] de l'application web
27-Jun-2018 13:24:21.409 INFOS [localhost-startStop-1] org.apache.catalina.startup.HostConfig.deployDirectory Deployment of web application directory [C:\Users\1795162\Documents\GitHub\SERVLET\apache-tomcat-8.5.31\apache-tomcat-8.5.31\webapps\docs] has finished in [211] ms
27-Jun-2018 13:24:21.409 INFOS [localhost-startStop-1] org.apache.catalina.startup.HostConfig.deployDirectory Déploiement du répertoire [C:\Users\1795162\Documents\GitHub\SERVLET\apache-tomcat-8.5.31\apache-tomcat-8.5.31\webapps\examples] de l'application web
27-Jun-2018 13:24:21.631 INFOS [localhost-startStop-1] org.apache.catalina.startup.HostConfig.deployDirectory Deployment of web application directory [C:\Users\1795162\Documents\GitHub\SERVLET\apache-tomcat-8.5.31\apache-tomcat-8.5.31\webapps\examples] has finished in [222] ms
27-Jun-2018 13:24:21.631 INFOS [localhost-startStop-1] org.apache.catalina.startup.HostConfig.deployDirectory Déploiement du répertoire [C:\Users\1795162\Documents\GitHub\SERVLET\apache-tomcat-8.5.31\apache-tomcat-8.5.31\webapps\host-manager] de l'application web
27-Jun-2018 13:24:21.650 INFOS [localhost-startStop-1] org.apache.catalina.startup.HostConfig.deployDirectory Deployment of web application directory [C:\Users\1795162\Documents\GitHub\SERVLET\apache-tomcat-8.5.31\apache-tomcat-8.5.31\webapps\host-manager] has finished in [19] ms
27-Jun-2018 13:24:21.650 INFOS [localhost-startStop-1] org.apache.catalina.startup.HostConfig.deployDirectory Déploiement du répertoire [C:\Users\1795162\Documents\GitHub\SERVLET\apache-tomcat-8.5.31\apache-tomcat-8.5.31\webapps\manager] de l'application web
27-Jun-2018 13:24:21.666 INFOS [localhost-startStop-1] org.apache.catalina.startup.HostConfig.deployDirectory Deployment of web application directory [C:\Users\1795162\Documents\GitHub\SERVLET\apache-tomcat-8.5.31\apache-tomcat-8.5.31\webapps\manager] has finished in [16] ms
27-Jun-2018 13:24:21.666 INFOS [localhost-startStop-1] org.apache.catalina.startup.HostConfig.deployDirectory Déploiement du répertoire [C:\Users\1795162\Documents\GitHub\SERVLET\apache-tomcat-8.5.31\apache-tomcat-8.5.31\webapps\ROOT] de l'application web
27-Jun-2018 13:24:21.697 INFOS [localhost-startStop-1] org.apache.catalina.startup.HostConfig.deployDirectory Deployment of web application directory [C:\Users\1795162\Documents\GitHub\SERVLET\apache-tomcat-8.5.31\apache-tomcat-8.5.31\webapps\ROOT] has finished in [31] ms
27-Jun-2018 13:24:21.699 INFOS [main] org.apache.coyote.AbstractProtocol.start Starting ProtocolHandler ["http-nio-8080"]
27-Jun-2018 13:24:21.706 INFOS [main] org.apache.coyote.AbstractProtocol.start Starting ProtocolHandler ["ajp-nio-8009"]
27-Jun-2018 13:24:21.708 INFOS [main] org.apache.catalina.startup.Catalina.start Server startup in 552 ms
27-Jun-2018 13:24:27.169 INFOS [http-nio-8080-exec-9] org.apache.catalina.startup.HostConfig.deployDescriptor Déploiement du descripteur de configuration [C:\Users\1795162\Documents\GitHub\SERVLET\apache-tomcat-8.5.31\apache-tomcat-8.5.31\conf\Catalina\localhost\LoginPage.xml]
27-Jun-2018 13:24:27.530 INFOS [http-nio-8080-exec-9] org.apache.jasper.servlet.TldScanner.scanJars At least one JAR was scanned for TLDs yet contained no TLDs. Enable debug logging for this logger for a complete list of JARs that were scanned but no TLDs were found in them. Skipping unneeded JARs during scanning can improve startup time and JSP compilation time.
27-Jun-2018 13:24:27.534 INFOS [http-nio-8080-exec-9] org.apache.catalina.startup.HostConfig.deployDescriptor Deployment of configuration descriptor [C:\Users\1795162\Documents\GitHub\SERVLET\apache-tomcat-8.5.31\apache-tomcat-8.5.31\conf\Catalina\localhost\LoginPage.xml] has finished in [365] ms
27-Jun-2018 13:24:27.538 INFOS [http-nio-8080-exec-1] org.apache.catalina.util.LifecycleBase.start The start() method was called on component [StandardEngine[Catalina].StandardHost[localhost].StandardContext[/LoginPage]] after start() had already been called. The second call will be ignored.
27-Jun-2018 13:27:45.195 INFOS [http-nio-8080-exec-1] org.apache.jasper.servlet.TldScanner.scanJars At least one JAR was scanned for TLDs yet contained no TLDs. Enable debug logging for this logger for a complete list of JARs that were scanned but no TLDs were found in them. Skipping unneeded JARs during scanning can improve startup time and JSP compilation time.
27-Jun-2018 13:28:19.136 INFOS [http-nio-8080-exec-15] org.apache.jasper.servlet.TldScanner.scanJars At least one JAR was scanned for TLDs yet contained no TLDs. Enable debug logging for this logger for a complete list of JARs that were scanned but no TLDs were found in them. Skipping unneeded JARs during scanning can improve startup time and JSP compilation time.
