juin 09, 2015 6:22:04 PM org.apache.catalina.startup.HostConfig deleteRedeployResources
INFO: Undeploying context [/ConversionTempStruts2]
juin 09, 2015 6:22:04 PM org.apache.catalina.loader.WebappClassLoader checkThreadLocalMapForLeaks
SEVERE: The web application [/ConversionTempStruts2] created a ThreadLocal with key of type [com.opensymphony.xwork2.inject.ContainerImpl$10] (value [com.opensymphony.xwork2.inject.ContainerImpl$10@18be138]) and a value of type [java.lang.Object[]] (value [[Ljava.lang.Object;@d69ae7]) but failed to remove it when the web application was stopped. Threads are going to be renewed over time to try and avoid a probable memory leak.
juin 09, 2015 6:22:04 PM org.apache.catalina.loader.WebappClassLoader checkThreadLocalMapForLeaks
SEVERE: The web application [/ConversionTempStruts2] created a ThreadLocal with key of type [com.opensymphony.xwork2.inject.ContainerImpl$10] (value [com.opensymphony.xwork2.inject.ContainerImpl$10@18be138]) and a value of type [java.lang.Object[]] (value [[Ljava.lang.Object;@1cfb865]) but failed to remove it when the web application was stopped. Threads are going to be renewed over time to try and avoid a probable memory leak.
juin 09, 2015 6:22:04 PM org.apache.catalina.loader.WebappClassLoader checkThreadLocalMapForLeaks
SEVERE: The web application [/ConversionTempStruts2] created a ThreadLocal with key of type [com.opensymphony.xwork2.inject.ContainerImpl$10] (value [com.opensymphony.xwork2.inject.ContainerImpl$10@18be138]) and a value of type [java.lang.Object[]] (value [[Ljava.lang.Object;@c7ec81]) but failed to remove it when the web application was stopped. Threads are going to be renewed over time to try and avoid a probable memory leak.
juin 09, 2015 6:22:04 PM org.apache.catalina.loader.WebappClassLoader checkThreadLocalMapForLeaks
SEVERE: The web application [/ConversionTempStruts2] created a ThreadLocal with key of type [com.opensymphony.xwork2.inject.ContainerImpl$10] (value [com.opensymphony.xwork2.inject.ContainerImpl$10@18be138]) and a value of type [java.lang.Object[]] (value [[Ljava.lang.Object;@6d4100]) but failed to remove it when the web application was stopped. Threads are going to be renewed over time to try and avoid a probable memory leak.
juin 09, 2015 6:22:15 PM org.apache.catalina.startup.HostConfig deployDescriptor
INFO: Deploying configuration descriptor C:\apache-tomcat-7.0.37\conf\Catalina\localhost\ConversionTempStruts2.xml
juin 09, 2015 6:22:16 PM org.apache.catalina.core.StandardContext resourcesStart
SEVERE: Error starting static Resources
java.lang.IllegalArgumentException: Document base G:\bdeb\cours dev Web\notes de cours\struts2\ConversionTempStruts2\build\web does not exist or is not a readable directory
	at org.apache.naming.resources.FileDirContext.setDocBase(FileDirContext.java:138)
	at org.apache.catalina.core.StandardContext.resourcesStart(StandardContext.java:4912)
	at org.apache.catalina.core.StandardContext.startInternal(StandardContext.java:5092)
	at org.apache.catalina.util.LifecycleBase.start(LifecycleBase.java:150)
	at org.apache.catalina.core.ContainerBase.addChildInternal(ContainerBase.java:901)
	at org.apache.catalina.core.ContainerBase.addChild(ContainerBase.java:877)
	at org.apache.catalina.core.StandardHost.addChild(StandardHost.java:633)
	at org.apache.catalina.startup.HostConfig.deployDescriptor(HostConfig.java:657)
	at org.apache.catalina.startup.HostConfig$DeployDescriptor.run(HostConfig.java:1637)
	at java.util.concurrent.Executors$RunnableAdapter.call(Executors.java:511)
	at java.util.concurrent.FutureTask.run(FutureTask.java:266)
	at java.util.concurrent.ThreadPoolExecutor.runWorker(ThreadPoolExecutor.java:1142)
	at java.util.concurrent.ThreadPoolExecutor$Worker.run(ThreadPoolExecutor.java:617)
	at java.lang.Thread.run(Thread.java:745)

juin 09, 2015 6:22:16 PM org.apache.catalina.core.StandardContext startInternal
SEVERE: Error in resourceStart()
juin 09, 2015 6:22:16 PM org.apache.catalina.core.StandardContext startInternal
SEVERE: Error getConfigured
juin 09, 2015 6:22:16 PM org.apache.catalina.core.StandardContext startInternal
SEVERE: Context [/ConversionTempStruts2] startup failed due to previous errors
