sept. 23, 2013 10:31:24 PM org.apache.catalina.core.AprLifecycleListener init
INFO: Loaded APR based Apache Tomcat Native library 1.1.27 using APR version 1.4.6.
sept. 23, 2013 10:31:24 PM org.apache.catalina.core.AprLifecycleListener init
INFO: APR capabilities: IPv6 [true], sendfile [true], accept filters [false], random [true].
sept. 23, 2013 10:31:25 PM org.apache.catalina.core.AprLifecycleListener initializeSSL
INFO: OpenSSL successfully initialized (OpenSSL 1.0.1d 5 Feb 2013)
sept. 23, 2013 10:31:26 PM org.apache.coyote.AbstractProtocol init
INFO: Initializing ProtocolHandler ["http-apr-8080"]
sept. 23, 2013 10:31:26 PM org.apache.coyote.AbstractProtocol init
INFO: Initializing ProtocolHandler ["ajp-apr-8009"]
sept. 23, 2013 10:31:26 PM org.apache.catalina.startup.Catalina load
INFO: Initialization processed in 2436 ms
sept. 23, 2013 10:31:26 PM org.apache.catalina.core.StandardService startInternal
INFO: Starting service Catalina
sept. 23, 2013 10:31:26 PM org.apache.catalina.core.StandardEngine startInternal
INFO: Starting Servlet Engine: Apache Tomcat/7.0.37
sept. 23, 2013 10:31:26 PM org.apache.catalina.startup.HostConfig deployDirectory
INFO: Deploying web application directory C:\apache-tomcat-7.0.37\webapps\docs
sept. 23, 2013 10:31:27 PM org.apache.catalina.startup.HostConfig deployDirectory
INFO: Deploying web application directory C:\apache-tomcat-7.0.37\webapps\examples
sept. 23, 2013 10:31:27 PM org.apache.catalina.startup.HostConfig deployDirectory
INFO: Deploying web application directory C:\apache-tomcat-7.0.37\webapps\host-manager
sept. 23, 2013 10:31:27 PM org.apache.catalina.startup.HostConfig deployDirectory
INFO: Deploying web application directory C:\apache-tomcat-7.0.37\webapps\manager
sept. 23, 2013 10:31:27 PM org.apache.catalina.startup.HostConfig deployDirectory
INFO: Deploying web application directory C:\apache-tomcat-7.0.37\webapps\ROOT
sept. 23, 2013 10:31:27 PM org.apache.coyote.AbstractProtocol start
INFO: Starting ProtocolHandler ["http-apr-8080"]
sept. 23, 2013 10:31:27 PM org.apache.coyote.AbstractProtocol start
INFO: Starting ProtocolHandler ["ajp-apr-8009"]
sept. 23, 2013 10:31:27 PM org.apache.catalina.startup.Catalina start
INFO: Server startup in 1072 ms
sept. 23, 2013 10:34:27 PM org.apache.catalina.startup.HostConfig deployDirectory
INFO: Deploying web application directory C:\apache-tomcat-7.0.37\webapps\sample
