mars 19, 2014 3:25:09 PM org.apache.catalina.core.AprLifecycleListener init
INFO: Loaded APR based Apache Tomcat Native library 1.1.27 using APR version 1.4.6.
mars 19, 2014 3:25:09 PM org.apache.catalina.core.AprLifecycleListener init
INFO: APR capabilities: IPv6 [true], sendfile [true], accept filters [false], random [true].
mars 19, 2014 3:25:10 PM org.apache.catalina.core.AprLifecycleListener initializeSSL
INFO: OpenSSL successfully initialized (OpenSSL 1.0.1d 5 Feb 2013)
mars 19, 2014 3:25:11 PM org.apache.coyote.AbstractProtocol init
INFO: Initializing ProtocolHandler ["http-apr-8085"]
mars 19, 2014 3:25:11 PM org.apache.coyote.AbstractProtocol init
INFO: Initializing ProtocolHandler ["ajp-apr-8009"]
mars 19, 2014 3:25:11 PM org.apache.coyote.AbstractProtocol init
SEVERE: Failed to initialize end point associated with ProtocolHandler ["ajp-apr-8009"]
java.lang.Exception: Socket bind failed: [730048] Only one usage of each socket address (protocol/network address/port) is normally permitted.  
	at org.apache.tomcat.util.net.AprEndpoint.bind(AprEndpoint.java:446)
	at org.apache.tomcat.util.net.AbstractEndpoint.init(AbstractEndpoint.java:610)
	at org.apache.coyote.AbstractProtocol.init(AbstractProtocol.java:429)
	at org.apache.catalina.connector.Connector.initInternal(Connector.java:981)
	at org.apache.catalina.util.LifecycleBase.init(LifecycleBase.java:102)
	at org.apache.catalina.core.StandardService.initInternal(StandardService.java:559)
	at org.apache.catalina.util.LifecycleBase.init(LifecycleBase.java:102)
	at org.apache.catalina.core.StandardServer.initInternal(StandardServer.java:814)
	at org.apache.catalina.util.LifecycleBase.init(LifecycleBase.java:102)
	at org.apache.catalina.startup.Catalina.load(Catalina.java:633)
	at org.apache.catalina.startup.Catalina.load(Catalina.java:658)
	at sun.reflect.NativeMethodAccessorImpl.invoke0(Native Method)
	at sun.reflect.NativeMethodAccessorImpl.invoke(NativeMethodAccessorImpl.java:57)
	at sun.reflect.DelegatingMethodAccessorImpl.invoke(DelegatingMethodAccessorImpl.java:43)
	at java.lang.reflect.Method.invoke(Method.java:601)
	at org.apache.catalina.startup.Bootstrap.load(Bootstrap.java:281)
	at org.apache.catalina.startup.Bootstrap.main(Bootstrap.java:455)

mars 19, 2014 3:25:11 PM org.apache.catalina.core.StandardService initInternal
SEVERE: Failed to initialize connector [Connector[AJP/1.3-8009]]
org.apache.catalina.LifecycleException: Failed to initialize component [Connector[AJP/1.3-8009]]
	at org.apache.catalina.util.LifecycleBase.init(LifecycleBase.java:106)
	at org.apache.catalina.core.StandardService.initInternal(StandardService.java:559)
	at org.apache.catalina.util.LifecycleBase.init(LifecycleBase.java:102)
	at org.apache.catalina.core.StandardServer.initInternal(StandardServer.java:814)
	at org.apache.catalina.util.LifecycleBase.init(LifecycleBase.java:102)
	at org.apache.catalina.startup.Catalina.load(Catalina.java:633)
	at org.apache.catalina.startup.Catalina.load(Catalina.java:658)
	at sun.reflect.NativeMethodAccessorImpl.invoke0(Native Method)
	at sun.reflect.NativeMethodAccessorImpl.invoke(NativeMethodAccessorImpl.java:57)
	at sun.reflect.DelegatingMethodAccessorImpl.invoke(DelegatingMethodAccessorImpl.java:43)
	at java.lang.reflect.Method.invoke(Method.java:601)
	at org.apache.catalina.startup.Bootstrap.load(Bootstrap.java:281)
	at org.apache.catalina.startup.Bootstrap.main(Bootstrap.java:455)
Caused by: org.apache.catalina.LifecycleException: Protocol handler initialization failed
	at org.apache.catalina.connector.Connector.initInternal(Connector.java:983)
	at org.apache.catalina.util.LifecycleBase.init(LifecycleBase.java:102)
	... 12 more
Caused by: java.lang.Exception: Socket bind failed: [730048] Only one usage of each socket address (protocol/network address/port) is normally permitted.  
	at org.apache.tomcat.util.net.AprEndpoint.bind(AprEndpoint.java:446)
	at org.apache.tomcat.util.net.AbstractEndpoint.init(AbstractEndpoint.java:610)
	at org.apache.coyote.AbstractProtocol.init(AbstractProtocol.java:429)
	at org.apache.catalina.connector.Connector.initInternal(Connector.java:981)
	... 13 more

mars 19, 2014 3:25:11 PM org.apache.catalina.startup.Catalina load
INFO: Initialization processed in 2049 ms
mars 19, 2014 3:25:11 PM org.apache.catalina.core.StandardService startInternal
INFO: Starting service Catalina
mars 19, 2014 3:25:11 PM org.apache.catalina.core.StandardEngine startInternal
INFO: Starting Servlet Engine: Apache Tomcat/7.0.37
mars 19, 2014 3:25:11 PM org.apache.catalina.startup.HostConfig deployDescriptor
INFO: Deploying configuration descriptor C:\apache-tomcat-7.0.37\conf\Catalina\localhost\exoServiceWeb.xml
mars 19, 2014 3:25:11 PM org.apache.catalina.startup.HostConfig deployDescriptor
INFO: Deploying configuration descriptor C:\apache-tomcat-7.0.37\conf\Catalina\localhost\ROOT.xml
mars 19, 2014 3:25:11 PM org.apache.catalina.startup.HostConfig deployDirectory
INFO: Deploying web application directory C:\apache-tomcat-7.0.37\webapps\docs
mars 19, 2014 3:25:11 PM org.apache.catalina.startup.HostConfig deployDirectory
INFO: Deploying web application directory C:\apache-tomcat-7.0.37\webapps\examples
mars 19, 2014 3:25:12 PM org.apache.catalina.startup.HostConfig deployDirectory
INFO: Deploying web application directory C:\apache-tomcat-7.0.37\webapps\host-manager
mars 19, 2014 3:25:12 PM org.apache.catalina.startup.HostConfig deployDirectory
INFO: Deploying web application directory C:\apache-tomcat-7.0.37\webapps\manager
mars 19, 2014 3:25:12 PM org.apache.coyote.AbstractProtocol start
INFO: Starting ProtocolHandler ["http-apr-8085"]
mars 19, 2014 3:25:12 PM org.apache.catalina.startup.Catalina start
INFO: Server startup in 1245 ms
mars 19, 2014 3:25:28 PM org.apache.catalina.startup.HostConfig deleteRedeployResources
INFO: Undeploying context [/exoServiceWeb]
mars 19, 2014 3:25:28 PM org.apache.catalina.startup.HostConfig deployDescriptor
INFO: Deploying configuration descriptor C:\apache-tomcat-7.0.37\conf\Catalina\localhost\exoServiceWeb.xml
mars 19, 2014 3:25:35 PM org.apache.catalina.startup.HostConfig deleteRedeployResources
INFO: Undeploying context [/exoServiceWeb]
mars 19, 2014 3:25:36 PM org.apache.catalina.startup.HostConfig deployDescriptor
INFO: Deploying configuration descriptor C:\apache-tomcat-7.0.37\conf\Catalina\localhost\exoServiceWeb.xml
mars 19, 2014 3:25:38 PM org.apache.catalina.startup.HostConfig deleteRedeployResources
INFO: Undeploying context [/exoServiceWeb]
mars 19, 2014 3:25:38 PM org.apache.catalina.startup.HostConfig deployDescriptor
INFO: Deploying configuration descriptor C:\apache-tomcat-7.0.37\conf\Catalina\localhost\exoServiceWeb.xml
mars 19, 2014 3:25:38 PM org.apache.catalina.util.LifecycleBase start
INFO: The start() method was called on component [StandardEngine[Catalina].StandardHost[localhost].StandardContext[/exoServiceWeb]] after start() had already been called. The second call will be ignored.
mars 19, 2014 3:25:46 PM org.apache.catalina.startup.HostConfig deleteRedeployResources
INFO: Undeploying context [/exoServiceWeb]
mars 19, 2014 3:25:46 PM org.apache.catalina.startup.HostConfig deployDescriptor
INFO: Deploying configuration descriptor C:\apache-tomcat-7.0.37\conf\Catalina\localhost\exoServiceWeb.xml
mars 19, 2014 3:29:00 PM org.apache.catalina.startup.HostConfig deployDescriptor
INFO: Deploying configuration descriptor C:\apache-tomcat-7.0.37\conf\Catalina\localhost\WebApplication1.xml
mars 19, 2014 3:29:01 PM com.sun.xml.ws.transport.http.servlet.WSServletContextListener contextInitialized
INFO: WSSERVLET12: JAX-WS context listener initializing
mars 19, 2014 3:29:04 PM com.sun.xml.ws.server.MonitorBase createRoot
INFO: Metro monitoring rootname successfully set to: com.sun.metro:pp=/,type=WSEndpoint,name=/WebApplication1-calc-calcPort
mars 19, 2014 3:29:04 PM com.sun.xml.ws.transport.http.servlet.WSServletDelegate <init>
INFO: WSSERVLET14: JAX-WS servlet initializing
mars 19, 2014 3:29:04 PM org.apache.catalina.util.LifecycleBase start
INFO: The start() method was called on component [StandardEngine[Catalina].StandardHost[localhost].StandardContext[/WebApplication1]] after start() had already been called. The second call will be ignored.
mars 19, 2014 3:29:06 PM org.apache.catalina.startup.HostConfig deployDescriptor
INFO: Deploying configuration descriptor C:\apache-tomcat-7.0.37\conf\Catalina\localhost\WebApplication1.xml
mars 19, 2014 3:29:07 PM com.sun.xml.ws.transport.http.servlet.WSServletContextListener contextInitialized
INFO: WSSERVLET12: JAX-WS context listener initializing
mars 19, 2014 3:29:09 PM com.sun.xml.ws.server.MonitorBase createRoot
INFO: Metro monitoring rootname successfully set to: com.sun.metro:pp=/,type=WSEndpoint,name=/WebApplication1-calc-calcPort
mars 19, 2014 3:29:09 PM com.sun.xml.ws.transport.http.servlet.WSServletDelegate <init>
INFO: WSSERVLET14: JAX-WS servlet initializing
mars 19, 2014 3:35:13 PM org.apache.catalina.startup.HostConfig deleteRedeployResources
INFO: Undeploying context [/WebApplication1]
mars 19, 2014 3:35:13 PM com.sun.xml.ws.transport.http.servlet.WSServletDelegate destroy
INFO: WSSERVLET15: JAX-WS servlet destroyed
mars 19, 2014 3:35:13 PM com.sun.xml.ws.server.MonitorBase closeMOM
INFO: Closing Metro monitoring root: com.sun.metro:pp=/,type=WSEndpoint,name=/WebApplication1-calc-calcPort
mars 19, 2014 3:35:13 PM com.sun.xml.ws.transport.http.servlet.WSServletContextListener contextDestroyed
INFO: WSSERVLET13: JAX-WS context listener destroyed
mars 19, 2014 3:35:13 PM org.apache.catalina.loader.WebappClassLoader checkThreadLocalMapForLeaks
SEVERE: The web application [/WebApplication1] created a ThreadLocal with key of type [org.glassfish.gmbal.generic.OperationTracer$1] (value [org.glassfish.gmbal.generic.OperationTracer$1@49e1faa1]) and a value of type [java.util.ArrayList] (value [[]]) but failed to remove it when the web application was stopped. Threads are going to be renewed over time to try and avoid a probable memory leak.
mars 19, 2014 3:35:13 PM org.apache.catalina.loader.WebappClassLoader checkThreadLocalMapForLeaks
SEVERE: The web application [/WebApplication1] created a ThreadLocal with key of type [org.glassfish.gmbal.generic.OperationTracer$1] (value [org.glassfish.gmbal.generic.OperationTracer$1@49e1faa1]) and a value of type [java.util.ArrayList] (value [[]]) but failed to remove it when the web application was stopped. Threads are going to be renewed over time to try and avoid a probable memory leak.
mars 19, 2014 3:35:13 PM org.apache.catalina.loader.WebappClassLoader checkThreadLocalMapForLeaks
SEVERE: The web application [/WebApplication1] created a ThreadLocal with key of type [com.sun.xml.bind.v2.runtime.Coordinator$1] (value [com.sun.xml.bind.v2.runtime.Coordinator$1@130d85ec]) and a value of type [java.lang.Object[]] (value [[Ljava.lang.Object;@5cd352b9]) but failed to remove it when the web application was stopped. Threads are going to be renewed over time to try and avoid a probable memory leak.
mars 19, 2014 3:35:13 PM org.apache.catalina.loader.WebappClassLoader checkThreadLocalMapForLeaks
SEVERE: The web application [/WebApplication1] created a ThreadLocal with key of type [com.sun.xml.bind.v2.ClassFactory$1] (value [com.sun.xml.bind.v2.ClassFactory$1@35dc1f4b]) and a value of type [java.util.WeakHashMap] (value [{class com.sun.xml.ws.runtime.config.TubelineDefinition=java.lang.ref.WeakReference@68a908d, class com.sun.xml.ws.runtime.config.Tubelines=java.lang.ref.WeakReference@73181c55, class java.util.ArrayList=java.lang.ref.WeakReference@33ec4b7b, class com.sun.xml.ws.runtime.config.TubeFactoryList=java.lang.ref.WeakReference@5e4f92de, class javax.xml.bind.annotation.W3CDomHandler=java.lang.ref.WeakReference@3a335d31, class javax.xml.bind.annotation.adapters.CollapsedStringAdapter=java.lang.ref.WeakReference@22b59d1, class com.sun.xml.ws.runtime.config.MetroConfig=java.lang.ref.WeakReference@6c15a973, class com.sun.xml.ws.runtime.config.TubeFactoryConfig=java.lang.ref.WeakReference@227f475}]) but failed to remove it when the web application was stopped. Threads are going to be renewed over time to try and avoid a probable memory leak.
mars 19, 2014 3:35:13 PM org.apache.catalina.startup.ExpandWar deleteDir
SEVERE: [C:\apache-tomcat-7.0.37\work\Catalina\localhost\WebApplication1\loader\META-INF] could not be completely deleted. The presence of the remaining files may cause problems
mars 19, 2014 3:35:13 PM org.apache.catalina.startup.ExpandWar deleteDir
SEVERE: [C:\apache-tomcat-7.0.37\work\Catalina\localhost\WebApplication1\loader] could not be completely deleted. The presence of the remaining files may cause problems
mars 19, 2014 3:35:13 PM org.apache.catalina.startup.ExpandWar deleteDir
SEVERE: [C:\apache-tomcat-7.0.37\work\Catalina\localhost\WebApplication1] could not be completely deleted. The presence of the remaining files may cause problems
mars 19, 2014 3:35:13 PM org.apache.catalina.startup.ExpandWar delete
SEVERE: [C:\apache-tomcat-7.0.37\work\Catalina\localhost\WebApplication1] could not be completely deleted. The presence of the remaining files may cause problems
mars 19, 2014 3:35:13 PM org.apache.catalina.startup.HostConfig deployDescriptor
INFO: Deploying configuration descriptor C:\apache-tomcat-7.0.37\conf\Catalina\localhost\WebApplication1.xml
mars 19, 2014 3:35:13 PM org.apache.catalina.core.StandardContext resourcesStart
SEVERE: Error starting static Resources
java.lang.IllegalArgumentException: Document base C:\TEMP\WebApplication1\build\web does not exist or is not a readable directory
	at org.apache.naming.resources.FileDirContext.setDocBase(FileDirContext.java:138)
	at org.apache.catalina.core.StandardContext.resourcesStart(StandardContext.java:4912)
	at org.apache.catalina.core.StandardContext.startInternal(StandardContext.java:5092)
	at org.apache.catalina.util.LifecycleBase.start(LifecycleBase.java:150)
	at org.apache.catalina.core.ContainerBase.addChildInternal(ContainerBase.java:901)
	at org.apache.catalina.core.ContainerBase.addChild(ContainerBase.java:877)
	at org.apache.catalina.core.StandardHost.addChild(StandardHost.java:633)
	at org.apache.catalina.startup.HostConfig.deployDescriptor(HostConfig.java:657)
	at org.apache.catalina.startup.HostConfig$DeployDescriptor.run(HostConfig.java:1637)
	at java.util.concurrent.Executors$RunnableAdapter.call(Executors.java:471)
	at java.util.concurrent.FutureTask$Sync.innerRun(FutureTask.java:334)
	at java.util.concurrent.FutureTask.run(FutureTask.java:166)
	at java.util.concurrent.ThreadPoolExecutor.runWorker(ThreadPoolExecutor.java:1110)
	at java.util.concurrent.ThreadPoolExecutor$Worker.run(ThreadPoolExecutor.java:603)
	at java.lang.Thread.run(Thread.java:722)

mars 19, 2014 3:35:13 PM org.apache.catalina.core.StandardContext startInternal
SEVERE: Error in resourceStart()
mars 19, 2014 3:35:13 PM org.apache.catalina.core.StandardContext startInternal
SEVERE: Error getConfigured
mars 19, 2014 3:35:13 PM org.apache.catalina.core.StandardContext startInternal
SEVERE: Context [/WebApplication1] startup failed due to previous errors
mars 19, 2014 3:35:20 PM org.apache.catalina.startup.HostConfig deleteRedeployResources
INFO: Undeploying context [/WebApplication1]
mars 19, 2014 3:35:20 PM com.sun.xml.ws.transport.http.servlet.WSServletDelegate destroy
INFO: WSSERVLET15: JAX-WS servlet destroyed
mars 19, 2014 3:35:20 PM com.sun.xml.ws.server.MonitorBase closeMOM
INFO: Closing Metro monitoring root: com.sun.metro:pp=/,type=WSEndpoint,name=/WebApplication1-calc-calcPort
mars 19, 2014 3:35:20 PM com.sun.xml.ws.transport.http.servlet.WSServletContextListener contextDestroyed
INFO: WSSERVLET13: JAX-WS context listener destroyed
mars 19, 2014 3:35:20 PM org.apache.catalina.loader.WebappClassLoader checkThreadLocalMapForLeaks
SEVERE: The web application [/WebApplication1] created a ThreadLocal with key of type [org.glassfish.gmbal.generic.OperationTracer$1] (value [org.glassfish.gmbal.generic.OperationTracer$1@3f22f41e]) and a value of type [java.util.ArrayList] (value [[]]) but failed to remove it when the web application was stopped. Threads are going to be renewed over time to try and avoid a probable memory leak.
mars 19, 2014 3:35:20 PM org.apache.catalina.startup.ExpandWar deleteDir
SEVERE: [C:\apache-tomcat-7.0.37\work\Catalina\localhost\WebApplication1\loader\META-INF] could not be completely deleted. The presence of the remaining files may cause problems
mars 19, 2014 3:35:20 PM org.apache.catalina.startup.ExpandWar deleteDir
SEVERE: [C:\apache-tomcat-7.0.37\work\Catalina\localhost\WebApplication1\loader] could not be completely deleted. The presence of the remaining files may cause problems
mars 19, 2014 3:35:20 PM org.apache.catalina.startup.ExpandWar deleteDir
SEVERE: [C:\apache-tomcat-7.0.37\work\Catalina\localhost\WebApplication1] could not be completely deleted. The presence of the remaining files may cause problems
mars 19, 2014 3:35:20 PM org.apache.catalina.startup.ExpandWar delete
SEVERE: [C:\apache-tomcat-7.0.37\work\Catalina\localhost\WebApplication1] could not be completely deleted. The presence of the remaining files may cause problems
mars 19, 2014 3:35:20 PM org.apache.catalina.startup.HostConfig deployDescriptor
INFO: Deploying configuration descriptor C:\apache-tomcat-7.0.37\conf\Catalina\localhost\WebApplication1.xml
mars 19, 2014 3:35:20 PM org.apache.catalina.core.StandardContext resourcesStart
SEVERE: Error starting static Resources
java.lang.IllegalArgumentException: Document base C:\TEMP\WebApplication1\build\web does not exist or is not a readable directory
	at org.apache.naming.resources.FileDirContext.setDocBase(FileDirContext.java:138)
	at org.apache.catalina.core.StandardContext.resourcesStart(StandardContext.java:4912)
	at org.apache.catalina.core.StandardContext.startInternal(StandardContext.java:5092)
	at org.apache.catalina.util.LifecycleBase.start(LifecycleBase.java:150)
	at org.apache.catalina.core.ContainerBase.addChildInternal(ContainerBase.java:901)
	at org.apache.catalina.core.ContainerBase.addChild(ContainerBase.java:877)
	at org.apache.catalina.core.StandardHost.addChild(StandardHost.java:633)
	at org.apache.catalina.startup.HostConfig.deployDescriptor(HostConfig.java:657)
	at org.apache.catalina.startup.HostConfig$DeployDescriptor.run(HostConfig.java:1637)
	at java.util.concurrent.Executors$RunnableAdapter.call(Executors.java:471)
	at java.util.concurrent.FutureTask$Sync.innerRun(FutureTask.java:334)
	at java.util.concurrent.FutureTask.run(FutureTask.java:166)
	at java.util.concurrent.ThreadPoolExecutor.runWorker(ThreadPoolExecutor.java:1110)
	at java.util.concurrent.ThreadPoolExecutor$Worker.run(ThreadPoolExecutor.java:603)
	at java.lang.Thread.run(Thread.java:722)

mars 19, 2014 3:35:20 PM org.apache.catalina.core.StandardContext startInternal
SEVERE: Error in resourceStart()
mars 19, 2014 3:35:20 PM org.apache.catalina.core.StandardContext startInternal
SEVERE: Error getConfigured
mars 19, 2014 3:35:20 PM org.apache.catalina.core.StandardContext startInternal
SEVERE: Context [/WebApplication1] startup failed due to previous errors
mars 19, 2014 3:47:24 PM org.apache.catalina.core.StandardServer await
INFO: A valid shutdown command was received via the shutdown port. Stopping the Server instance.
mars 19, 2014 3:47:24 PM org.apache.coyote.AbstractProtocol pause
INFO: Pausing ProtocolHandler ["http-apr-8085"]
mars 19, 2014 3:47:24 PM org.apache.coyote.AbstractProtocol pause
INFO: Pausing ProtocolHandler ["ajp-apr-8009"]
mars 19, 2014 3:47:24 PM org.apache.catalina.core.StandardService stopInternal
INFO: Stopping service Catalina
mars 19, 2014 3:47:24 PM org.apache.coyote.AbstractProtocol stop
INFO: Stopping ProtocolHandler ["http-apr-8085"]
mars 19, 2014 3:47:25 PM org.apache.coyote.AbstractProtocol destroy
INFO: Destroying ProtocolHandler ["http-apr-8085"]
mars 19, 2014 3:47:25 PM org.apache.coyote.AbstractProtocol stop
INFO: Stopping ProtocolHandler ["ajp-apr-8009"]
mars 19, 2014 3:47:25 PM org.apache.coyote.AbstractProtocol destroy
INFO: Destroying ProtocolHandler ["ajp-apr-8009"]
