juil. 16, 2016 5:01:33 PM org.apache.catalina.core.AprLifecycleListener init
INFO: The APR based Apache Tomcat Native library which allows optimal performance in production environments was not found on the java.library.path: C:\Program Files (x86)\Java\jdk1.8.0_25\bin;C:\Windows\Sun\Java\bin;C:\Windows\system32;C:\Windows;C:\Program Files\Java\jdk1.7.0_10\bin ;F:\app\administrateur\product\11.2.0\client_1;F:\app\administrateur\product\11.2.0\client_1\bin;F:\app\administrateur\product\11.2.0\dbhome_1\bin;C:\Program Files (x86)\NVIDIA Corporation\PhysX\Common;C:\Windows\system32;C:\Windows;C:\Windows\System32\Wbem;C:\Windows\System32\WindowsPowerShell\v1.0\;C:\Program Files (x86)\Druide\Antidote 7\Programmes32;C:\Program Files (x86)\Druide\Antidote 7\Programmes64;C:\Program Files (x86)\MySQL\MySQL Utilities 1.3.4\;C:\Program Files (x86)\QuickTime\QTSystem\;C:\Program Files\Microsoft\Web Platform Installer\;C:\Program Files (x86)\Windows Kits\8.1\Windows Performance Toolkit\;C:\Program Files (x86)\Microsoft SDKs\TypeScript\1.0\;C:\Program Files\Microsoft SQL Server\120\Tools\Binn\;C:\Program Files (x86)\Microsoft SQL Server\120\Tools\Binn\ManagementStudio\;C:\Program Files (x86)\Microsoft SQL Server\120\Tools\Binn\;C:\Program Files (x86)\Microsoft Visual Studio 12.0\Common7\IDE\PrivateAssemblies\;C:\Program Files (x86)\Microsoft SQL Server\120\DTS\Binn\;C:\Program Files\Java\jdk1.7.0_10\bin;C:\Python34;C:\Program Files\Java\jdk1.7.0_10\bin ;C:\Program Files\Java\jdk1.7.0_10\bin ;F:\app\administrateur\product\11.2.0\client_1;F:\app\administrateur\product\11.2.0\client_1\bin;F:\app\administrateur\product\11.2.0\dbhome_1\bin;C:\Program Files (x86)\NVIDIA Corporation\PhysX\Common;C:\Windows\system32;C:\Windows;C:\Windows\System32\Wbem;C:\Windows\System32\WindowsPowerShell\v1.0\;C:\Program Files (x86)\Druide\Antidote 7\Programmes32;C:\Program Files (x86)\Druide\Antidote 7\Programmes64;C:\Program Files (x86)\MySQL\MySQL Utilities 1.3.4\;C:\Program Files (x86)\QuickTime\QTSystem\;C:\Program Files\Microsoft\Web Platform Installer\;C:\Program Files (x86)\Windows Kits\8.1\Windows Performance Toolkit\;C:\Program Files (x86)\Microsoft SDKs\TypeScript\1.0\;C:\Program Files\Microsoft SQL Server\120\Tools\Binn\;C:\Program Files (x86)\Microsoft SQL Server\120\Tools\Binn\ManagementStudio\;C:\Program Files (x86)\Microsoft SQL Server\120\Tools\Binn\;C:\Program Files (x86)\Microsoft Visual Studio 12.0\Common7\IDE\PrivateAssemblies\;C:\Program Files (x86)\Microsoft SQL Server\120\DTS\Binn\;.
juil. 16, 2016 5:01:34 PM org.apache.coyote.AbstractProtocol init
INFO: Initializing ProtocolHandler ["http-bio-8085"]
juil. 16, 2016 5:01:34 PM org.apache.coyote.AbstractProtocol init
INFO: Initializing ProtocolHandler ["ajp-bio-8009"]
juil. 16, 2016 5:01:34 PM org.apache.catalina.startup.Catalina load
INFO: Initialization processed in 2020 ms
juil. 16, 2016 5:01:34 PM org.apache.catalina.core.StandardService startInternal
INFO: Starting service Catalina
juil. 16, 2016 5:01:34 PM org.apache.catalina.core.StandardEngine startInternal
INFO: Starting Servlet Engine: Apache Tomcat/7.0.37
juil. 16, 2016 5:01:34 PM org.apache.catalina.startup.HostConfig deployDescriptor
INFO: Deploying configuration descriptor C:\apache-tomcat-7.0.37\conf\Catalina\localhost\AgenceVoyage.xml
juil. 16, 2016 5:01:34 PM org.apache.catalina.core.StandardContext resourcesStart
SEVERE: Error starting static Resources
java.lang.IllegalArgumentException: Document base I:\bdeb\cours dev Web\New folder\AgenceVoyage\build\web does not exist or is not a readable directory
	at org.apache.naming.resources.FileDirContext.setDocBase(FileDirContext.java:138)
	at org.apache.catalina.core.StandardContext.resourcesStart(StandardContext.java:4912)
	at org.apache.catalina.core.StandardContext.startInternal(StandardContext.java:5092)
	at org.apache.catalina.util.LifecycleBase.start(LifecycleBase.java:150)
	at org.apache.catalina.core.ContainerBase.addChildInternal(ContainerBase.java:901)
	at org.apache.catalina.core.ContainerBase.addChild(ContainerBase.java:877)
	at org.apache.catalina.core.StandardHost.addChild(StandardHost.java:633)
	at org.apache.catalina.startup.HostConfig.deployDescriptor(HostConfig.java:657)
	at org.apache.catalina.startup.HostConfig$DeployDescriptor.run(HostConfig.java:1637)
	at java.util.concurrent.Executors$RunnableAdapter.call(Executors.java:511)
	at java.util.concurrent.FutureTask.run(FutureTask.java:266)
	at java.util.concurrent.ThreadPoolExecutor.runWorker(ThreadPoolExecutor.java:1142)
	at java.util.concurrent.ThreadPoolExecutor$Worker.run(ThreadPoolExecutor.java:617)
	at java.lang.Thread.run(Thread.java:745)

juil. 16, 2016 5:01:34 PM org.apache.catalina.core.StandardContext startInternal
SEVERE: Error in resourceStart()
juil. 16, 2016 5:01:34 PM org.apache.catalina.core.StandardContext startInternal
SEVERE: Error getConfigured
juil. 16, 2016 5:01:34 PM org.apache.catalina.core.StandardContext startInternal
SEVERE: Context [/AgenceVoyage] startup failed due to previous errors
juil. 16, 2016 5:01:34 PM org.apache.catalina.startup.HostConfig deployDescriptor
INFO: Deploying configuration descriptor C:\apache-tomcat-7.0.37\conf\Catalina\localhost\FileUploadExample.xml
juil. 16, 2016 5:01:36 PM org.apache.catalina.util.SessionIdGenerator createSecureRandom
INFO: Creation of SecureRandom instance for session ID generation using [SHA1PRNG] took [248] milliseconds.
juil. 16, 2016 5:01:36 PM org.apache.catalina.startup.HostConfig deployDescriptor
INFO: Deploying configuration descriptor C:\apache-tomcat-7.0.37\conf\Catalina\localhost\prepFinalAgenceVoyage.xml
juil. 16, 2016 5:01:36 PM org.apache.catalina.core.StandardContext resourcesStart
SEVERE: Error starting static Resources
java.lang.IllegalArgumentException: Document base I:\bdeb\cours dev Web\New folder\prepFinalAgenceVoyage\build\web does not exist or is not a readable directory
	at org.apache.naming.resources.FileDirContext.setDocBase(FileDirContext.java:138)
	at org.apache.catalina.core.StandardContext.resourcesStart(StandardContext.java:4912)
	at org.apache.catalina.core.StandardContext.startInternal(StandardContext.java:5092)
	at org.apache.catalina.util.LifecycleBase.start(LifecycleBase.java:150)
	at org.apache.catalina.core.ContainerBase.addChildInternal(ContainerBase.java:901)
	at org.apache.catalina.core.ContainerBase.addChild(ContainerBase.java:877)
	at org.apache.catalina.core.StandardHost.addChild(StandardHost.java:633)
	at org.apache.catalina.startup.HostConfig.deployDescriptor(HostConfig.java:657)
	at org.apache.catalina.startup.HostConfig$DeployDescriptor.run(HostConfig.java:1637)
	at java.util.concurrent.Executors$RunnableAdapter.call(Executors.java:511)
	at java.util.concurrent.FutureTask.run(FutureTask.java:266)
	at java.util.concurrent.ThreadPoolExecutor.runWorker(ThreadPoolExecutor.java:1142)
	at java.util.concurrent.ThreadPoolExecutor$Worker.run(ThreadPoolExecutor.java:617)
	at java.lang.Thread.run(Thread.java:745)

juil. 16, 2016 5:01:36 PM org.apache.catalina.core.StandardContext startInternal
SEVERE: Error in resourceStart()
juil. 16, 2016 5:01:36 PM org.apache.catalina.core.StandardContext startInternal
SEVERE: Error getConfigured
juil. 16, 2016 5:01:36 PM org.apache.catalina.core.StandardContext startInternal
SEVERE: Context [/prepFinalAgenceVoyage] startup failed due to previous errors
juil. 16, 2016 5:01:36 PM org.apache.catalina.startup.HostConfig deployDescriptor
INFO: Deploying configuration descriptor C:\apache-tomcat-7.0.37\conf\Catalina\localhost\ROOT.xml
juil. 16, 2016 5:01:37 PM org.apache.catalina.startup.HostConfig deployDescriptor
INFO: Deploying configuration descriptor C:\apache-tomcat-7.0.37\conf\Catalina\localhost\SpringTest.xml
juil. 16, 2016 5:01:40 PM org.springframework.web.context.ContextLoader initWebApplicationContext
INFO: Root WebApplicationContext: initialization started
juil. 16, 2016 5:01:40 PM org.springframework.context.support.AbstractApplicationContext prepareRefresh
INFO: Refreshing Root WebApplicationContext: startup date [Sat Jul 16 17:01:40 EDT 2016]; root of context hierarchy
juil. 16, 2016 5:01:40 PM org.springframework.beans.factory.xml.XmlBeanDefinitionReader loadBeanDefinitions
INFO: Loading XML bean definitions from ServletContext resource [/WEB-INF/applicationContext.xml]
juil. 16, 2016 5:01:40 PM org.springframework.web.context.ContextLoader initWebApplicationContext
INFO: Root WebApplicationContext: initialization completed in 397 ms
juil. 16, 2016 5:01:40 PM org.springframework.web.servlet.FrameworkServlet initServletBean
INFO: FrameworkServlet 'dispatcher': initialization started
juil. 16, 2016 5:01:40 PM org.springframework.context.support.AbstractApplicationContext prepareRefresh
INFO: Refreshing WebApplicationContext for namespace 'dispatcher-servlet': startup date [Sat Jul 16 17:01:40 EDT 2016]; parent: Root WebApplicationContext
juil. 16, 2016 5:01:40 PM org.springframework.beans.factory.xml.XmlBeanDefinitionReader loadBeanDefinitions
INFO: Loading XML bean definitions from ServletContext resource [/WEB-INF/dispatcher-servlet.xml]
juil. 16, 2016 5:01:41 PM org.springframework.web.servlet.handler.AbstractUrlHandlerMapping registerHandler
INFO: Mapped URL path [/index.htm] onto handler 'indexController'
juil. 16, 2016 5:01:41 PM org.springframework.web.servlet.FrameworkServlet initServletBean
INFO: FrameworkServlet 'dispatcher': initialization completed in 257 ms
juil. 16, 2016 5:01:41 PM org.apache.catalina.startup.HostConfig deployWAR
INFO: Deploying web application archive C:\apache-tomcat-7.0.37\webapps\demospringmvc.war
juil. 16, 2016 5:01:42 PM org.apache.catalina.startup.HostConfig deployDirectory
INFO: Deploying web application directory C:\apache-tomcat-7.0.37\webapps\examples
juil. 16, 2016 5:01:42 PM org.apache.catalina.startup.HostConfig deployDirectory
INFO: Deploying web application directory C:\apache-tomcat-7.0.37\webapps\host-manager
juil. 16, 2016 5:01:42 PM org.apache.catalina.startup.HostConfig deployDirectory
INFO: Deploying web application directory C:\apache-tomcat-7.0.37\webapps\manager
juil. 16, 2016 5:01:42 PM org.apache.coyote.AbstractProtocol start
INFO: Starting ProtocolHandler ["http-bio-8085"]
juil. 16, 2016 5:01:42 PM org.apache.coyote.AbstractProtocol start
INFO: Starting ProtocolHandler ["ajp-bio-8009"]
juil. 16, 2016 5:01:42 PM org.apache.catalina.startup.Catalina start
INFO: Server startup in 8339 ms
juil. 16, 2016 5:01:44 PM org.apache.catalina.startup.HostConfig deployDescriptor
INFO: Deploying configuration descriptor C:\apache-tomcat-7.0.37\conf\Catalina\localhost\ProjetWeb.xml
juil. 16, 2016 5:01:45 PM org.apache.catalina.util.LifecycleBase start
INFO: The start() method was called on component [StandardEngine[Catalina].StandardHost[localhost].StandardContext[/ProjetWeb]] after start() had already been called. The second call will be ignored.
juil. 16, 2016 5:01:46 PM org.apache.jasper.compiler.TldLocationsCache tldScanJar
INFO: At least one JAR was scanned for TLDs yet contained no TLDs. Enable debug logging for this logger for a complete list of JARs that were scanned but no TLDs were found in them. Skipping unneeded JARs during scanning can improve startup time and JSP compilation time.
juil. 16, 2016 5:05:52 PM org.apache.catalina.startup.HostConfig deployDescriptor
INFO: Deploying configuration descriptor C:\apache-tomcat-7.0.37\conf\Catalina\localhost\Quebeccovoiturage_Web_final.xml
juil. 16, 2016 5:05:54 PM org.springframework.web.context.ContextLoader initWebApplicationContext
INFO: Root WebApplicationContext: initialization started
juil. 16, 2016 5:05:54 PM org.springframework.context.support.AbstractApplicationContext prepareRefresh
INFO: Refreshing Root WebApplicationContext: startup date [Sat Jul 16 17:05:54 EDT 2016]; root of context hierarchy
juil. 16, 2016 5:05:54 PM org.springframework.beans.factory.xml.XmlBeanDefinitionReader loadBeanDefinitions
INFO: Loading XML bean definitions from ServletContext resource [/WEB-INF/applicationContext.xml]
juil. 16, 2016 5:05:54 PM org.springframework.web.context.ContextLoader initWebApplicationContext
INFO: Root WebApplicationContext: initialization completed in 225 ms
juil. 16, 2016 5:05:54 PM org.springframework.web.servlet.FrameworkServlet initServletBean
INFO: FrameworkServlet 'dispatcher': initialization started
juil. 16, 2016 5:05:54 PM org.springframework.context.support.AbstractApplicationContext prepareRefresh
INFO: Refreshing WebApplicationContext for namespace 'dispatcher-servlet': startup date [Sat Jul 16 17:05:54 EDT 2016]; parent: Root WebApplicationContext
juil. 16, 2016 5:05:54 PM org.springframework.beans.factory.xml.XmlBeanDefinitionReader loadBeanDefinitions
INFO: Loading XML bean definitions from ServletContext resource [/WEB-INF/dispatcher-servlet.xml]
juil. 16, 2016 5:05:55 PM org.springframework.web.servlet.handler.AbstractHandlerMethodMapping registerHandlerMethod
INFO: Mapped "{[/connexion],methods=[POST],params=[],headers=[],consumes=[],produces=[],custom=[]}" onto public java.lang.String mvc.control.MasterController.login(java.lang.String,java.lang.String,org.springframework.ui.ModelMap)
juil. 16, 2016 5:05:55 PM org.springframework.web.servlet.handler.AbstractHandlerMethodMapping registerHandlerMethod
INFO: Mapped "{[/deconnexion],methods=[GET],params=[],headers=[],consumes=[],produces=[],custom=[]}" onto public java.lang.String mvc.control.MasterController.logout(javax.servlet.http.HttpSession,org.springframework.ui.Model)
juil. 16, 2016 5:05:55 PM org.springframework.web.servlet.handler.AbstractHandlerMethodMapping registerHandlerMethod
INFO: Mapped "{[/home],methods=[GET],params=[],headers=[],consumes=[],produces=[],custom=[]}" onto public java.lang.String mvc.control.MasterController.showHomePage(javax.servlet.http.HttpSession)
juil. 16, 2016 5:05:55 PM org.springframework.web.servlet.handler.AbstractHandlerMethodMapping registerHandlerMethod
INFO: Mapped "{[/aide],methods=[GET],params=[],headers=[],consumes=[],produces=[],custom=[]}" onto public java.lang.String mvc.control.MasterController.showHelpPage()
juil. 16, 2016 5:05:55 PM org.springframework.web.servlet.handler.AbstractHandlerMethodMapping registerHandlerMethod
INFO: Mapped "{[/apropos],methods=[GET],params=[],headers=[],consumes=[],produces=[],custom=[]}" onto public java.lang.String mvc.control.MasterController.showAboutPage()
juil. 16, 2016 5:05:55 PM org.springframework.web.servlet.handler.AbstractHandlerMethodMapping registerHandlerMethod
INFO: Mapped "{[/chercher_trajet],methods=[GET],params=[],headers=[],consumes=[],produces=[],custom=[]}" onto public java.lang.String mvc.control.MasterController.showFindWayPage()
juil. 16, 2016 5:05:55 PM org.springframework.web.servlet.handler.AbstractHandlerMethodMapping registerHandlerMethod
INFO: Mapped "{[/connexion],methods=[GET],params=[],headers=[],consumes=[],produces=[],custom=[]}" onto public java.lang.String mvc.control.MasterController.showLoginPage()
juil. 16, 2016 5:05:55 PM org.springframework.web.servlet.handler.AbstractHandlerMethodMapping registerHandlerMethod
INFO: Mapped "{[/chercher_trajet],methods=[POST],params=[],headers=[],consumes=[],produces=[],custom=[]}" onto public java.lang.String mvc.control.MasterController.showAllPaths(java.lang.String,java.lang.String,java.lang.String,org.springframework.ui.ModelMap) throws java.text.ParseException
juil. 16, 2016 5:05:55 PM org.springframework.web.servlet.handler.AbstractHandlerMethodMapping registerHandlerMethod
INFO: Mapped "{[/vostrajets],methods=[GET],params=[],headers=[],consumes=[],produces=[],custom=[]}" onto public java.lang.String mvc.control.MasterController.showYourPaths(javax.servlet.http.HttpSession,org.springframework.ui.ModelMap)
juil. 16, 2016 5:05:55 PM org.springframework.web.servlet.handler.AbstractHandlerMethodMapping registerHandlerMethod
INFO: Mapped "{[/supprimerTrajet],methods=[GET],params=[trajetId],headers=[],consumes=[],produces=[],custom=[]}" onto public java.lang.String mvc.control.MasterController.deleteYourPaths(java.lang.String)
juil. 16, 2016 5:05:55 PM org.springframework.web.servlet.handler.AbstractHandlerMethodMapping registerHandlerMethod
INFO: Mapped "{[/nouveautrajet],methods=[GET],params=[],headers=[],consumes=[],produces=[],custom=[]}" onto public java.lang.String mvc.control.MasterController.showPathPage()
juil. 16, 2016 5:05:55 PM org.springframework.web.servlet.handler.AbstractHandlerMethodMapping registerHandlerMethod
INFO: Mapped "{[/trajet],methods=[POST],params=[],headers=[],consumes=[],produces=[],custom=[]}" onto public java.lang.String mvc.control.MasterController.addnewPath(java.lang.String,java.lang.String,java.lang.String,java.lang.String,java.lang.String,javax.servlet.http.HttpSession,org.springframework.ui.ModelMap) throws java.text.ParseException
juil. 16, 2016 5:05:55 PM org.springframework.web.servlet.handler.AbstractHandlerMethodMapping registerHandlerMethod
INFO: Mapped "{[/inscription],methods=[POST],params=[],headers=[],consumes=[],produces=[],custom=[]}" onto public java.lang.String mvc.control.MasterController.saveUser(java.lang.String,java.lang.String,java.lang.String,java.lang.String,java.lang.String,java.lang.String,java.lang.String,java.lang.String,java.lang.String,java.lang.String,java.lang.String,java.lang.String,org.springframework.ui.ModelMap) throws java.text.ParseException
juil. 16, 2016 5:05:55 PM org.springframework.web.servlet.handler.AbstractHandlerMethodMapping registerHandlerMethod
INFO: Mapped "{[/new],methods=[GET],params=[],headers=[],consumes=[],produces=[],custom=[]}" onto public java.lang.String mvc.control.MasterController.showRegistrationPage(org.springframework.ui.Model)
juil. 16, 2016 5:05:55 PM org.springframework.web.servlet.FrameworkServlet initServletBean
INFO: FrameworkServlet 'dispatcher': initialization completed in 907 ms
juil. 16, 2016 5:05:55 PM org.apache.catalina.util.LifecycleBase start
INFO: The start() method was called on component [StandardEngine[Catalina].StandardHost[localhost].StandardContext[/Quebeccovoiturage_Web_final]] after start() had already been called. The second call will be ignored.
juil. 16, 2016 5:07:09 PM org.hibernate.annotations.common.reflection.java.JavaReflectionManager <clinit>
INFO: HCANN000001: Hibernate Commons Annotations {4.0.4.Final}
juil. 16, 2016 5:07:09 PM org.hibernate.Version logVersion
INFO: HHH000412: Hibernate Core {4.3.1.Final}
juil. 16, 2016 5:07:09 PM org.hibernate.cfg.Environment <clinit>
INFO: HHH000206: hibernate.properties not found
juil. 16, 2016 5:07:09 PM org.hibernate.cfg.Environment buildBytecodeProvider
INFO: HHH000021: Bytecode provider name : javassist
juil. 16, 2016 5:07:09 PM org.hibernate.cfg.Configuration configure
INFO: HHH000043: Configuring from resource: /hibernate.cfg.xml
juil. 16, 2016 5:07:09 PM org.hibernate.cfg.Configuration getConfigurationInputStream
INFO: HHH000040: Configuration resource: /hibernate.cfg.xml
juil. 16, 2016 5:07:09 PM org.hibernate.internal.util.xml.DTDEntityResolver resolveEntity
WARN: HHH000223: Recognized obsolete hibernate namespace http://hibernate.sourceforge.net/. Use namespace http://www.hibernate.org/dtd/ instead. Refer to Hibernate 3.6 Migration Guide!
juil. 16, 2016 5:07:09 PM org.hibernate.cfg.Configuration addResource
INFO: HHH000221: Reading mappings from resource: beans/Utilisateurs.hbm.xml
juil. 16, 2016 5:07:09 PM org.hibernate.cfg.Configuration addResource
INFO: HHH000221: Reading mappings from resource: beans/Cartecredit.hbm.xml
juil. 16, 2016 5:07:09 PM org.hibernate.cfg.Configuration addResource
INFO: HHH000221: Reading mappings from resource: beans/Trajets.hbm.xml
juil. 16, 2016 5:07:09 PM org.hibernate.cfg.Configuration addResource
INFO: HHH000221: Reading mappings from resource: beans/Transactions.hbm.xml
juil. 16, 2016 5:07:09 PM org.hibernate.cfg.Configuration doConfigure
INFO: HHH000041: Configured SessionFactory: null
juil. 16, 2016 5:07:09 PM org.hibernate.engine.jdbc.connections.internal.DriverManagerConnectionProviderImpl configure
WARN: HHH000402: Using Hibernate built-in connection pool (not for production use!)
juil. 16, 2016 5:07:09 PM org.hibernate.engine.jdbc.connections.internal.DriverManagerConnectionProviderImpl buildCreator
INFO: HHH000401: using driver [oracle.jdbc.OracleDriver] at URL [jdbc:oracle:thin:@oracleadudb1.bdeb.qc.ca:1521:GDNA10]
juil. 16, 2016 5:07:09 PM org.hibernate.engine.jdbc.connections.internal.DriverManagerConnectionProviderImpl buildCreator
INFO: HHH000046: Connection properties: {user=UG214E14, password=****}
juil. 16, 2016 5:07:09 PM org.hibernate.engine.jdbc.connections.internal.DriverManagerConnectionProviderImpl buildCreator
INFO: HHH000006: Autocommit mode: false
juil. 16, 2016 5:07:09 PM org.hibernate.engine.jdbc.connections.internal.DriverManagerConnectionProviderImpl configure
INFO: HHH000115: Hibernate connection pool size: 1 (min=1)
juil. 16, 2016 5:07:10 PM org.hibernate.dialect.Dialect <init>
INFO: HHH000400: Using dialect: org.hibernate.dialect.OracleDialect
juil. 16, 2016 5:07:10 PM org.hibernate.dialect.Oracle9Dialect <init>
WARN: HHH000063: The Oracle9Dialect dialect has been deprecated; use either Oracle9iDialect or Oracle10gDialect instead
juil. 16, 2016 5:07:10 PM org.hibernate.dialect.OracleDialect <init>
WARN: HHH000064: The OracleDialect dialect has been deprecated; use Oracle8iDialect instead
juil. 16, 2016 5:07:10 PM org.hibernate.engine.transaction.internal.TransactionFactoryInitiator initiateService
INFO: HHH000399: Using default transaction strategy (direct JDBC transactions)
juil. 16, 2016 5:07:10 PM org.hibernate.hql.internal.ast.ASTQueryTranslatorFactory <init>
INFO: HHH000397: Using ASTQueryTranslatorFactory
juil. 16, 2016 5:53:26 PM org.apache.catalina.core.StandardServer await
INFO: A valid shutdown command was received via the shutdown port. Stopping the Server instance.
juil. 16, 2016 5:53:26 PM org.apache.coyote.AbstractProtocol pause
INFO: Pausing ProtocolHandler ["http-bio-8085"]
juil. 16, 2016 5:53:26 PM org.apache.coyote.AbstractProtocol pause
INFO: Pausing ProtocolHandler ["ajp-bio-8009"]
juil. 16, 2016 5:53:26 PM org.apache.catalina.core.StandardService stopInternal
INFO: Stopping service Catalina
juil. 16, 2016 5:53:26 PM org.apache.catalina.loader.WebappClassLoader clearReferencesJdbc
SEVERE: The web application [/ProjetWeb] registered the JDBC driver [oracle.jdbc.OracleDriver] but failed to unregister it when the web application was stopped. To prevent a memory leak, the JDBC Driver has been forcibly unregistered.
juil. 16, 2016 5:53:26 PM org.springframework.context.support.AbstractApplicationContext doClose
INFO: Closing WebApplicationContext for namespace 'dispatcher-servlet': startup date [Sat Jul 16 17:01:40 EDT 2016]; parent: Root WebApplicationContext
juil. 16, 2016 5:53:26 PM org.springframework.context.support.AbstractApplicationContext doClose
INFO: Closing Root WebApplicationContext: startup date [Sat Jul 16 17:01:40 EDT 2016]; root of context hierarchy
juil. 16, 2016 5:53:26 PM org.springframework.context.support.AbstractApplicationContext doClose
INFO: Closing WebApplicationContext for namespace 'dispatcher-servlet': startup date [Sat Jul 16 17:05:54 EDT 2016]; parent: Root WebApplicationContext
juil. 16, 2016 5:53:26 PM org.springframework.context.support.AbstractApplicationContext doClose
INFO: Closing Root WebApplicationContext: startup date [Sat Jul 16 17:05:54 EDT 2016]; root of context hierarchy
juil. 16, 2016 5:53:26 PM org.apache.catalina.loader.WebappClassLoader clearReferencesJdbc
SEVERE: The web application [/Quebeccovoiturage_Web_final] registered the JDBC driver [oracle.jdbc.OracleDriver] but failed to unregister it when the web application was stopped. To prevent a memory leak, the JDBC Driver has been forcibly unregistered.
juil. 16, 2016 5:53:26 PM org.apache.catalina.loader.WebappClassLoader clearReferencesThreads
SEVERE: The web application [/Quebeccovoiturage_Web_final] appears to have started a thread named [pool-1-thread-1] but has failed to stop it. This is very likely to create a memory leak.
juil. 16, 2016 5:53:26 PM org.apache.coyote.AbstractProtocol stop
INFO: Stopping ProtocolHandler ["http-bio-8085"]
juil. 16, 2016 5:53:26 PM org.apache.coyote.AbstractProtocol stop
INFO: Stopping ProtocolHandler ["ajp-bio-8009"]
juil. 16, 2016 5:53:26 PM org.apache.coyote.AbstractProtocol destroy
INFO: Destroying ProtocolHandler ["http-bio-8085"]
juil. 16, 2016 5:53:26 PM org.apache.coyote.AbstractProtocol destroy
INFO: Destroying ProtocolHandler ["ajp-bio-8009"]
