juin 03, 2016 12:00:03 AM org.apache.catalina.startup.HostConfig deleteRedeployResources
INFO: Undeploying context []
juin 03, 2016 12:00:03 AM org.apache.catalina.startup.HostConfig deployDescriptor
INFO: Deploying configuration descriptor C:\apache-tomcat-7.0.37\conf\Catalina\localhost\ROOT.xml
juin 03, 2016 12:00:04 AM org.apache.catalina.util.LifecycleBase start
INFO: The start() method was called on component [StandardEngine[Catalina].StandardHost[localhost].StandardContext[]] after start() had already been called. The second call will be ignored.
juin 03, 2016 12:01:49 AM org.apache.catalina.startup.HostConfig deleteRedeployResources
INFO: Undeploying context []
juin 03, 2016 12:01:49 AM org.apache.catalina.startup.HostConfig deployDescriptor
INFO: Deploying configuration descriptor C:\apache-tomcat-7.0.37\conf\Catalina\localhost\ROOT.xml
juin 03, 2016 12:02:05 AM org.apache.catalina.core.StandardServer await
INFO: A valid shutdown command was received via the shutdown port. Stopping the Server instance.
juin 03, 2016 12:02:05 AM org.apache.coyote.AbstractProtocol pause
INFO: Pausing ProtocolHandler ["http-bio-8085"]
juin 03, 2016 12:02:05 AM org.apache.coyote.AbstractProtocol pause
INFO: Pausing ProtocolHandler ["ajp-bio-8009"]
juin 03, 2016 12:02:05 AM org.apache.catalina.core.StandardService stopInternal
INFO: Stopping service Catalina
juin 03, 2016 12:02:13 AM org.apache.coyote.AbstractProtocol stop
INFO: Stopping ProtocolHandler ["http-bio-8085"]
juin 03, 2016 12:02:13 AM org.apache.coyote.AbstractProtocol stop
INFO: Stopping ProtocolHandler ["ajp-bio-8009"]
juin 03, 2016 12:02:13 AM org.apache.coyote.AbstractProtocol destroy
INFO: Destroying ProtocolHandler ["http-bio-8085"]
juin 03, 2016 12:02:13 AM org.apache.coyote.AbstractProtocol destroy
INFO: Destroying ProtocolHandler ["ajp-bio-8009"]
juin 03, 2016 12:04:59 AM org.apache.catalina.core.AprLifecycleListener init
INFO: Loaded APR based Apache Tomcat Native library 1.1.27 using APR version 1.4.6.
juin 03, 2016 12:04:59 AM org.apache.catalina.core.AprLifecycleListener init
INFO: APR capabilities: IPv6 [true], sendfile [true], accept filters [false], random [true].
juin 03, 2016 12:05:00 AM org.apache.catalina.core.AprLifecycleListener initializeSSL
INFO: OpenSSL successfully initialized (OpenSSL 1.0.1d 5 Feb 2013)
juin 03, 2016 12:05:01 AM org.apache.coyote.AbstractProtocol init
INFO: Initializing ProtocolHandler ["http-apr-8085"]
juin 03, 2016 12:05:01 AM org.apache.coyote.AbstractProtocol init
INFO: Initializing ProtocolHandler ["ajp-apr-8009"]
juin 03, 2016 12:05:01 AM org.apache.catalina.startup.Catalina load
INFO: Initialization processed in 2042 ms
juin 03, 2016 12:05:01 AM org.apache.catalina.core.StandardService startInternal
INFO: Starting service Catalina
juin 03, 2016 12:05:01 AM org.apache.catalina.core.StandardEngine startInternal
INFO: Starting Servlet Engine: Apache Tomcat/7.0.37
juin 03, 2016 12:05:01 AM org.apache.catalina.startup.HostConfig deployDescriptor
INFO: Deploying configuration descriptor C:\apache-tomcat-7.0.37\conf\Catalina\localhost\AppFormation.xml
juin 03, 2016 12:05:01 AM org.apache.catalina.core.StandardContext resourcesStart
SEVERE: Error starting static Resources
java.lang.IllegalArgumentException: Document base G:\bdeb\cours dev Web\gr mai 2015\intra\travaux\0924345\Andreea_exam_INTRA\AppFormation\build\web does not exist or is not a readable directory
	at org.apache.naming.resources.FileDirContext.setDocBase(FileDirContext.java:138)
	at org.apache.catalina.core.StandardContext.resourcesStart(StandardContext.java:4912)
	at org.apache.catalina.core.StandardContext.startInternal(StandardContext.java:5092)
	at org.apache.catalina.util.LifecycleBase.start(LifecycleBase.java:150)
	at org.apache.catalina.core.ContainerBase.addChildInternal(ContainerBase.java:901)
	at org.apache.catalina.core.ContainerBase.addChild(ContainerBase.java:877)
	at org.apache.catalina.core.StandardHost.addChild(StandardHost.java:633)
	at org.apache.catalina.startup.HostConfig.deployDescriptor(HostConfig.java:657)
	at org.apache.catalina.startup.HostConfig$DeployDescriptor.run(HostConfig.java:1637)
	at java.util.concurrent.Executors$RunnableAdapter.call(Executors.java:471)
	at java.util.concurrent.FutureTask$Sync.innerRun(FutureTask.java:334)
	at java.util.concurrent.FutureTask.run(FutureTask.java:166)
	at java.util.concurrent.ThreadPoolExecutor.runWorker(ThreadPoolExecutor.java:1110)
	at java.util.concurrent.ThreadPoolExecutor$Worker.run(ThreadPoolExecutor.java:603)
	at java.lang.Thread.run(Thread.java:722)

juin 03, 2016 12:05:01 AM org.apache.catalina.core.StandardContext startInternal
SEVERE: Error in resourceStart()
juin 03, 2016 12:05:01 AM org.apache.catalina.core.StandardContext startInternal
SEVERE: Error getConfigured
juin 03, 2016 12:05:01 AM org.apache.catalina.core.StandardContext startInternal
SEVERE: Context [/AppFormation] startup failed due to previous errors
juin 03, 2016 12:05:01 AM org.apache.catalina.startup.HostConfig deployDescriptor
INFO: Deploying configuration descriptor C:\apache-tomcat-7.0.37\conf\Catalina\localhost\ApplicationExamen.xml
juin 03, 2016 12:05:01 AM org.apache.catalina.core.StandardContext resourcesStart
SEVERE: Error starting static Resources
java.lang.IllegalArgumentException: Document base G:\bdeb\cours dev Web\gr mai 2015\intra\travaux\1495638\ExamenIntra420-818DorinMuicaID1495638\build\web does not exist or is not a readable directory
	at org.apache.naming.resources.FileDirContext.setDocBase(FileDirContext.java:138)
	at org.apache.catalina.core.StandardContext.resourcesStart(StandardContext.java:4912)
	at org.apache.catalina.core.StandardContext.startInternal(StandardContext.java:5092)
	at org.apache.catalina.util.LifecycleBase.start(LifecycleBase.java:150)
	at org.apache.catalina.core.ContainerBase.addChildInternal(ContainerBase.java:901)
	at org.apache.catalina.core.ContainerBase.addChild(ContainerBase.java:877)
	at org.apache.catalina.core.StandardHost.addChild(StandardHost.java:633)
	at org.apache.catalina.startup.HostConfig.deployDescriptor(HostConfig.java:657)
	at org.apache.catalina.startup.HostConfig$DeployDescriptor.run(HostConfig.java:1637)
	at java.util.concurrent.Executors$RunnableAdapter.call(Executors.java:471)
	at java.util.concurrent.FutureTask$Sync.innerRun(FutureTask.java:334)
	at java.util.concurrent.FutureTask.run(FutureTask.java:166)
	at java.util.concurrent.ThreadPoolExecutor.runWorker(ThreadPoolExecutor.java:1110)
	at java.util.concurrent.ThreadPoolExecutor$Worker.run(ThreadPoolExecutor.java:603)
	at java.lang.Thread.run(Thread.java:722)

juin 03, 2016 12:05:01 AM org.apache.catalina.core.StandardContext startInternal
SEVERE: Error in resourceStart()
juin 03, 2016 12:05:01 AM org.apache.catalina.core.StandardContext startInternal
SEVERE: Error getConfigured
juin 03, 2016 12:05:01 AM org.apache.catalina.core.StandardContext startInternal
SEVERE: Context [/ApplicationExamen] startup failed due to previous errors
juin 03, 2016 12:05:01 AM org.apache.catalina.startup.HostConfig deployDescriptor
INFO: Deploying configuration descriptor C:\apache-tomcat-7.0.37\conf\Catalina\localhost\ConversionTempStruts2.xml
juin 03, 2016 12:05:01 AM org.apache.catalina.core.StandardContext resourcesStart
SEVERE: Error starting static Resources
java.lang.IllegalArgumentException: Document base G:\bdeb\cours dev Web\notes de cours\struts2\ConversionTempStruts2\build\web does not exist or is not a readable directory
	at org.apache.naming.resources.FileDirContext.setDocBase(FileDirContext.java:138)
	at org.apache.catalina.core.StandardContext.resourcesStart(StandardContext.java:4912)
	at org.apache.catalina.core.StandardContext.startInternal(StandardContext.java:5092)
	at org.apache.catalina.util.LifecycleBase.start(LifecycleBase.java:150)
	at org.apache.catalina.core.ContainerBase.addChildInternal(ContainerBase.java:901)
	at org.apache.catalina.core.ContainerBase.addChild(ContainerBase.java:877)
	at org.apache.catalina.core.StandardHost.addChild(StandardHost.java:633)
	at org.apache.catalina.startup.HostConfig.deployDescriptor(HostConfig.java:657)
	at org.apache.catalina.startup.HostConfig$DeployDescriptor.run(HostConfig.java:1637)
	at java.util.concurrent.Executors$RunnableAdapter.call(Executors.java:471)
	at java.util.concurrent.FutureTask$Sync.innerRun(FutureTask.java:334)
	at java.util.concurrent.FutureTask.run(FutureTask.java:166)
	at java.util.concurrent.ThreadPoolExecutor.runWorker(ThreadPoolExecutor.java:1110)
	at java.util.concurrent.ThreadPoolExecutor$Worker.run(ThreadPoolExecutor.java:603)
	at java.lang.Thread.run(Thread.java:722)

juin 03, 2016 12:05:01 AM org.apache.catalina.core.StandardContext startInternal
SEVERE: Error in resourceStart()
juin 03, 2016 12:05:01 AM org.apache.catalina.core.StandardContext startInternal
SEVERE: Error getConfigured
juin 03, 2016 12:05:01 AM org.apache.catalina.core.StandardContext startInternal
SEVERE: Context [/ConversionTempStruts2] startup failed due to previous errors
juin 03, 2016 12:05:01 AM org.apache.catalina.startup.HostConfig deployDescriptor
INFO: Deploying configuration descriptor C:\apache-tomcat-7.0.37\conf\Catalina\localhost\cookiesETsessions.xml
juin 03, 2016 12:05:01 AM org.apache.catalina.core.StandardContext resourcesStart
SEVERE: Error starting static Resources
java.lang.IllegalArgumentException: Document base H:\bdeb\cours dev Web\notes de cours\jour3\cookiesETsessions\build\web does not exist or is not a readable directory
	at org.apache.naming.resources.FileDirContext.setDocBase(FileDirContext.java:138)
	at org.apache.catalina.core.StandardContext.resourcesStart(StandardContext.java:4912)
	at org.apache.catalina.core.StandardContext.startInternal(StandardContext.java:5092)
	at org.apache.catalina.util.LifecycleBase.start(LifecycleBase.java:150)
	at org.apache.catalina.core.ContainerBase.addChildInternal(ContainerBase.java:901)
	at org.apache.catalina.core.ContainerBase.addChild(ContainerBase.java:877)
	at org.apache.catalina.core.StandardHost.addChild(StandardHost.java:633)
	at org.apache.catalina.startup.HostConfig.deployDescriptor(HostConfig.java:657)
	at org.apache.catalina.startup.HostConfig$DeployDescriptor.run(HostConfig.java:1637)
	at java.util.concurrent.Executors$RunnableAdapter.call(Executors.java:471)
	at java.util.concurrent.FutureTask$Sync.innerRun(FutureTask.java:334)
	at java.util.concurrent.FutureTask.run(FutureTask.java:166)
	at java.util.concurrent.ThreadPoolExecutor.runWorker(ThreadPoolExecutor.java:1110)
	at java.util.concurrent.ThreadPoolExecutor$Worker.run(ThreadPoolExecutor.java:603)
	at java.lang.Thread.run(Thread.java:722)

juin 03, 2016 12:05:01 AM org.apache.catalina.core.StandardContext startInternal
SEVERE: Error in resourceStart()
juin 03, 2016 12:05:01 AM org.apache.catalina.core.StandardContext startInternal
SEVERE: Error getConfigured
juin 03, 2016 12:05:01 AM org.apache.catalina.core.StandardContext startInternal
SEVERE: Context [/cookiesETsessions] startup failed due to previous errors
juin 03, 2016 12:05:01 AM org.apache.catalina.startup.HostConfig deployDescriptor
INFO: Deploying configuration descriptor C:\apache-tomcat-7.0.37\conf\Catalina\localhost\DreamSMobile.xml
juin 03, 2016 12:05:02 AM org.apache.catalina.startup.TaglibUriRule body
INFO: TLD skipped. URI: http://struts.apache.org/tags-tiles is already defined
juin 03, 2016 12:05:02 AM org.apache.catalina.startup.TaglibUriRule body
INFO: TLD skipped. URI: http://struts.apache.org/tags-html is already defined
juin 03, 2016 12:05:02 AM org.apache.catalina.startup.TaglibUriRule body
INFO: TLD skipped. URI: http://struts.apache.org/tags-bean is already defined
juin 03, 2016 12:05:02 AM org.apache.catalina.startup.TaglibUriRule body
INFO: TLD skipped. URI: http://struts.apache.org/tags-nested is already defined
juin 03, 2016 12:05:02 AM org.apache.catalina.startup.TaglibUriRule body
INFO: TLD skipped. URI: http://struts.apache.org/tags-logic is already defined
juin 03, 2016 12:05:02 AM org.apache.catalina.startup.TaglibUriRule body
INFO: TLD skipped. URI: http://java.sun.com/jstl/core_rt is already defined
juin 03, 2016 12:05:02 AM org.apache.catalina.startup.TaglibUriRule body
INFO: TLD skipped. URI: http://java.sun.com/jstl/core is already defined
juin 03, 2016 12:05:02 AM org.apache.catalina.startup.TaglibUriRule body
INFO: TLD skipped. URI: http://java.sun.com/jstl/fmt_rt is already defined
juin 03, 2016 12:05:02 AM org.apache.catalina.startup.TaglibUriRule body
INFO: TLD skipped. URI: http://java.sun.com/jstl/fmt is already defined
juin 03, 2016 12:05:02 AM org.apache.catalina.startup.TaglibUriRule body
INFO: TLD skipped. URI: http://jakarta.apache.org/taglibs/standard/permittedTaglibs is already defined
juin 03, 2016 12:05:02 AM org.apache.catalina.startup.TaglibUriRule body
INFO: TLD skipped. URI: http://jakarta.apache.org/taglibs/standard/scriptfree is already defined
juin 03, 2016 12:05:02 AM org.apache.catalina.startup.TaglibUriRule body
INFO: TLD skipped. URI: http://java.sun.com/jstl/sql_rt is already defined
juin 03, 2016 12:05:02 AM org.apache.catalina.startup.TaglibUriRule body
INFO: TLD skipped. URI: http://java.sun.com/jstl/sql is already defined
juin 03, 2016 12:05:02 AM org.apache.catalina.startup.TaglibUriRule body
INFO: TLD skipped. URI: http://java.sun.com/jstl/xml_rt is already defined
juin 03, 2016 12:05:02 AM org.apache.catalina.startup.TaglibUriRule body
INFO: TLD skipped. URI: http://java.sun.com/jstl/xml is already defined
juin 03, 2016 12:05:03 AM org.apache.catalina.startup.TaglibUriRule body
INFO: TLD skipped. URI: http://struts.apache.org/tags-bean is already defined
juin 03, 2016 12:05:03 AM org.apache.catalina.startup.TaglibUriRule body
INFO: TLD skipped. URI: http://struts.apache.org/tags-html is already defined
juin 03, 2016 12:05:03 AM org.apache.catalina.startup.TaglibUriRule body
INFO: TLD skipped. URI: http://struts.apache.org/tags-logic is already defined
juin 03, 2016 12:05:03 AM org.apache.catalina.startup.TaglibUriRule body
INFO: TLD skipped. URI: http://struts.apache.org/tags-nested is already defined
juin 03, 2016 12:05:03 AM org.apache.catalina.startup.TaglibUriRule body
INFO: TLD skipped. URI: http://struts.apache.org/tags-tiles is already defined
juin 03, 2016 12:05:03 AM org.apache.struts.action.ActionServlet initChain
INFO: Loading chain catalog from jar:file:/I:/bdeb/cours%20dev%20Web/exemplesProjetETud/projets%20etudiant%20Bensalem/bensalem%20messaoud/Projet-session/Projet-session/DreamSMobile/build/web/WEB-INF/lib/struts-core-1.3.10.jar!/org/apache/struts/chain/chain-config.xml
juin 03, 2016 12:05:03 AM org.apache.struts.tiles.TilesPlugin initDefinitionsFactory
INFO: Tiles definition factory loaded for module ''.
juin 03, 2016 12:05:03 AM org.apache.struts.validator.ValidatorPlugIn initResources
INFO: Loading validation rules file from '/WEB-INF/validator-rules.xml'
juin 03, 2016 12:05:03 AM org.apache.struts.validator.ValidatorPlugIn initResources
INFO: Loading validation rules file from '/WEB-INF/validation.xml'
juin 03, 2016 12:05:03 AM org.apache.catalina.startup.HostConfig deployDescriptor
INFO: Deploying configuration descriptor C:\apache-tomcat-7.0.37\conf\Catalina\localhost\ExamenIntra.xml
juin 03, 2016 12:05:03 AM org.apache.catalina.core.StandardContext resourcesStart
SEVERE: Error starting static Resources
java.lang.IllegalArgumentException: Document base G:\bdeb\cours dev Web\gr mai 2015\intra\travaux\1495667\ExamenIntra\build\web does not exist or is not a readable directory
	at org.apache.naming.resources.FileDirContext.setDocBase(FileDirContext.java:138)
	at org.apache.catalina.core.StandardContext.resourcesStart(StandardContext.java:4912)
	at org.apache.catalina.core.StandardContext.startInternal(StandardContext.java:5092)
	at org.apache.catalina.util.LifecycleBase.start(LifecycleBase.java:150)
	at org.apache.catalina.core.ContainerBase.addChildInternal(ContainerBase.java:901)
	at org.apache.catalina.core.ContainerBase.addChild(ContainerBase.java:877)
	at org.apache.catalina.core.StandardHost.addChild(StandardHost.java:633)
	at org.apache.catalina.startup.HostConfig.deployDescriptor(HostConfig.java:657)
	at org.apache.catalina.startup.HostConfig$DeployDescriptor.run(HostConfig.java:1637)
	at java.util.concurrent.Executors$RunnableAdapter.call(Executors.java:471)
	at java.util.concurrent.FutureTask$Sync.innerRun(FutureTask.java:334)
	at java.util.concurrent.FutureTask.run(FutureTask.java:166)
	at java.util.concurrent.ThreadPoolExecutor.runWorker(ThreadPoolExecutor.java:1110)
	at java.util.concurrent.ThreadPoolExecutor$Worker.run(ThreadPoolExecutor.java:603)
	at java.lang.Thread.run(Thread.java:722)

juin 03, 2016 12:05:03 AM org.apache.catalina.core.StandardContext startInternal
SEVERE: Error in resourceStart()
juin 03, 2016 12:05:03 AM org.apache.catalina.core.StandardContext startInternal
SEVERE: Error getConfigured
juin 03, 2016 12:05:03 AM org.apache.catalina.core.StandardContext startInternal
SEVERE: Context [/ExamenIntra] startup failed due to previous errors
juin 03, 2016 12:05:03 AM org.apache.catalina.startup.HostConfig deployDescriptor
INFO: Deploying configuration descriptor C:\apache-tomcat-7.0.37\conf\Catalina\localhost\ExamenIntra_WilliamTaylor.xml
juin 03, 2016 12:05:03 AM org.apache.catalina.core.StandardContext resourcesStart
SEVERE: Error starting static Resources
java.lang.IllegalArgumentException: Document base G:\bdeb\cours dev Web\gr mai 2015\intra\travaux\1495522\ExamenIntra_WilliamTaylor\build\web does not exist or is not a readable directory
	at org.apache.naming.resources.FileDirContext.setDocBase(FileDirContext.java:138)
	at org.apache.catalina.core.StandardContext.resourcesStart(StandardContext.java:4912)
	at org.apache.catalina.core.StandardContext.startInternal(StandardContext.java:5092)
	at org.apache.catalina.util.LifecycleBase.start(LifecycleBase.java:150)
	at org.apache.catalina.core.ContainerBase.addChildInternal(ContainerBase.java:901)
	at org.apache.catalina.core.ContainerBase.addChild(ContainerBase.java:877)
	at org.apache.catalina.core.StandardHost.addChild(StandardHost.java:633)
	at org.apache.catalina.startup.HostConfig.deployDescriptor(HostConfig.java:657)
	at org.apache.catalina.startup.HostConfig$DeployDescriptor.run(HostConfig.java:1637)
	at java.util.concurrent.Executors$RunnableAdapter.call(Executors.java:471)
	at java.util.concurrent.FutureTask$Sync.innerRun(FutureTask.java:334)
	at java.util.concurrent.FutureTask.run(FutureTask.java:166)
	at java.util.concurrent.ThreadPoolExecutor.runWorker(ThreadPoolExecutor.java:1110)
	at java.util.concurrent.ThreadPoolExecutor$Worker.run(ThreadPoolExecutor.java:603)
	at java.lang.Thread.run(Thread.java:722)

juin 03, 2016 12:05:03 AM org.apache.catalina.core.StandardContext startInternal
SEVERE: Error in resourceStart()
juin 03, 2016 12:05:03 AM org.apache.catalina.core.StandardContext startInternal
SEVERE: Error getConfigured
juin 03, 2016 12:05:03 AM org.apache.catalina.core.StandardContext startInternal
SEVERE: Context [/ExamenIntra_WilliamTaylor] startup failed due to previous errors
juin 03, 2016 12:05:03 AM org.apache.catalina.startup.HostConfig deployDescriptor
INFO: Deploying configuration descriptor C:\apache-tomcat-7.0.37\conf\Catalina\localhost\ExamenPratique.xml
juin 03, 2016 12:05:03 AM org.apache.catalina.core.StandardContext resourcesStart
SEVERE: Error starting static Resources
java.lang.IllegalArgumentException: Document base G:\bdeb\cours dev Web\gr mai 2015\exam final\travaux\1395515\ExamentFinal_VAN\ExamenPratique\build\web does not exist or is not a readable directory
	at org.apache.naming.resources.FileDirContext.setDocBase(FileDirContext.java:138)
	at org.apache.catalina.core.StandardContext.resourcesStart(StandardContext.java:4912)
	at org.apache.catalina.core.StandardContext.startInternal(StandardContext.java:5092)
	at org.apache.catalina.util.LifecycleBase.start(LifecycleBase.java:150)
	at org.apache.catalina.core.ContainerBase.addChildInternal(ContainerBase.java:901)
	at org.apache.catalina.core.ContainerBase.addChild(ContainerBase.java:877)
	at org.apache.catalina.core.StandardHost.addChild(StandardHost.java:633)
	at org.apache.catalina.startup.HostConfig.deployDescriptor(HostConfig.java:657)
	at org.apache.catalina.startup.HostConfig$DeployDescriptor.run(HostConfig.java:1637)
	at java.util.concurrent.Executors$RunnableAdapter.call(Executors.java:471)
	at java.util.concurrent.FutureTask$Sync.innerRun(FutureTask.java:334)
	at java.util.concurrent.FutureTask.run(FutureTask.java:166)
	at java.util.concurrent.ThreadPoolExecutor.runWorker(ThreadPoolExecutor.java:1110)
	at java.util.concurrent.ThreadPoolExecutor$Worker.run(ThreadPoolExecutor.java:603)
	at java.lang.Thread.run(Thread.java:722)

juin 03, 2016 12:05:03 AM org.apache.catalina.core.StandardContext startInternal
SEVERE: Error in resourceStart()
juin 03, 2016 12:05:03 AM org.apache.catalina.core.StandardContext startInternal
SEVERE: Error getConfigured
juin 03, 2016 12:05:03 AM org.apache.catalina.core.StandardContext startInternal
SEVERE: Context [/ExamenPratique] startup failed due to previous errors
juin 03, 2016 12:05:03 AM org.apache.catalina.startup.HostConfig deployDescriptor
INFO: Deploying configuration descriptor C:\apache-tomcat-7.0.37\conf\Catalina\localhost\exCours.xml
juin 03, 2016 12:05:03 AM org.apache.catalina.core.StandardContext resourcesStart
SEVERE: Error starting static Resources
java.lang.IllegalArgumentException: Document base H:\bdeb\cours dev Web\notes de cours\jour2\exCours\build\web does not exist or is not a readable directory
	at org.apache.naming.resources.FileDirContext.setDocBase(FileDirContext.java:138)
	at org.apache.catalina.core.StandardContext.resourcesStart(StandardContext.java:4912)
	at org.apache.catalina.core.StandardContext.startInternal(StandardContext.java:5092)
	at org.apache.catalina.util.LifecycleBase.start(LifecycleBase.java:150)
	at org.apache.catalina.core.ContainerBase.addChildInternal(ContainerBase.java:901)
	at org.apache.catalina.core.ContainerBase.addChild(ContainerBase.java:877)
	at org.apache.catalina.core.StandardHost.addChild(StandardHost.java:633)
	at org.apache.catalina.startup.HostConfig.deployDescriptor(HostConfig.java:657)
	at org.apache.catalina.startup.HostConfig$DeployDescriptor.run(HostConfig.java:1637)
	at java.util.concurrent.Executors$RunnableAdapter.call(Executors.java:471)
	at java.util.concurrent.FutureTask$Sync.innerRun(FutureTask.java:334)
	at java.util.concurrent.FutureTask.run(FutureTask.java:166)
	at java.util.concurrent.ThreadPoolExecutor.runWorker(ThreadPoolExecutor.java:1110)
	at java.util.concurrent.ThreadPoolExecutor$Worker.run(ThreadPoolExecutor.java:603)
	at java.lang.Thread.run(Thread.java:722)

juin 03, 2016 12:05:03 AM org.apache.catalina.core.StandardContext startInternal
SEVERE: Error in resourceStart()
juin 03, 2016 12:05:03 AM org.apache.catalina.core.StandardContext startInternal
SEVERE: Error getConfigured
juin 03, 2016 12:05:03 AM org.apache.catalina.core.StandardContext startInternal
SEVERE: Context [/exCours] startup failed due to previous errors
juin 03, 2016 12:05:03 AM org.apache.catalina.startup.HostConfig deployDescriptor
INFO: Deploying configuration descriptor C:\apache-tomcat-7.0.37\conf\Catalina\localhost\exempleI18n.xml
juin 03, 2016 12:05:03 AM org.apache.catalina.core.StandardContext resourcesStart
SEVERE: Error starting static Resources
java.lang.IllegalArgumentException: Document base G:\bdeb\cours dev Web\notes de cours\jour7\exempleI18n\build\web does not exist or is not a readable directory
	at org.apache.naming.resources.FileDirContext.setDocBase(FileDirContext.java:138)
	at org.apache.catalina.core.StandardContext.resourcesStart(StandardContext.java:4912)
	at org.apache.catalina.core.StandardContext.startInternal(StandardContext.java:5092)
	at org.apache.catalina.util.LifecycleBase.start(LifecycleBase.java:150)
	at org.apache.catalina.core.ContainerBase.addChildInternal(ContainerBase.java:901)
	at org.apache.catalina.core.ContainerBase.addChild(ContainerBase.java:877)
	at org.apache.catalina.core.StandardHost.addChild(StandardHost.java:633)
	at org.apache.catalina.startup.HostConfig.deployDescriptor(HostConfig.java:657)
	at org.apache.catalina.startup.HostConfig$DeployDescriptor.run(HostConfig.java:1637)
	at java.util.concurrent.Executors$RunnableAdapter.call(Executors.java:471)
	at java.util.concurrent.FutureTask$Sync.innerRun(FutureTask.java:334)
	at java.util.concurrent.FutureTask.run(FutureTask.java:166)
	at java.util.concurrent.ThreadPoolExecutor.runWorker(ThreadPoolExecutor.java:1110)
	at java.util.concurrent.ThreadPoolExecutor$Worker.run(ThreadPoolExecutor.java:603)
	at java.lang.Thread.run(Thread.java:722)

juin 03, 2016 12:05:03 AM org.apache.catalina.core.StandardContext startInternal
SEVERE: Error in resourceStart()
juin 03, 2016 12:05:03 AM org.apache.catalina.core.StandardContext startInternal
SEVERE: Error getConfigured
juin 03, 2016 12:05:03 AM org.apache.catalina.core.StandardContext startInternal
SEVERE: Context [/exempleI18n] startup failed due to previous errors
juin 03, 2016 12:05:03 AM org.apache.catalina.startup.HostConfig deployDescriptor
INFO: Deploying configuration descriptor C:\apache-tomcat-7.0.37\conf\Catalina\localhost\exemplesJour2.xml
juin 03, 2016 12:05:03 AM org.apache.catalina.core.StandardContext resourcesStart
SEVERE: Error starting static Resources
java.lang.IllegalArgumentException: Document base H:\bdeb\cours dev Web\notes de cours\jour2\exemplesJour2\build\web does not exist or is not a readable directory
	at org.apache.naming.resources.FileDirContext.setDocBase(FileDirContext.java:138)
	at org.apache.catalina.core.StandardContext.resourcesStart(StandardContext.java:4912)
	at org.apache.catalina.core.StandardContext.startInternal(StandardContext.java:5092)
	at org.apache.catalina.util.LifecycleBase.start(LifecycleBase.java:150)
	at org.apache.catalina.core.ContainerBase.addChildInternal(ContainerBase.java:901)
	at org.apache.catalina.core.ContainerBase.addChild(ContainerBase.java:877)
	at org.apache.catalina.core.StandardHost.addChild(StandardHost.java:633)
	at org.apache.catalina.startup.HostConfig.deployDescriptor(HostConfig.java:657)
	at org.apache.catalina.startup.HostConfig$DeployDescriptor.run(HostConfig.java:1637)
	at java.util.concurrent.Executors$RunnableAdapter.call(Executors.java:471)
	at java.util.concurrent.FutureTask$Sync.innerRun(FutureTask.java:334)
	at java.util.concurrent.FutureTask.run(FutureTask.java:166)
	at java.util.concurrent.ThreadPoolExecutor.runWorker(ThreadPoolExecutor.java:1110)
	at java.util.concurrent.ThreadPoolExecutor$Worker.run(ThreadPoolExecutor.java:603)
	at java.lang.Thread.run(Thread.java:722)

juin 03, 2016 12:05:03 AM org.apache.catalina.core.StandardContext startInternal
SEVERE: Error in resourceStart()
juin 03, 2016 12:05:03 AM org.apache.catalina.core.StandardContext startInternal
SEVERE: Error getConfigured
juin 03, 2016 12:05:03 AM org.apache.catalina.core.StandardContext startInternal
SEVERE: Context [/exemplesJour2] startup failed due to previous errors
juin 03, 2016 12:05:03 AM org.apache.catalina.startup.HostConfig deployDescriptor
INFO: Deploying configuration descriptor C:\apache-tomcat-7.0.37\conf\Catalina\localhost\exemplesJstl.xml
juin 03, 2016 12:05:03 AM org.apache.catalina.core.StandardContext resourcesStart
SEVERE: Error starting static Resources
java.lang.IllegalArgumentException: Document base G:\bdeb\cours dev Web\notes de cours\jour6\exemplesJstl\build\web does not exist or is not a readable directory
	at org.apache.naming.resources.FileDirContext.setDocBase(FileDirContext.java:138)
	at org.apache.catalina.core.StandardContext.resourcesStart(StandardContext.java:4912)
	at org.apache.catalina.core.StandardContext.startInternal(StandardContext.java:5092)
	at org.apache.catalina.util.LifecycleBase.start(LifecycleBase.java:150)
	at org.apache.catalina.core.ContainerBase.addChildInternal(ContainerBase.java:901)
	at org.apache.catalina.core.ContainerBase.addChild(ContainerBase.java:877)
	at org.apache.catalina.core.StandardHost.addChild(StandardHost.java:633)
	at org.apache.catalina.startup.HostConfig.deployDescriptor(HostConfig.java:657)
	at org.apache.catalina.startup.HostConfig$DeployDescriptor.run(HostConfig.java:1637)
	at java.util.concurrent.Executors$RunnableAdapter.call(Executors.java:471)
	at java.util.concurrent.FutureTask$Sync.innerRun(FutureTask.java:334)
	at java.util.concurrent.FutureTask.run(FutureTask.java:166)
	at java.util.concurrent.ThreadPoolExecutor.runWorker(ThreadPoolExecutor.java:1110)
	at java.util.concurrent.ThreadPoolExecutor$Worker.run(ThreadPoolExecutor.java:603)
	at java.lang.Thread.run(Thread.java:722)

juin 03, 2016 12:05:03 AM org.apache.catalina.core.StandardContext startInternal
SEVERE: Error in resourceStart()
juin 03, 2016 12:05:03 AM org.apache.catalina.core.StandardContext startInternal
SEVERE: Error getConfigured
juin 03, 2016 12:05:04 AM org.apache.catalina.core.StandardContext startInternal
SEVERE: Context [/exemplesJstl] startup failed due to previous errors
juin 03, 2016 12:05:04 AM org.apache.catalina.startup.HostConfig deployDescriptor
INFO: Deploying configuration descriptor C:\apache-tomcat-7.0.37\conf\Catalina\localhost\exoAjax.xml
juin 03, 2016 12:05:04 AM org.apache.catalina.core.StandardContext resourcesStart
SEVERE: Error starting static Resources
java.lang.IllegalArgumentException: Document base G:\bdeb\cours APOO projet synthese\matériel ajax\exoAjax\build\web does not exist or is not a readable directory
	at org.apache.naming.resources.FileDirContext.setDocBase(FileDirContext.java:138)
	at org.apache.catalina.core.StandardContext.resourcesStart(StandardContext.java:4912)
	at org.apache.catalina.core.StandardContext.startInternal(StandardContext.java:5092)
	at org.apache.catalina.util.LifecycleBase.start(LifecycleBase.java:150)
	at org.apache.catalina.core.ContainerBase.addChildInternal(ContainerBase.java:901)
	at org.apache.catalina.core.ContainerBase.addChild(ContainerBase.java:877)
	at org.apache.catalina.core.StandardHost.addChild(StandardHost.java:633)
	at org.apache.catalina.startup.HostConfig.deployDescriptor(HostConfig.java:657)
	at org.apache.catalina.startup.HostConfig$DeployDescriptor.run(HostConfig.java:1637)
	at java.util.concurrent.Executors$RunnableAdapter.call(Executors.java:471)
	at java.util.concurrent.FutureTask$Sync.innerRun(FutureTask.java:334)
	at java.util.concurrent.FutureTask.run(FutureTask.java:166)
	at java.util.concurrent.ThreadPoolExecutor.runWorker(ThreadPoolExecutor.java:1110)
	at java.util.concurrent.ThreadPoolExecutor$Worker.run(ThreadPoolExecutor.java:603)
	at java.lang.Thread.run(Thread.java:722)

juin 03, 2016 12:05:04 AM org.apache.catalina.core.StandardContext startInternal
SEVERE: Error in resourceStart()
juin 03, 2016 12:05:04 AM org.apache.catalina.core.StandardContext startInternal
SEVERE: Error getConfigured
juin 03, 2016 12:05:04 AM org.apache.catalina.core.StandardContext startInternal
SEVERE: Context [/exoAjax] startup failed due to previous errors
juin 03, 2016 12:05:04 AM org.apache.catalina.startup.HostConfig deployDescriptor
INFO: Deploying configuration descriptor C:\apache-tomcat-7.0.37\conf\Catalina\localhost\exoServiceWeb.xml
juin 03, 2016 12:05:04 AM org.apache.catalina.core.StandardContext resourcesStart
SEVERE: Error starting static Resources
java.lang.IllegalArgumentException: Document base C:\TEMP\exoServiceWeb\build\web does not exist or is not a readable directory
	at org.apache.naming.resources.FileDirContext.setDocBase(FileDirContext.java:138)
	at org.apache.catalina.core.StandardContext.resourcesStart(StandardContext.java:4912)
	at org.apache.catalina.core.StandardContext.startInternal(StandardContext.java:5092)
	at org.apache.catalina.util.LifecycleBase.start(LifecycleBase.java:150)
	at org.apache.catalina.core.ContainerBase.addChildInternal(ContainerBase.java:901)
	at org.apache.catalina.core.ContainerBase.addChild(ContainerBase.java:877)
	at org.apache.catalina.core.StandardHost.addChild(StandardHost.java:633)
	at org.apache.catalina.startup.HostConfig.deployDescriptor(HostConfig.java:657)
	at org.apache.catalina.startup.HostConfig$DeployDescriptor.run(HostConfig.java:1637)
	at java.util.concurrent.Executors$RunnableAdapter.call(Executors.java:471)
	at java.util.concurrent.FutureTask$Sync.innerRun(FutureTask.java:334)
	at java.util.concurrent.FutureTask.run(FutureTask.java:166)
	at java.util.concurrent.ThreadPoolExecutor.runWorker(ThreadPoolExecutor.java:1110)
	at java.util.concurrent.ThreadPoolExecutor$Worker.run(ThreadPoolExecutor.java:603)
	at java.lang.Thread.run(Thread.java:722)

juin 03, 2016 12:05:04 AM org.apache.catalina.core.StandardContext startInternal
SEVERE: Error in resourceStart()
juin 03, 2016 12:05:04 AM org.apache.catalina.core.StandardContext startInternal
SEVERE: Error getConfigured
juin 03, 2016 12:05:04 AM org.apache.catalina.core.StandardContext startInternal
SEVERE: Context [/exoServiceWeb] startup failed due to previous errors
juin 03, 2016 12:05:04 AM org.apache.catalina.startup.HostConfig deployDescriptor
INFO: Deploying configuration descriptor C:\apache-tomcat-7.0.37\conf\Catalina\localhost\FileUploadExample.xml
juin 03, 2016 12:05:04 AM org.apache.catalina.core.StandardContext resourcesStart
SEVERE: Error starting static Resources
java.lang.IllegalArgumentException: Document base H:\bdeb\cours dev Web\notes de cours\jour3\FileUploadExample\build\web does not exist or is not a readable directory
	at org.apache.naming.resources.FileDirContext.setDocBase(FileDirContext.java:138)
	at org.apache.catalina.core.StandardContext.resourcesStart(StandardContext.java:4912)
	at org.apache.catalina.core.StandardContext.startInternal(StandardContext.java:5092)
	at org.apache.catalina.util.LifecycleBase.start(LifecycleBase.java:150)
	at org.apache.catalina.core.ContainerBase.addChildInternal(ContainerBase.java:901)
	at org.apache.catalina.core.ContainerBase.addChild(ContainerBase.java:877)
	at org.apache.catalina.core.StandardHost.addChild(StandardHost.java:633)
	at org.apache.catalina.startup.HostConfig.deployDescriptor(HostConfig.java:657)
	at org.apache.catalina.startup.HostConfig$DeployDescriptor.run(HostConfig.java:1637)
	at java.util.concurrent.Executors$RunnableAdapter.call(Executors.java:471)
	at java.util.concurrent.FutureTask$Sync.innerRun(FutureTask.java:334)
	at java.util.concurrent.FutureTask.run(FutureTask.java:166)
	at java.util.concurrent.ThreadPoolExecutor.runWorker(ThreadPoolExecutor.java:1110)
	at java.util.concurrent.ThreadPoolExecutor$Worker.run(ThreadPoolExecutor.java:603)
	at java.lang.Thread.run(Thread.java:722)

juin 03, 2016 12:05:04 AM org.apache.catalina.core.StandardContext startInternal
SEVERE: Error in resourceStart()
juin 03, 2016 12:05:04 AM org.apache.catalina.core.StandardContext startInternal
SEVERE: Error getConfigured
juin 03, 2016 12:05:04 AM org.apache.catalina.core.StandardContext startInternal
SEVERE: Context [/FileUploadExample] startup failed due to previous errors
juin 03, 2016 12:05:04 AM org.apache.catalina.startup.HostConfig deployDescriptor
INFO: Deploying configuration descriptor C:\apache-tomcat-7.0.37\conf\Catalina\localhost\gestionAgent.xml
juin 03, 2016 12:05:04 AM org.apache.catalina.core.StandardContext resourcesStart
SEVERE: Error starting static Resources
java.lang.IllegalArgumentException: Document base C:\Users\administrateur\Downloads\travaux (6)\travaux\1495544\Projet-Bouzid\gestionAgent\gestionAgent\build\web does not exist or is not a readable directory
	at org.apache.naming.resources.FileDirContext.setDocBase(FileDirContext.java:138)
	at org.apache.catalina.core.StandardContext.resourcesStart(StandardContext.java:4912)
	at org.apache.catalina.core.StandardContext.startInternal(StandardContext.java:5092)
	at org.apache.catalina.util.LifecycleBase.start(LifecycleBase.java:150)
	at org.apache.catalina.core.ContainerBase.addChildInternal(ContainerBase.java:901)
	at org.apache.catalina.core.ContainerBase.addChild(ContainerBase.java:877)
	at org.apache.catalina.core.StandardHost.addChild(StandardHost.java:633)
	at org.apache.catalina.startup.HostConfig.deployDescriptor(HostConfig.java:657)
	at org.apache.catalina.startup.HostConfig$DeployDescriptor.run(HostConfig.java:1637)
	at java.util.concurrent.Executors$RunnableAdapter.call(Executors.java:471)
	at java.util.concurrent.FutureTask$Sync.innerRun(FutureTask.java:334)
	at java.util.concurrent.FutureTask.run(FutureTask.java:166)
	at java.util.concurrent.ThreadPoolExecutor.runWorker(ThreadPoolExecutor.java:1110)
	at java.util.concurrent.ThreadPoolExecutor$Worker.run(ThreadPoolExecutor.java:603)
	at java.lang.Thread.run(Thread.java:722)

juin 03, 2016 12:05:04 AM org.apache.catalina.core.StandardContext startInternal
SEVERE: Error in resourceStart()
juin 03, 2016 12:05:04 AM org.apache.catalina.core.StandardContext startInternal
SEVERE: Error getConfigured
juin 03, 2016 12:05:04 AM org.apache.catalina.core.StandardContext startInternal
SEVERE: Context [/gestionAgent] startup failed due to previous errors
juin 03, 2016 12:05:04 AM org.apache.catalina.startup.HostConfig deployDescriptor
INFO: Deploying configuration descriptor C:\apache-tomcat-7.0.37\conf\Catalina\localhost\GestionCookies.xml
juin 03, 2016 12:05:04 AM org.apache.catalina.startup.HostConfig deployDescriptor
INFO: Deploying configuration descriptor C:\apache-tomcat-7.0.37\conf\Catalina\localhost\Intra.xml
juin 03, 2016 12:05:04 AM org.apache.catalina.core.StandardContext resourcesStart
SEVERE: Error starting static Resources
java.lang.IllegalArgumentException: Document base G:\bdeb\cours dev Web\gr mai 2015\intra\travaux\1495549\Intra\build\web does not exist or is not a readable directory
	at org.apache.naming.resources.FileDirContext.setDocBase(FileDirContext.java:138)
	at org.apache.catalina.core.StandardContext.resourcesStart(StandardContext.java:4912)
	at org.apache.catalina.core.StandardContext.startInternal(StandardContext.java:5092)
	at org.apache.catalina.util.LifecycleBase.start(LifecycleBase.java:150)
	at org.apache.catalina.core.ContainerBase.addChildInternal(ContainerBase.java:901)
	at org.apache.catalina.core.ContainerBase.addChild(ContainerBase.java:877)
	at org.apache.catalina.core.StandardHost.addChild(StandardHost.java:633)
	at org.apache.catalina.startup.HostConfig.deployDescriptor(HostConfig.java:657)
	at org.apache.catalina.startup.HostConfig$DeployDescriptor.run(HostConfig.java:1637)
	at java.util.concurrent.Executors$RunnableAdapter.call(Executors.java:471)
	at java.util.concurrent.FutureTask$Sync.innerRun(FutureTask.java:334)
	at java.util.concurrent.FutureTask.run(FutureTask.java:166)
	at java.util.concurrent.ThreadPoolExecutor.runWorker(ThreadPoolExecutor.java:1110)
	at java.util.concurrent.ThreadPoolExecutor$Worker.run(ThreadPoolExecutor.java:603)
	at java.lang.Thread.run(Thread.java:722)

juin 03, 2016 12:05:04 AM org.apache.catalina.core.StandardContext startInternal
SEVERE: Error in resourceStart()
juin 03, 2016 12:05:04 AM org.apache.catalina.core.StandardContext startInternal
SEVERE: Error getConfigured
juin 03, 2016 12:05:04 AM org.apache.catalina.core.StandardContext startInternal
SEVERE: Context [/Intra] startup failed due to previous errors
juin 03, 2016 12:05:04 AM org.apache.catalina.startup.HostConfig deployDescriptor
INFO: Deploying configuration descriptor C:\apache-tomcat-7.0.37\conf\Catalina\localhost\intra818BouzidPratique1.xml
juin 03, 2016 12:05:04 AM org.apache.catalina.core.StandardContext resourcesStart
SEVERE: Error starting static Resources
java.lang.IllegalArgumentException: Document base G:\bdeb\cours dev Web\gr mai 2015\intra\travaux\1495544\Intra Bouzid 818\intra818BouzidPratique1\build\web does not exist or is not a readable directory
	at org.apache.naming.resources.FileDirContext.setDocBase(FileDirContext.java:138)
	at org.apache.catalina.core.StandardContext.resourcesStart(StandardContext.java:4912)
	at org.apache.catalina.core.StandardContext.startInternal(StandardContext.java:5092)
	at org.apache.catalina.util.LifecycleBase.start(LifecycleBase.java:150)
	at org.apache.catalina.core.ContainerBase.addChildInternal(ContainerBase.java:901)
	at org.apache.catalina.core.ContainerBase.addChild(ContainerBase.java:877)
	at org.apache.catalina.core.StandardHost.addChild(StandardHost.java:633)
	at org.apache.catalina.startup.HostConfig.deployDescriptor(HostConfig.java:657)
	at org.apache.catalina.startup.HostConfig$DeployDescriptor.run(HostConfig.java:1637)
	at java.util.concurrent.Executors$RunnableAdapter.call(Executors.java:471)
	at java.util.concurrent.FutureTask$Sync.innerRun(FutureTask.java:334)
	at java.util.concurrent.FutureTask.run(FutureTask.java:166)
	at java.util.concurrent.ThreadPoolExecutor.runWorker(ThreadPoolExecutor.java:1110)
	at java.util.concurrent.ThreadPoolExecutor$Worker.run(ThreadPoolExecutor.java:603)
	at java.lang.Thread.run(Thread.java:722)

juin 03, 2016 12:05:04 AM org.apache.catalina.core.StandardContext startInternal
SEVERE: Error in resourceStart()
juin 03, 2016 12:05:04 AM org.apache.catalina.core.StandardContext startInternal
SEVERE: Error getConfigured
juin 03, 2016 12:05:04 AM org.apache.catalina.core.StandardContext startInternal
SEVERE: Context [/intra818BouzidPratique1] startup failed due to previous errors
juin 03, 2016 12:05:04 AM org.apache.catalina.startup.HostConfig deployDescriptor
INFO: Deploying configuration descriptor C:\apache-tomcat-7.0.37\conf\Catalina\localhost\Intra818Mai2015.xml
juin 03, 2016 12:05:04 AM org.apache.catalina.core.StandardContext resourcesStart
SEVERE: Error starting static Resources
java.lang.IllegalArgumentException: Document base G:\bdeb\cours dev Web\gr mai 2015\intra\travaux\1495765\IntraMai2015 - REGIS\Version . 1\Intra818Mai2015\build\web does not exist or is not a readable directory
	at org.apache.naming.resources.FileDirContext.setDocBase(FileDirContext.java:138)
	at org.apache.catalina.core.StandardContext.resourcesStart(StandardContext.java:4912)
	at org.apache.catalina.core.StandardContext.startInternal(StandardContext.java:5092)
	at org.apache.catalina.util.LifecycleBase.start(LifecycleBase.java:150)
	at org.apache.catalina.core.ContainerBase.addChildInternal(ContainerBase.java:901)
	at org.apache.catalina.core.ContainerBase.addChild(ContainerBase.java:877)
	at org.apache.catalina.core.StandardHost.addChild(StandardHost.java:633)
	at org.apache.catalina.startup.HostConfig.deployDescriptor(HostConfig.java:657)
	at org.apache.catalina.startup.HostConfig$DeployDescriptor.run(HostConfig.java:1637)
	at java.util.concurrent.Executors$RunnableAdapter.call(Executors.java:471)
	at java.util.concurrent.FutureTask$Sync.innerRun(FutureTask.java:334)
	at java.util.concurrent.FutureTask.run(FutureTask.java:166)
	at java.util.concurrent.ThreadPoolExecutor.runWorker(ThreadPoolExecutor.java:1110)
	at java.util.concurrent.ThreadPoolExecutor$Worker.run(ThreadPoolExecutor.java:603)
	at java.lang.Thread.run(Thread.java:722)

juin 03, 2016 12:05:04 AM org.apache.catalina.core.StandardContext startInternal
SEVERE: Error in resourceStart()
juin 03, 2016 12:05:04 AM org.apache.catalina.core.StandardContext startInternal
SEVERE: Error getConfigured
juin 03, 2016 12:05:04 AM org.apache.catalina.core.StandardContext startInternal
SEVERE: Context [/Intra818Mai2015] startup failed due to previous errors
juin 03, 2016 12:05:04 AM org.apache.catalina.startup.HostConfig deployDescriptor
INFO: Deploying configuration descriptor C:\apache-tomcat-7.0.37\conf\Catalina\localhost\Intra818_kejiaHU.xml
juin 03, 2016 12:05:04 AM org.apache.catalina.core.StandardContext resourcesStart
SEVERE: Error starting static Resources
java.lang.IllegalArgumentException: Document base G:\bdeb\cours dev Web\gr mai 2015\intra\travaux\1495636\Intra818_KejiaHU\Intra818_kejiaHU\build\web does not exist or is not a readable directory
	at org.apache.naming.resources.FileDirContext.setDocBase(FileDirContext.java:138)
	at org.apache.catalina.core.StandardContext.resourcesStart(StandardContext.java:4912)
	at org.apache.catalina.core.StandardContext.startInternal(StandardContext.java:5092)
	at org.apache.catalina.util.LifecycleBase.start(LifecycleBase.java:150)
	at org.apache.catalina.core.ContainerBase.addChildInternal(ContainerBase.java:901)
	at org.apache.catalina.core.ContainerBase.addChild(ContainerBase.java:877)
	at org.apache.catalina.core.StandardHost.addChild(StandardHost.java:633)
	at org.apache.catalina.startup.HostConfig.deployDescriptor(HostConfig.java:657)
	at org.apache.catalina.startup.HostConfig$DeployDescriptor.run(HostConfig.java:1637)
	at java.util.concurrent.Executors$RunnableAdapter.call(Executors.java:471)
	at java.util.concurrent.FutureTask$Sync.innerRun(FutureTask.java:334)
	at java.util.concurrent.FutureTask.run(FutureTask.java:166)
	at java.util.concurrent.ThreadPoolExecutor.runWorker(ThreadPoolExecutor.java:1110)
	at java.util.concurrent.ThreadPoolExecutor$Worker.run(ThreadPoolExecutor.java:603)
	at java.lang.Thread.run(Thread.java:722)

juin 03, 2016 12:05:04 AM org.apache.catalina.core.StandardContext startInternal
SEVERE: Error in resourceStart()
juin 03, 2016 12:05:04 AM org.apache.catalina.core.StandardContext startInternal
SEVERE: Error getConfigured
juin 03, 2016 12:05:04 AM org.apache.catalina.core.StandardContext startInternal
SEVERE: Context [/Intra818_kejiaHU] startup failed due to previous errors
juin 03, 2016 12:05:04 AM org.apache.catalina.startup.HostConfig deployDescriptor
INFO: Deploying configuration descriptor C:\apache-tomcat-7.0.37\conf\Catalina\localhost\IntraWeb.xml
juin 03, 2016 12:05:04 AM org.apache.catalina.core.StandardContext resourcesStart
SEVERE: Error starting static Resources
java.lang.IllegalArgumentException: Document base G:\bdeb\cours dev Web\gr mai 2015\intra\travaux\1495166\IntraWebDominick\build\web does not exist or is not a readable directory
	at org.apache.naming.resources.FileDirContext.setDocBase(FileDirContext.java:138)
	at org.apache.catalina.core.StandardContext.resourcesStart(StandardContext.java:4912)
	at org.apache.catalina.core.StandardContext.startInternal(StandardContext.java:5092)
	at org.apache.catalina.util.LifecycleBase.start(LifecycleBase.java:150)
	at org.apache.catalina.core.ContainerBase.addChildInternal(ContainerBase.java:901)
	at org.apache.catalina.core.ContainerBase.addChild(ContainerBase.java:877)
	at org.apache.catalina.core.StandardHost.addChild(StandardHost.java:633)
	at org.apache.catalina.startup.HostConfig.deployDescriptor(HostConfig.java:657)
	at org.apache.catalina.startup.HostConfig$DeployDescriptor.run(HostConfig.java:1637)
	at java.util.concurrent.Executors$RunnableAdapter.call(Executors.java:471)
	at java.util.concurrent.FutureTask$Sync.innerRun(FutureTask.java:334)
	at java.util.concurrent.FutureTask.run(FutureTask.java:166)
	at java.util.concurrent.ThreadPoolExecutor.runWorker(ThreadPoolExecutor.java:1110)
	at java.util.concurrent.ThreadPoolExecutor$Worker.run(ThreadPoolExecutor.java:603)
	at java.lang.Thread.run(Thread.java:722)

juin 03, 2016 12:05:04 AM org.apache.catalina.core.StandardContext startInternal
SEVERE: Error in resourceStart()
juin 03, 2016 12:05:04 AM org.apache.catalina.core.StandardContext startInternal
SEVERE: Error getConfigured
juin 03, 2016 12:05:04 AM org.apache.catalina.core.StandardContext startInternal
SEVERE: Context [/IntraWeb] startup failed due to previous errors
juin 03, 2016 12:05:04 AM org.apache.catalina.startup.HostConfig deployDescriptor
INFO: Deploying configuration descriptor C:\apache-tomcat-7.0.37\conf\Catalina\localhost\Intra_ManuelPalacio_1495567_session4.xml
juin 03, 2016 12:05:04 AM org.apache.catalina.core.StandardContext resourcesStart
SEVERE: Error starting static Resources
java.lang.IllegalArgumentException: Document base G:\bdeb\cours dev Web\gr mai 2015\intra\travaux\1495567\INTRA_ManuelPalacio_1495567\Intra_ManuelPalacio_1495567_session4\build\web does not exist or is not a readable directory
	at org.apache.naming.resources.FileDirContext.setDocBase(FileDirContext.java:138)
	at org.apache.catalina.core.StandardContext.resourcesStart(StandardContext.java:4912)
	at org.apache.catalina.core.StandardContext.startInternal(StandardContext.java:5092)
	at org.apache.catalina.util.LifecycleBase.start(LifecycleBase.java:150)
	at org.apache.catalina.core.ContainerBase.addChildInternal(ContainerBase.java:901)
	at org.apache.catalina.core.ContainerBase.addChild(ContainerBase.java:877)
	at org.apache.catalina.core.StandardHost.addChild(StandardHost.java:633)
	at org.apache.catalina.startup.HostConfig.deployDescriptor(HostConfig.java:657)
	at org.apache.catalina.startup.HostConfig$DeployDescriptor.run(HostConfig.java:1637)
	at java.util.concurrent.Executors$RunnableAdapter.call(Executors.java:471)
	at java.util.concurrent.FutureTask$Sync.innerRun(FutureTask.java:334)
	at java.util.concurrent.FutureTask.run(FutureTask.java:166)
	at java.util.concurrent.ThreadPoolExecutor.runWorker(ThreadPoolExecutor.java:1110)
	at java.util.concurrent.ThreadPoolExecutor$Worker.run(ThreadPoolExecutor.java:603)
	at java.lang.Thread.run(Thread.java:722)

juin 03, 2016 12:05:04 AM org.apache.catalina.core.StandardContext startInternal
SEVERE: Error in resourceStart()
juin 03, 2016 12:05:04 AM org.apache.catalina.core.StandardContext startInternal
SEVERE: Error getConfigured
juin 03, 2016 12:05:04 AM org.apache.catalina.core.StandardContext startInternal
SEVERE: Context [/Intra_ManuelPalacio_1495567_session4] startup failed due to previous errors
juin 03, 2016 12:05:04 AM org.apache.catalina.startup.HostConfig deployDescriptor
INFO: Deploying configuration descriptor C:\apache-tomcat-7.0.37\conf\Catalina\localhost\jour5EL.xml
juin 03, 2016 12:05:04 AM org.apache.catalina.core.StandardContext resourcesStart
SEVERE: Error starting static Resources
java.lang.IllegalArgumentException: Document base H:\bdeb\cours dev Web\notes de cours\bon jour 5\jour5EL\build\web does not exist or is not a readable directory
	at org.apache.naming.resources.FileDirContext.setDocBase(FileDirContext.java:138)
	at org.apache.catalina.core.StandardContext.resourcesStart(StandardContext.java:4912)
	at org.apache.catalina.core.StandardContext.startInternal(StandardContext.java:5092)
	at org.apache.catalina.util.LifecycleBase.start(LifecycleBase.java:150)
	at org.apache.catalina.core.ContainerBase.addChildInternal(ContainerBase.java:901)
	at org.apache.catalina.core.ContainerBase.addChild(ContainerBase.java:877)
	at org.apache.catalina.core.StandardHost.addChild(StandardHost.java:633)
	at org.apache.catalina.startup.HostConfig.deployDescriptor(HostConfig.java:657)
	at org.apache.catalina.startup.HostConfig$DeployDescriptor.run(HostConfig.java:1637)
	at java.util.concurrent.Executors$RunnableAdapter.call(Executors.java:471)
	at java.util.concurrent.FutureTask$Sync.innerRun(FutureTask.java:334)
	at java.util.concurrent.FutureTask.run(FutureTask.java:166)
	at java.util.concurrent.ThreadPoolExecutor.runWorker(ThreadPoolExecutor.java:1110)
	at java.util.concurrent.ThreadPoolExecutor$Worker.run(ThreadPoolExecutor.java:603)
	at java.lang.Thread.run(Thread.java:722)

juin 03, 2016 12:05:04 AM org.apache.catalina.core.StandardContext startInternal
SEVERE: Error in resourceStart()
juin 03, 2016 12:05:04 AM org.apache.catalina.core.StandardContext startInternal
SEVERE: Error getConfigured
juin 03, 2016 12:05:04 AM org.apache.catalina.core.StandardContext startInternal
SEVERE: Context [/jour5EL] startup failed due to previous errors
juin 03, 2016 12:05:04 AM org.apache.catalina.startup.HostConfig deployDescriptor
INFO: Deploying configuration descriptor C:\apache-tomcat-7.0.37\conf\Catalina\localhost\PratiqueJour4.xml
juin 03, 2016 12:05:04 AM org.apache.catalina.startup.HostConfig deployDescriptor
INFO: Deploying configuration descriptor C:\apache-tomcat-7.0.37\conf\Catalina\localhost\Projet.xml
juin 03, 2016 12:05:04 AM org.apache.catalina.core.StandardContext resourcesStart
SEVERE: Error starting static Resources
java.lang.IllegalArgumentException: Document base C:\Users\administrateur\Downloads\travaux (6)\travaux\1395486\Projet\Projet\build\web does not exist or is not a readable directory
	at org.apache.naming.resources.FileDirContext.setDocBase(FileDirContext.java:138)
	at org.apache.catalina.core.StandardContext.resourcesStart(StandardContext.java:4912)
	at org.apache.catalina.core.StandardContext.startInternal(StandardContext.java:5092)
	at org.apache.catalina.util.LifecycleBase.start(LifecycleBase.java:150)
	at org.apache.catalina.core.ContainerBase.addChildInternal(ContainerBase.java:901)
	at org.apache.catalina.core.ContainerBase.addChild(ContainerBase.java:877)
	at org.apache.catalina.core.StandardHost.addChild(StandardHost.java:633)
	at org.apache.catalina.startup.HostConfig.deployDescriptor(HostConfig.java:657)
	at org.apache.catalina.startup.HostConfig$DeployDescriptor.run(HostConfig.java:1637)
	at java.util.concurrent.Executors$RunnableAdapter.call(Executors.java:471)
	at java.util.concurrent.FutureTask$Sync.innerRun(FutureTask.java:334)
	at java.util.concurrent.FutureTask.run(FutureTask.java:166)
	at java.util.concurrent.ThreadPoolExecutor.runWorker(ThreadPoolExecutor.java:1110)
	at java.util.concurrent.ThreadPoolExecutor$Worker.run(ThreadPoolExecutor.java:603)
	at java.lang.Thread.run(Thread.java:722)

juin 03, 2016 12:05:04 AM org.apache.catalina.core.StandardContext startInternal
SEVERE: Error in resourceStart()
juin 03, 2016 12:05:04 AM org.apache.catalina.core.StandardContext startInternal
SEVERE: Error getConfigured
juin 03, 2016 12:05:04 AM org.apache.catalina.core.StandardContext startInternal
SEVERE: Context [/Projet] startup failed due to previous errors
juin 03, 2016 12:05:04 AM org.apache.catalina.startup.HostConfig deployDescriptor
INFO: Deploying configuration descriptor C:\apache-tomcat-7.0.37\conf\Catalina\localhost\ProjetJour3.xml
juin 03, 2016 12:05:04 AM org.apache.catalina.core.StandardContext resourcesStart
SEVERE: Error starting static Resources
java.lang.IllegalArgumentException: Document base H:\bdeb\cours dev Web\notes de cours\jour3\ProjetJour3\build\web does not exist or is not a readable directory
	at org.apache.naming.resources.FileDirContext.setDocBase(FileDirContext.java:138)
	at org.apache.catalina.core.StandardContext.resourcesStart(StandardContext.java:4912)
	at org.apache.catalina.core.StandardContext.startInternal(StandardContext.java:5092)
	at org.apache.catalina.util.LifecycleBase.start(LifecycleBase.java:150)
	at org.apache.catalina.core.ContainerBase.addChildInternal(ContainerBase.java:901)
	at org.apache.catalina.core.ContainerBase.addChild(ContainerBase.java:877)
	at org.apache.catalina.core.StandardHost.addChild(StandardHost.java:633)
	at org.apache.catalina.startup.HostConfig.deployDescriptor(HostConfig.java:657)
	at org.apache.catalina.startup.HostConfig$DeployDescriptor.run(HostConfig.java:1637)
	at java.util.concurrent.Executors$RunnableAdapter.call(Executors.java:471)
	at java.util.concurrent.FutureTask$Sync.innerRun(FutureTask.java:334)
	at java.util.concurrent.FutureTask.run(FutureTask.java:166)
	at java.util.concurrent.ThreadPoolExecutor.runWorker(ThreadPoolExecutor.java:1110)
	at java.util.concurrent.ThreadPoolExecutor$Worker.run(ThreadPoolExecutor.java:603)
	at java.lang.Thread.run(Thread.java:722)

juin 03, 2016 12:05:04 AM org.apache.catalina.core.StandardContext startInternal
SEVERE: Error in resourceStart()
juin 03, 2016 12:05:04 AM org.apache.catalina.core.StandardContext startInternal
SEVERE: Error getConfigured
juin 03, 2016 12:05:04 AM org.apache.catalina.core.StandardContext startInternal
SEVERE: Context [/ProjetJour3] startup failed due to previous errors
juin 03, 2016 12:05:04 AM org.apache.catalina.startup.HostConfig deployDescriptor
INFO: Deploying configuration descriptor C:\apache-tomcat-7.0.37\conf\Catalina\localhost\projetjour4.xml
juin 03, 2016 12:05:04 AM org.apache.catalina.core.StandardContext resourcesStart
SEVERE: Error starting static Resources
java.lang.IllegalArgumentException: Document base H:\bdeb\cours dev Web\notes de cours\jour4\projetjour4\build\web does not exist or is not a readable directory
	at org.apache.naming.resources.FileDirContext.setDocBase(FileDirContext.java:138)
	at org.apache.catalina.core.StandardContext.resourcesStart(StandardContext.java:4912)
	at org.apache.catalina.core.StandardContext.startInternal(StandardContext.java:5092)
	at org.apache.catalina.util.LifecycleBase.start(LifecycleBase.java:150)
	at org.apache.catalina.core.ContainerBase.addChildInternal(ContainerBase.java:901)
	at org.apache.catalina.core.ContainerBase.addChild(ContainerBase.java:877)
	at org.apache.catalina.core.StandardHost.addChild(StandardHost.java:633)
	at org.apache.catalina.startup.HostConfig.deployDescriptor(HostConfig.java:657)
	at org.apache.catalina.startup.HostConfig$DeployDescriptor.run(HostConfig.java:1637)
	at java.util.concurrent.Executors$RunnableAdapter.call(Executors.java:471)
	at java.util.concurrent.FutureTask$Sync.innerRun(FutureTask.java:334)
	at java.util.concurrent.FutureTask.run(FutureTask.java:166)
	at java.util.concurrent.ThreadPoolExecutor.runWorker(ThreadPoolExecutor.java:1110)
	at java.util.concurrent.ThreadPoolExecutor$Worker.run(ThreadPoolExecutor.java:603)
	at java.lang.Thread.run(Thread.java:722)

juin 03, 2016 12:05:04 AM org.apache.catalina.core.StandardContext startInternal
SEVERE: Error in resourceStart()
juin 03, 2016 12:05:04 AM org.apache.catalina.core.StandardContext startInternal
SEVERE: Error getConfigured
juin 03, 2016 12:05:04 AM org.apache.catalina.core.StandardContext startInternal
SEVERE: Context [/projetjour4] startup failed due to previous errors
juin 03, 2016 12:05:04 AM org.apache.catalina.startup.HostConfig deployDescriptor
INFO: Deploying configuration descriptor C:\apache-tomcat-7.0.37\conf\Catalina\localhost\projetSession.xml
juin 03, 2016 12:05:04 AM org.apache.catalina.core.StandardContext resourcesStart
SEVERE: Error starting static Resources
java.lang.IllegalArgumentException: Document base C:\Users\administrateur\Downloads\travaux (6)\travaux\1495522\ProjetSession_v2_WilliamTaylor\build\web does not exist or is not a readable directory
	at org.apache.naming.resources.FileDirContext.setDocBase(FileDirContext.java:138)
	at org.apache.catalina.core.StandardContext.resourcesStart(StandardContext.java:4912)
	at org.apache.catalina.core.StandardContext.startInternal(StandardContext.java:5092)
	at org.apache.catalina.util.LifecycleBase.start(LifecycleBase.java:150)
	at org.apache.catalina.core.ContainerBase.addChildInternal(ContainerBase.java:901)
	at org.apache.catalina.core.ContainerBase.addChild(ContainerBase.java:877)
	at org.apache.catalina.core.StandardHost.addChild(StandardHost.java:633)
	at org.apache.catalina.startup.HostConfig.deployDescriptor(HostConfig.java:657)
	at org.apache.catalina.startup.HostConfig$DeployDescriptor.run(HostConfig.java:1637)
	at java.util.concurrent.Executors$RunnableAdapter.call(Executors.java:471)
	at java.util.concurrent.FutureTask$Sync.innerRun(FutureTask.java:334)
	at java.util.concurrent.FutureTask.run(FutureTask.java:166)
	at java.util.concurrent.ThreadPoolExecutor.runWorker(ThreadPoolExecutor.java:1110)
	at java.util.concurrent.ThreadPoolExecutor$Worker.run(ThreadPoolExecutor.java:603)
	at java.lang.Thread.run(Thread.java:722)

juin 03, 2016 12:05:04 AM org.apache.catalina.core.StandardContext startInternal
SEVERE: Error in resourceStart()
juin 03, 2016 12:05:04 AM org.apache.catalina.core.StandardContext startInternal
SEVERE: Error getConfigured
juin 03, 2016 12:05:04 AM org.apache.catalina.core.StandardContext startInternal
SEVERE: Context [/projetSession] startup failed due to previous errors
juin 03, 2016 12:05:04 AM org.apache.catalina.startup.HostConfig deployDescriptor
INFO: Deploying configuration descriptor C:\apache-tomcat-7.0.37\conf\Catalina\localhost\ProjetSession_ManuelPalacio_PolicesAssurance.xml
juin 03, 2016 12:05:04 AM org.apache.catalina.core.StandardContext resourcesStart
SEVERE: Error starting static Resources
java.lang.IllegalArgumentException: Document base C:\Users\administrateur\Downloads\travaux (6)\travaux\1495567\LivrableFinal_ManuelPalacio_1495567\ProjetSession_ManuelPalacio_PolicesAssurance\build\web does not exist or is not a readable directory
	at org.apache.naming.resources.FileDirContext.setDocBase(FileDirContext.java:138)
	at org.apache.catalina.core.StandardContext.resourcesStart(StandardContext.java:4912)
	at org.apache.catalina.core.StandardContext.startInternal(StandardContext.java:5092)
	at org.apache.catalina.util.LifecycleBase.start(LifecycleBase.java:150)
	at org.apache.catalina.core.ContainerBase.addChildInternal(ContainerBase.java:901)
	at org.apache.catalina.core.ContainerBase.addChild(ContainerBase.java:877)
	at org.apache.catalina.core.StandardHost.addChild(StandardHost.java:633)
	at org.apache.catalina.startup.HostConfig.deployDescriptor(HostConfig.java:657)
	at org.apache.catalina.startup.HostConfig$DeployDescriptor.run(HostConfig.java:1637)
	at java.util.concurrent.Executors$RunnableAdapter.call(Executors.java:471)
	at java.util.concurrent.FutureTask$Sync.innerRun(FutureTask.java:334)
	at java.util.concurrent.FutureTask.run(FutureTask.java:166)
	at java.util.concurrent.ThreadPoolExecutor.runWorker(ThreadPoolExecutor.java:1110)
	at java.util.concurrent.ThreadPoolExecutor$Worker.run(ThreadPoolExecutor.java:603)
	at java.lang.Thread.run(Thread.java:722)

juin 03, 2016 12:05:04 AM org.apache.catalina.core.StandardContext startInternal
SEVERE: Error in resourceStart()
juin 03, 2016 12:05:04 AM org.apache.catalina.core.StandardContext startInternal
SEVERE: Error getConfigured
juin 03, 2016 12:05:04 AM org.apache.catalina.core.StandardContext startInternal
SEVERE: Context [/ProjetSession_ManuelPalacio_PolicesAssurance] startup failed due to previous errors
juin 03, 2016 12:05:04 AM org.apache.catalina.startup.HostConfig deployDescriptor
INFO: Deploying configuration descriptor C:\apache-tomcat-7.0.37\conf\Catalina\localhost\ROOT.xml
juin 03, 2016 12:05:04 AM org.apache.catalina.startup.HostConfig deployDescriptor
INFO: Deploying configuration descriptor C:\apache-tomcat-7.0.37\conf\Catalina\localhost\test.xml
juin 03, 2016 12:05:04 AM org.apache.catalina.startup.HostConfig deployDescriptor
INFO: Deploying configuration descriptor C:\apache-tomcat-7.0.37\conf\Catalina\localhost\TravailPersistance.xml
juin 03, 2016 12:05:04 AM org.apache.catalina.core.StandardContext resourcesStart
SEVERE: Error starting static Resources
java.lang.IllegalArgumentException: Document base G:\bdeb\cours dev Web\notes de cours\jour6\exemplePersistance\build\web does not exist or is not a readable directory
	at org.apache.naming.resources.FileDirContext.setDocBase(FileDirContext.java:138)
	at org.apache.catalina.core.StandardContext.resourcesStart(StandardContext.java:4912)
	at org.apache.catalina.core.StandardContext.startInternal(StandardContext.java:5092)
	at org.apache.catalina.util.LifecycleBase.start(LifecycleBase.java:150)
	at org.apache.catalina.core.ContainerBase.addChildInternal(ContainerBase.java:901)
	at org.apache.catalina.core.ContainerBase.addChild(ContainerBase.java:877)
	at org.apache.catalina.core.StandardHost.addChild(StandardHost.java:633)
	at org.apache.catalina.startup.HostConfig.deployDescriptor(HostConfig.java:657)
	at org.apache.catalina.startup.HostConfig$DeployDescriptor.run(HostConfig.java:1637)
	at java.util.concurrent.Executors$RunnableAdapter.call(Executors.java:471)
	at java.util.concurrent.FutureTask$Sync.innerRun(FutureTask.java:334)
	at java.util.concurrent.FutureTask.run(FutureTask.java:166)
	at java.util.concurrent.ThreadPoolExecutor.runWorker(ThreadPoolExecutor.java:1110)
	at java.util.concurrent.ThreadPoolExecutor$Worker.run(ThreadPoolExecutor.java:603)
	at java.lang.Thread.run(Thread.java:722)

juin 03, 2016 12:05:04 AM org.apache.catalina.core.StandardContext startInternal
SEVERE: Error in resourceStart()
juin 03, 2016 12:05:04 AM org.apache.catalina.core.StandardContext startInternal
SEVERE: Error getConfigured
juin 03, 2016 12:05:04 AM org.apache.catalina.core.StandardContext startInternal
SEVERE: Context [/TravailPersistance] startup failed due to previous errors
juin 03, 2016 12:05:04 AM org.apache.catalina.startup.HostConfig deployDescriptor
INFO: Deploying configuration descriptor C:\apache-tomcat-7.0.37\conf\Catalina\localhost\WebApplication1.xml
juin 03, 2016 12:05:04 AM org.apache.catalina.core.StandardContext resourcesStart
SEVERE: Error starting static Resources
java.lang.IllegalArgumentException: Document base C:\TEMP\WebApplication1\build\web does not exist or is not a readable directory
	at org.apache.naming.resources.FileDirContext.setDocBase(FileDirContext.java:138)
	at org.apache.catalina.core.StandardContext.resourcesStart(StandardContext.java:4912)
	at org.apache.catalina.core.StandardContext.startInternal(StandardContext.java:5092)
	at org.apache.catalina.util.LifecycleBase.start(LifecycleBase.java:150)
	at org.apache.catalina.core.ContainerBase.addChildInternal(ContainerBase.java:901)
	at org.apache.catalina.core.ContainerBase.addChild(ContainerBase.java:877)
	at org.apache.catalina.core.StandardHost.addChild(StandardHost.java:633)
	at org.apache.catalina.startup.HostConfig.deployDescriptor(HostConfig.java:657)
	at org.apache.catalina.startup.HostConfig$DeployDescriptor.run(HostConfig.java:1637)
	at java.util.concurrent.Executors$RunnableAdapter.call(Executors.java:471)
	at java.util.concurrent.FutureTask$Sync.innerRun(FutureTask.java:334)
	at java.util.concurrent.FutureTask.run(FutureTask.java:166)
	at java.util.concurrent.ThreadPoolExecutor.runWorker(ThreadPoolExecutor.java:1110)
	at java.util.concurrent.ThreadPoolExecutor$Worker.run(ThreadPoolExecutor.java:603)
	at java.lang.Thread.run(Thread.java:722)

juin 03, 2016 12:05:04 AM org.apache.catalina.core.StandardContext startInternal
SEVERE: Error in resourceStart()
juin 03, 2016 12:05:04 AM org.apache.catalina.core.StandardContext startInternal
SEVERE: Error getConfigured
juin 03, 2016 12:05:04 AM org.apache.catalina.core.StandardContext startInternal
SEVERE: Context [/WebApplication1] startup failed due to previous errors
juin 03, 2016 12:05:04 AM org.apache.catalina.startup.HostConfig deployDescriptor
INFO: Deploying configuration descriptor C:\apache-tomcat-7.0.37\conf\Catalina\localhost\WebIntra20_05_2015.xml
juin 03, 2016 12:05:04 AM org.apache.catalina.core.StandardContext resourcesStart
SEVERE: Error starting static Resources
java.lang.IllegalArgumentException: Document base G:\bdeb\cours dev Web\gr mai 2015\intra\travaux\1495670\Intra_Tarinyadi_Benoudjita\WebIntra20_05_2015\build\web does not exist or is not a readable directory
	at org.apache.naming.resources.FileDirContext.setDocBase(FileDirContext.java:138)
	at org.apache.catalina.core.StandardContext.resourcesStart(StandardContext.java:4912)
	at org.apache.catalina.core.StandardContext.startInternal(StandardContext.java:5092)
	at org.apache.catalina.util.LifecycleBase.start(LifecycleBase.java:150)
	at org.apache.catalina.core.ContainerBase.addChildInternal(ContainerBase.java:901)
	at org.apache.catalina.core.ContainerBase.addChild(ContainerBase.java:877)
	at org.apache.catalina.core.StandardHost.addChild(StandardHost.java:633)
	at org.apache.catalina.startup.HostConfig.deployDescriptor(HostConfig.java:657)
	at org.apache.catalina.startup.HostConfig$DeployDescriptor.run(HostConfig.java:1637)
	at java.util.concurrent.Executors$RunnableAdapter.call(Executors.java:471)
	at java.util.concurrent.FutureTask$Sync.innerRun(FutureTask.java:334)
	at java.util.concurrent.FutureTask.run(FutureTask.java:166)
	at java.util.concurrent.ThreadPoolExecutor.runWorker(ThreadPoolExecutor.java:1110)
	at java.util.concurrent.ThreadPoolExecutor$Worker.run(ThreadPoolExecutor.java:603)
	at java.lang.Thread.run(Thread.java:722)

juin 03, 2016 12:05:04 AM org.apache.catalina.core.StandardContext startInternal
SEVERE: Error in resourceStart()
juin 03, 2016 12:05:04 AM org.apache.catalina.core.StandardContext startInternal
SEVERE: Error getConfigured
juin 03, 2016 12:05:04 AM org.apache.catalina.core.StandardContext startInternal
SEVERE: Context [/WebIntra20_05_2015] startup failed due to previous errors
juin 03, 2016 12:05:04 AM org.apache.catalina.startup.HostConfig deployDescriptor
INFO: Deploying configuration descriptor C:\apache-tomcat-7.0.37\conf\Catalina\localhost\WebIntra_VAN1.xml
juin 03, 2016 12:05:04 AM org.apache.catalina.core.StandardContext resourcesStart
SEVERE: Error starting static Resources
java.lang.IllegalArgumentException: Document base G:\bdeb\cours dev Web\gr mai 2015\intra\travaux\1395515\WebIntra_VAN1\build\web does not exist or is not a readable directory
	at org.apache.naming.resources.FileDirContext.setDocBase(FileDirContext.java:138)
	at org.apache.catalina.core.StandardContext.resourcesStart(StandardContext.java:4912)
	at org.apache.catalina.core.StandardContext.startInternal(StandardContext.java:5092)
	at org.apache.catalina.util.LifecycleBase.start(LifecycleBase.java:150)
	at org.apache.catalina.core.ContainerBase.addChildInternal(ContainerBase.java:901)
	at org.apache.catalina.core.ContainerBase.addChild(ContainerBase.java:877)
	at org.apache.catalina.core.StandardHost.addChild(StandardHost.java:633)
	at org.apache.catalina.startup.HostConfig.deployDescriptor(HostConfig.java:657)
	at org.apache.catalina.startup.HostConfig$DeployDescriptor.run(HostConfig.java:1637)
	at java.util.concurrent.Executors$RunnableAdapter.call(Executors.java:471)
	at java.util.concurrent.FutureTask$Sync.innerRun(FutureTask.java:334)
	at java.util.concurrent.FutureTask.run(FutureTask.java:166)
	at java.util.concurrent.ThreadPoolExecutor.runWorker(ThreadPoolExecutor.java:1110)
	at java.util.concurrent.ThreadPoolExecutor$Worker.run(ThreadPoolExecutor.java:603)
	at java.lang.Thread.run(Thread.java:722)

juin 03, 2016 12:05:04 AM org.apache.catalina.core.StandardContext startInternal
SEVERE: Error in resourceStart()
juin 03, 2016 12:05:04 AM org.apache.catalina.core.StandardContext startInternal
SEVERE: Error getConfigured
juin 03, 2016 12:05:04 AM org.apache.catalina.core.StandardContext startInternal
SEVERE: Context [/WebIntra_VAN1] startup failed due to previous errors
juin 03, 2016 12:05:04 AM org.apache.catalina.startup.HostConfig deployDescriptor
INFO: Deploying configuration descriptor C:\apache-tomcat-7.0.37\conf\Catalina\localhost\WebTP.xml
juin 03, 2016 12:05:04 AM org.apache.catalina.core.StandardContext resourcesStart
SEVERE: Error starting static Resources
java.lang.IllegalArgumentException: Document base C:\Users\administrateur\Downloads\travaux (6)\travaux\0924345\Livrable2_Andreea\WebTP\build\web does not exist or is not a readable directory
	at org.apache.naming.resources.FileDirContext.setDocBase(FileDirContext.java:138)
	at org.apache.catalina.core.StandardContext.resourcesStart(StandardContext.java:4912)
	at org.apache.catalina.core.StandardContext.startInternal(StandardContext.java:5092)
	at org.apache.catalina.util.LifecycleBase.start(LifecycleBase.java:150)
	at org.apache.catalina.core.ContainerBase.addChildInternal(ContainerBase.java:901)
	at org.apache.catalina.core.ContainerBase.addChild(ContainerBase.java:877)
	at org.apache.catalina.core.StandardHost.addChild(StandardHost.java:633)
	at org.apache.catalina.startup.HostConfig.deployDescriptor(HostConfig.java:657)
	at org.apache.catalina.startup.HostConfig$DeployDescriptor.run(HostConfig.java:1637)
	at java.util.concurrent.Executors$RunnableAdapter.call(Executors.java:471)
	at java.util.concurrent.FutureTask$Sync.innerRun(FutureTask.java:334)
	at java.util.concurrent.FutureTask.run(FutureTask.java:166)
	at java.util.concurrent.ThreadPoolExecutor.runWorker(ThreadPoolExecutor.java:1110)
	at java.util.concurrent.ThreadPoolExecutor$Worker.run(ThreadPoolExecutor.java:603)
	at java.lang.Thread.run(Thread.java:722)

juin 03, 2016 12:05:04 AM org.apache.catalina.core.StandardContext startInternal
SEVERE: Error in resourceStart()
juin 03, 2016 12:05:04 AM org.apache.catalina.core.StandardContext startInternal
SEVERE: Error getConfigured
juin 03, 2016 12:05:04 AM org.apache.catalina.core.StandardContext startInternal
SEVERE: Context [/WebTP] startup failed due to previous errors
juin 03, 2016 12:05:04 AM org.apache.catalina.startup.HostConfig deployDirectory
INFO: Deploying web application directory C:\apache-tomcat-7.0.37\webapps\docs
juin 03, 2016 12:05:04 AM org.apache.catalina.startup.HostConfig deployDirectory
INFO: Deploying web application directory C:\apache-tomcat-7.0.37\webapps\examples
juin 03, 2016 12:05:05 AM org.apache.catalina.startup.HostConfig deployDirectory
INFO: Deploying web application directory C:\apache-tomcat-7.0.37\webapps\host-manager
juin 03, 2016 12:05:05 AM org.apache.catalina.startup.HostConfig deployDirectory
INFO: Deploying web application directory C:\apache-tomcat-7.0.37\webapps\manager
juin 03, 2016 12:05:05 AM org.apache.coyote.AbstractProtocol start
INFO: Starting ProtocolHandler ["http-apr-8085"]
juin 03, 2016 12:05:05 AM org.apache.coyote.AbstractProtocol start
INFO: Starting ProtocolHandler ["ajp-apr-8009"]
juin 03, 2016 12:05:05 AM org.apache.catalina.startup.Catalina start
INFO: Server startup in 3732 ms
juin 03, 2016 12:05:55 AM org.apache.catalina.startup.HostConfig deleteRedeployResources
INFO: Undeploying context []
juin 03, 2016 12:05:57 AM org.apache.catalina.startup.HostConfig deployDescriptor
INFO: Deploying configuration descriptor C:\apache-tomcat-7.0.37\conf\Catalina\localhost\ROOT.xml
juin 03, 2016 12:05:57 AM org.apache.catalina.util.LifecycleBase start
INFO: The start() method was called on component [StandardEngine[Catalina].StandardHost[localhost].StandardContext[]] after start() had already been called. The second call will be ignored.
juin 03, 2016 12:07:45 AM org.apache.catalina.core.StandardServer await
INFO: A valid shutdown command was received via the shutdown port. Stopping the Server instance.
juin 03, 2016 12:07:45 AM org.apache.coyote.AbstractProtocol pause
INFO: Pausing ProtocolHandler ["http-apr-8085"]
juin 03, 2016 12:07:45 AM org.apache.coyote.AbstractProtocol pause
INFO: Pausing ProtocolHandler ["ajp-apr-8009"]
juin 03, 2016 12:07:45 AM org.apache.catalina.core.StandardService stopInternal
INFO: Stopping service Catalina
juin 03, 2016 12:07:45 AM org.apache.coyote.AbstractProtocol stop
INFO: Stopping ProtocolHandler ["http-apr-8085"]
juin 03, 2016 12:07:45 AM org.apache.coyote.AbstractProtocol stop
INFO: Stopping ProtocolHandler ["ajp-apr-8009"]
juin 03, 2016 12:07:45 AM org.apache.coyote.AbstractProtocol destroy
INFO: Destroying ProtocolHandler ["http-apr-8085"]
juin 03, 2016 12:07:45 AM org.apache.coyote.AbstractProtocol destroy
INFO: Destroying ProtocolHandler ["ajp-apr-8009"]
