juin 09, 2015 6:22:04 PM org.apache.catalina.core.ApplicationFilterConfig release
SEVERE: Failed to destroy the filter named [struts2] of type [org.apache.struts2.dispatcher.ng.filter.StrutsPrepareAndExecuteFilter]
java.lang.NoClassDefFoundError: org/apache/struts2/util/ObjectFactoryDestroyable
	at org.apache.struts2.dispatcher.Dispatcher.cleanup(Dispatcher.java:265)
	at org.apache.struts2.dispatcher.ng.PrepareOperations.cleanupDispatcher(PrepareOperations.java:179)
	at org.apache.struts2.dispatcher.ng.filter.StrutsPrepareAndExecuteFilter.destroy(StrutsPrepareAndExecuteFilter.java:100)
	at org.apache.catalina.core.ApplicationFilterConfig.release(ApplicationFilterConfig.java:315)
	at org.apache.catalina.core.StandardContext.filterStop(StandardContext.java:4692)
	at org.apache.catalina.core.StandardContext.stopInternal(StandardContext.java:5475)
	at org.apache.catalina.util.LifecycleBase.stop(LifecycleBase.java:232)
	at org.apache.catalina.core.ContainerBase.removeChild(ContainerBase.java:1028)
	at org.apache.catalina.startup.HostConfig.deleteRedeployResources(HostConfig.java:1300)
	at org.apache.catalina.startup.HostConfig.checkResources(HostConfig.java:1251)
	at org.apache.catalina.startup.HostConfig.check(HostConfig.java:1440)
	at org.apache.catalina.startup.HostConfig.lifecycleEvent(HostConfig.java:301)
	at org.apache.catalina.util.LifecycleSupport.fireLifecycleEvent(LifecycleSupport.java:119)
	at org.apache.catalina.util.LifecycleBase.fireLifecycleEvent(LifecycleBase.java:90)
	at org.apache.catalina.core.ContainerBase.backgroundProcess(ContainerBase.java:1374)
	at org.apache.catalina.core.ContainerBase$ContainerBackgroundProcessor.processChildren(ContainerBase.java:1530)
	at org.apache.catalina.core.ContainerBase$ContainerBackgroundProcessor.processChildren(ContainerBase.java:1540)
	at org.apache.catalina.core.ContainerBase$ContainerBackgroundProcessor.run(ContainerBase.java:1519)
	at java.lang.Thread.run(Thread.java:745)
Caused by: java.lang.ClassNotFoundException: org.apache.struts2.util.ObjectFactoryDestroyable
	at org.apache.catalina.loader.WebappClassLoader.loadClass(WebappClassLoader.java:1713)
	at org.apache.catalina.loader.WebappClassLoader.loadClass(WebappClassLoader.java:1558)
	... 19 more

