juin 16, 2016 4:37:15 PM org.apache.catalina.core.ApplicationContext log
INFO: ContextListener: contextInitialized()
juin 16, 2016 4:37:15 PM org.apache.catalina.core.ApplicationContext log
INFO: SessionListener: contextInitialized()
juin 16, 2016 4:37:15 PM org.apache.catalina.core.ApplicationContext log
INFO: ContextListener: attributeAdded('org.apache.jasper.compiler.TldLocationsCache', 'org.apache.jasper.compiler.TldLocationsCache@17eba84')
juin 16, 2016 5:02:33 PM org.apache.catalina.core.ApplicationContext log
INFO: SessionListener: contextDestroyed()
juin 16, 2016 5:02:33 PM org.apache.catalina.core.ApplicationContext log
INFO: ContextListener: contextDestroyed()
juin 16, 2016 5:02:43 PM org.apache.catalina.core.ApplicationContext log
INFO: ContextListener: contextInitialized()
juin 16, 2016 5:02:43 PM org.apache.catalina.core.ApplicationContext log
INFO: SessionListener: contextInitialized()
juin 16, 2016 5:02:43 PM org.apache.catalina.core.ApplicationContext log
INFO: ContextListener: attributeAdded('org.apache.jasper.compiler.TldLocationsCache', 'org.apache.jasper.compiler.TldLocationsCache@6b4eba')
juin 16, 2016 5:26:57 PM org.apache.catalina.core.StandardWrapperValve invoke
SEVERE: Servlet.service() for servlet [ChoixLangue] in context with path [/exempleI18n2] threw exception
java.lang.IllegalArgumentException: Path application_1.jsp does not start with a "/" character
	at org.apache.catalina.core.ApplicationContext.getRequestDispatcher(ApplicationContext.java:430)
	at org.apache.catalina.core.ApplicationContextFacade.getRequestDispatcher(ApplicationContextFacade.java:223)
	at servlets.ChoixLangue.processRequest(ChoixLangue.java:34)
	at servlets.ChoixLangue.doGet(ChoixLangue.java:50)
	at javax.servlet.http.HttpServlet.service(HttpServlet.java:621)
	at javax.servlet.http.HttpServlet.service(HttpServlet.java:728)
	at org.apache.catalina.core.ApplicationFilterChain.internalDoFilter(ApplicationFilterChain.java:305)
	at org.apache.catalina.core.ApplicationFilterChain.doFilter(ApplicationFilterChain.java:210)
	at org.apache.catalina.core.StandardWrapperValve.invoke(StandardWrapperValve.java:222)
	at org.apache.catalina.core.StandardContextValve.invoke(StandardContextValve.java:123)
	at org.apache.catalina.authenticator.AuthenticatorBase.invoke(AuthenticatorBase.java:472)
	at org.apache.catalina.core.StandardHostValve.invoke(StandardHostValve.java:171)
	at org.apache.catalina.valves.ErrorReportValve.invoke(ErrorReportValve.java:99)
	at org.apache.catalina.valves.AccessLogValve.invoke(AccessLogValve.java:936)
	at org.apache.catalina.core.StandardEngineValve.invoke(StandardEngineValve.java:118)
	at org.apache.catalina.connector.CoyoteAdapter.service(CoyoteAdapter.java:407)
	at org.apache.coyote.http11.AbstractHttp11Processor.process(AbstractHttp11Processor.java:1004)
	at org.apache.coyote.AbstractProtocol$AbstractConnectionHandler.process(AbstractProtocol.java:589)
	at org.apache.tomcat.util.net.JIoEndpoint$SocketProcessor.run(JIoEndpoint.java:312)
	at java.util.concurrent.ThreadPoolExecutor.runWorker(ThreadPoolExecutor.java:1142)
	at java.util.concurrent.ThreadPoolExecutor$Worker.run(ThreadPoolExecutor.java:617)
	at java.lang.Thread.run(Thread.java:745)

juin 16, 2016 10:39:09 PM org.apache.catalina.core.ApplicationContext log
INFO: SessionListener: contextDestroyed()
juin 16, 2016 10:39:09 PM org.apache.catalina.core.ApplicationContext log
INFO: ContextListener: contextDestroyed()
