août 22, 2016 8:51:21 PM org.apache.catalina.core.ApplicationContext log
INFO: No Spring WebApplicationInitializer types detected on classpath
août 22, 2016 8:51:21 PM org.apache.catalina.core.ApplicationContext log
INFO: Initializing Spring root WebApplicationContext
août 22, 2016 8:51:22 PM org.apache.catalina.core.ApplicationContext log
INFO: Initializing Spring FrameworkServlet 'dispatcher'
août 22, 2016 8:51:27 PM org.apache.catalina.core.ApplicationContext log
INFO: No Spring WebApplicationInitializer types detected on classpath
août 22, 2016 8:51:27 PM org.apache.catalina.core.ApplicationContext log
INFO: Initializing Spring root WebApplicationContext
août 22, 2016 8:51:27 PM org.apache.catalina.core.ApplicationContext log
INFO: Initializing Spring FrameworkServlet 'dispatcher'
août 22, 2016 8:51:28 PM org.apache.catalina.core.ApplicationContext log
INFO: Initializing Spring root WebApplicationContext
août 22, 2016 8:51:28 PM org.apache.catalina.core.ApplicationContext log
INFO: Initializing Spring FrameworkServlet 'objisapp'
août 22, 2016 8:51:29 PM org.apache.catalina.core.ApplicationContext log
INFO: ContextListener: contextInitialized()
août 22, 2016 8:51:29 PM org.apache.catalina.core.ApplicationContext log
INFO: SessionListener: contextInitialized()
août 22, 2016 8:51:29 PM org.apache.catalina.core.ApplicationContext log
INFO: ContextListener: attributeAdded('org.apache.jasper.compiler.TldLocationsCache', 'org.apache.jasper.compiler.TldLocationsCache@68bc44')
août 22, 2016 11:34:12 PM org.apache.catalina.core.ApplicationContext log
INFO: Destroying Spring FrameworkServlet 'objisapp'
août 22, 2016 11:34:12 PM org.apache.catalina.core.ApplicationContext log
INFO: Closing Spring root WebApplicationContext
août 22, 2016 11:34:12 PM org.apache.catalina.core.ApplicationContext log
INFO: SessionListener: contextDestroyed()
août 22, 2016 11:34:12 PM org.apache.catalina.core.ApplicationContext log
INFO: ContextListener: contextDestroyed()
août 22, 2016 11:34:12 PM org.apache.catalina.core.ApplicationContext log
INFO: Destroying Spring FrameworkServlet 'dispatcher'
août 22, 2016 11:34:12 PM org.apache.catalina.core.ApplicationContext log
INFO: Closing Spring root WebApplicationContext
août 22, 2016 11:34:12 PM org.apache.catalina.core.ApplicationContext log
INFO: Destroying Spring FrameworkServlet 'dispatcher'
août 22, 2016 11:34:12 PM org.apache.catalina.core.ApplicationContext log
INFO: Closing Spring root WebApplicationContext
