juil. 07, 2015 11:56:07 PM org.apache.catalina.core.ApplicationContext log
SEVERE: Servlet jsp threw unload() exception
javax.servlet.ServletException: Servlet.destroy() for servlet jsp threw exception
	at org.apache.catalina.core.StandardWrapper.unload(StandardWrapper.java:1502)
	at org.apache.catalina.core.StandardWrapper.stopInternal(StandardWrapper.java:1842)
	at org.apache.catalina.util.LifecycleBase.stop(LifecycleBase.java:232)
	at org.apache.catalina.core.StandardContext.stopInternal(StandardContext.java:5471)
	at org.apache.catalina.util.LifecycleBase.stop(LifecycleBase.java:232)
	at org.apache.catalina.core.StandardContext.reload(StandardContext.java:3919)
	at org.apache.catalina.manager.ManagerServlet.reload(ManagerServlet.java:954)
	at org.apache.catalina.manager.ManagerServlet.doGet(ManagerServlet.java:364)
	at javax.servlet.http.HttpServlet.service(HttpServlet.java:621)
	at javax.servlet.http.HttpServlet.service(HttpServlet.java:728)
	at org.apache.catalina.core.ApplicationFilterChain.internalDoFilter(ApplicationFilterChain.java:305)
	at org.apache.catalina.core.ApplicationFilterChain.doFilter(ApplicationFilterChain.java:210)
	at org.apache.catalina.filters.SetCharacterEncodingFilter.doFilter(SetCharacterEncodingFilter.java:108)
	at org.apache.catalina.core.ApplicationFilterChain.internalDoFilter(ApplicationFilterChain.java:243)
	at org.apache.catalina.core.ApplicationFilterChain.doFilter(ApplicationFilterChain.java:210)
	at org.apache.catalina.core.StandardWrapperValve.invoke(StandardWrapperValve.java:222)
	at org.apache.catalina.core.StandardContextValve.invoke(StandardContextValve.java:123)
	at org.apache.catalina.authenticator.AuthenticatorBase.invoke(AuthenticatorBase.java:581)
	at org.apache.catalina.core.StandardHostValve.invoke(StandardHostValve.java:171)
	at org.apache.catalina.valves.ErrorReportValve.invoke(ErrorReportValve.java:99)
	at org.apache.catalina.valves.AccessLogValve.invoke(AccessLogValve.java:936)
	at org.apache.catalina.core.StandardEngineValve.invoke(StandardEngineValve.java:118)
	at org.apache.catalina.connector.CoyoteAdapter.service(CoyoteAdapter.java:407)
	at org.apache.coyote.http11.AbstractHttp11Processor.process(AbstractHttp11Processor.java:1004)
	at org.apache.coyote.AbstractProtocol$AbstractConnectionHandler.process(AbstractProtocol.java:589)
	at org.apache.tomcat.util.net.AprEndpoint$SocketProcessor.run(AprEndpoint.java:1852)
	at java.util.concurrent.ThreadPoolExecutor.runWorker(ThreadPoolExecutor.java:1110)
	at java.util.concurrent.ThreadPoolExecutor$Worker.run(ThreadPoolExecutor.java:603)
	at java.lang.Thread.run(Thread.java:722)
Caused by: java.lang.NoSuchFieldError: deferredExpression
	at org.apache.taglibs.standard.tag.common.core.ForEachSupport.release(ForEachSupport.java:216)
	at org.apache.jasper.runtime.TagHandlerPool.release(TagHandlerPool.java:165)
	at org.apache.jsp.WEB_002dINF.Catalogue.modifierProduit_jsp._jspDestroy(modifierProduit_jsp.java:48)
	at org.apache.jasper.runtime.HttpJspBase.destroy(HttpJspBase.java:60)
	at org.apache.jasper.servlet.JspServletWrapper.destroy(JspServletWrapper.java:478)
	at org.apache.jasper.compiler.JspRuntimeContext.destroy(JspRuntimeContext.java:317)
	at org.apache.jasper.servlet.JspServlet.destroy(JspServlet.java:354)
	at org.apache.catalina.core.StandardWrapper.unload(StandardWrapper.java:1481)
	... 28 more

