mai 06, 2015 8:41:40 AM org.apache.catalina.core.ApplicationContext log
INFO: SessionListener: contextDestroyed()
mai 06, 2015 8:41:40 AM org.apache.catalina.core.ApplicationContext log
INFO: ContextListener: contextDestroyed()
mai 06, 2015 8:41:56 AM org.apache.catalina.core.ApplicationContext log
INFO: ContextListener: contextInitialized()
mai 06, 2015 8:41:56 AM org.apache.catalina.core.ApplicationContext log
INFO: SessionListener: contextInitialized()
mai 06, 2015 8:41:56 AM org.apache.catalina.core.ApplicationContext log
INFO: ContextListener: attributeAdded('org.apache.jasper.compiler.TldLocationsCache', 'org.apache.jasper.compiler.TldLocationsCache@8e1a8c')
mai 06, 2015 8:46:14 AM org.apache.catalina.core.ApplicationContext log
INFO: SessionListener: contextDestroyed()
mai 06, 2015 8:46:14 AM org.apache.catalina.core.ApplicationContext log
INFO: ContextListener: contextDestroyed()
mai 06, 2015 8:47:42 AM org.apache.catalina.core.ApplicationContext log
INFO: ContextListener: contextInitialized()
mai 06, 2015 8:47:42 AM org.apache.catalina.core.ApplicationContext log
INFO: SessionListener: contextInitialized()
mai 06, 2015 8:47:42 AM org.apache.catalina.core.ApplicationContext log
INFO: ContextListener: attributeAdded('org.apache.jasper.compiler.TldLocationsCache', 'org.apache.jasper.compiler.TldLocationsCache@1b3ae860')
mai 06, 2015 9:39:05 AM org.apache.catalina.core.StandardWrapperValve invoke
SEVERE: Servlet.service() for servlet [TraitDonneesPourFichierExcel] in context with path [/projetjour4] threw exception
java.lang.IllegalArgumentException: Path genererSortieExcel.jsp does not start with a "/" character
	at org.apache.catalina.core.ApplicationContext.getRequestDispatcher(ApplicationContext.java:430)
	at org.apache.catalina.core.ApplicationContextFacade.getRequestDispatcher(ApplicationContextFacade.java:223)
	at servlets.TraitDonneesPourFichierExcel.processRequest(TraitDonneesPourFichierExcel.java:41)
	at servlets.TraitDonneesPourFichierExcel.doGet(TraitDonneesPourFichierExcel.java:60)
	at javax.servlet.http.HttpServlet.service(HttpServlet.java:621)
	at javax.servlet.http.HttpServlet.service(HttpServlet.java:728)
	at org.apache.catalina.core.ApplicationFilterChain.internalDoFilter(ApplicationFilterChain.java:305)
	at org.apache.catalina.core.ApplicationFilterChain.doFilter(ApplicationFilterChain.java:210)
	at org.apache.catalina.core.StandardWrapperValve.invoke(StandardWrapperValve.java:222)
	at org.apache.catalina.core.StandardContextValve.invoke(StandardContextValve.java:123)
	at org.apache.catalina.authenticator.AuthenticatorBase.invoke(AuthenticatorBase.java:472)
	at org.apache.catalina.core.StandardHostValve.invoke(StandardHostValve.java:171)
	at org.apache.catalina.valves.ErrorReportValve.invoke(ErrorReportValve.java:99)
	at org.apache.catalina.valves.AccessLogValve.invoke(AccessLogValve.java:936)
	at org.apache.catalina.core.StandardEngineValve.invoke(StandardEngineValve.java:118)
	at org.apache.catalina.connector.CoyoteAdapter.service(CoyoteAdapter.java:407)
	at org.apache.coyote.http11.AbstractHttp11Processor.process(AbstractHttp11Processor.java:1004)
	at org.apache.coyote.AbstractProtocol$AbstractConnectionHandler.process(AbstractProtocol.java:589)
	at org.apache.tomcat.util.net.AprEndpoint$SocketProcessor.run(AprEndpoint.java:1852)
	at java.util.concurrent.ThreadPoolExecutor.runWorker(ThreadPoolExecutor.java:1110)
	at java.util.concurrent.ThreadPoolExecutor$Worker.run(ThreadPoolExecutor.java:603)
	at java.lang.Thread.run(Thread.java:722)

mai 06, 2015 9:46:20 AM org.apache.catalina.core.StandardWrapperValve invoke
SEVERE: Servlet.service() for servlet [jsp] in context with path [/projetjour4] threw exception [An exception occurred processing JSP page /SpeedErrors.jsp at line 28

25: following place:
26: <PRE>
27: <%@ page import="java.io.*" %>
28: <% exception.printStackTrace(new PrintWriter(out)); %>
29: <%=exception.getCause()%>
30: 
31: </PRE>


Stacktrace:] with root cause
java.lang.NullPointerException
	at org.apache.jsp.SpeedErrors_jsp._jspService(SpeedErrors_jsp.java:96)
	at org.apache.jasper.runtime.HttpJspBase.service(HttpJspBase.java:70)
	at javax.servlet.http.HttpServlet.service(HttpServlet.java:728)
	at org.apache.jasper.servlet.JspServletWrapper.service(JspServletWrapper.java:432)
	at org.apache.jasper.servlet.JspServlet.serviceJspFile(JspServlet.java:390)
	at org.apache.jasper.servlet.JspServlet.service(JspServlet.java:334)
	at javax.servlet.http.HttpServlet.service(HttpServlet.java:728)
	at org.apache.catalina.core.ApplicationFilterChain.internalDoFilter(ApplicationFilterChain.java:305)
	at org.apache.catalina.core.ApplicationFilterChain.doFilter(ApplicationFilterChain.java:210)
	at org.apache.catalina.core.StandardWrapperValve.invoke(StandardWrapperValve.java:222)
	at org.apache.catalina.core.StandardContextValve.invoke(StandardContextValve.java:123)
	at org.apache.catalina.authenticator.AuthenticatorBase.invoke(AuthenticatorBase.java:472)
	at org.apache.catalina.core.StandardHostValve.invoke(StandardHostValve.java:171)
	at org.apache.catalina.valves.ErrorReportValve.invoke(ErrorReportValve.java:99)
	at org.apache.catalina.valves.AccessLogValve.invoke(AccessLogValve.java:936)
	at org.apache.catalina.core.StandardEngineValve.invoke(StandardEngineValve.java:118)
	at org.apache.catalina.connector.CoyoteAdapter.service(CoyoteAdapter.java:407)
	at org.apache.coyote.http11.AbstractHttp11Processor.process(AbstractHttp11Processor.java:1004)
	at org.apache.coyote.AbstractProtocol$AbstractConnectionHandler.process(AbstractProtocol.java:589)
	at org.apache.tomcat.util.net.AprEndpoint$SocketProcessor.run(AprEndpoint.java:1852)
	at java.util.concurrent.ThreadPoolExecutor.runWorker(ThreadPoolExecutor.java:1110)
	at java.util.concurrent.ThreadPoolExecutor$Worker.run(ThreadPoolExecutor.java:603)
	at java.lang.Thread.run(Thread.java:722)

