mars 09, 2016 11:09:07 PM org.apache.catalina.core.ApplicationContext log
INFO: ContextListener: contextInitialized()
mars 09, 2016 11:09:07 PM org.apache.catalina.core.ApplicationContext log
INFO: SessionListener: contextInitialized()
mars 09, 2016 11:09:07 PM org.apache.catalina.core.ApplicationContext log
INFO: ContextListener: attributeAdded('org.apache.jasper.compiler.TldLocationsCache', 'org.apache.jasper.compiler.TldLocationsCache@3ed01e')
mars 09, 2016 11:29:00 PM org.apache.catalina.core.ApplicationContext log
INFO: SessionListener: contextDestroyed()
mars 09, 2016 11:29:00 PM org.apache.catalina.core.ApplicationContext log
INFO: ContextListener: contextDestroyed()
mars 09, 2016 11:34:59 PM org.apache.catalina.core.ApplicationContext log
INFO: ContextListener: contextInitialized()
mars 09, 2016 11:34:59 PM org.apache.catalina.core.ApplicationContext log
INFO: SessionListener: contextInitialized()
mars 09, 2016 11:34:59 PM org.apache.catalina.core.ApplicationContext log
INFO: ContextListener: attributeAdded('org.apache.jasper.compiler.TldLocationsCache', 'org.apache.jasper.compiler.TldLocationsCache@1ece44f')
mars 09, 2016 11:37:39 PM org.apache.catalina.core.ApplicationContext log
INFO: SessionListener: contextDestroyed()
mars 09, 2016 11:37:39 PM org.apache.catalina.core.ApplicationContext log
INFO: ContextListener: contextDestroyed()
