sept. 18, 2016 10:12:13 PM org.apache.catalina.core.ApplicationContext log
INFO: No Spring WebApplicationInitializer types detected on classpath
sept. 18, 2016 10:12:13 PM org.apache.catalina.core.ApplicationContext log
INFO: Initializing Spring root WebApplicationContext
sept. 18, 2016 10:12:13 PM org.apache.catalina.core.ApplicationContext log
INFO: Initializing Spring FrameworkServlet 'dispatcher'
sept. 18, 2016 10:12:19 PM org.apache.catalina.core.ApplicationContext log
INFO: No Spring WebApplicationInitializer types detected on classpath
sept. 18, 2016 10:12:19 PM org.apache.catalina.core.ApplicationContext log
INFO: Initializing Spring root WebApplicationContext
sept. 18, 2016 10:12:20 PM org.apache.catalina.core.ApplicationContext log
INFO: Initializing Spring FrameworkServlet 'dispatcher'
sept. 18, 2016 10:12:21 PM org.apache.catalina.core.ApplicationContext log
INFO: Initializing Spring root WebApplicationContext
sept. 18, 2016 10:12:21 PM org.apache.catalina.core.ApplicationContext log
INFO: Initializing Spring FrameworkServlet 'objisapp'
sept. 18, 2016 10:12:22 PM org.apache.catalina.core.ApplicationContext log
INFO: ContextListener: contextInitialized()
sept. 18, 2016 10:12:22 PM org.apache.catalina.core.ApplicationContext log
INFO: SessionListener: contextInitialized()
sept. 18, 2016 10:12:22 PM org.apache.catalina.core.ApplicationContext log
INFO: ContextListener: attributeAdded('org.apache.jasper.compiler.TldLocationsCache', 'org.apache.jasper.compiler.TldLocationsCache@3cc8db')
