mars 16, 2014 8:53:22 PM org.apache.catalina.core.ApplicationContext log
INFO: Marking servlet Faces Servlet as unavailable
mars 16, 2014 8:53:22 PM org.apache.catalina.core.StandardContext loadOnStartup
SEVERE: Servlet /Librairie threw load() exception
java.lang.ClassNotFoundException: javax.faces.webapp.FacesServlet
	at org.apache.catalina.loader.WebappClassLoader.loadClass(WebappClassLoader.java:1713)
	at org.apache.catalina.loader.WebappClassLoader.loadClass(WebappClassLoader.java:1558)
	at org.apache.catalina.core.DefaultInstanceManager.loadClass(DefaultInstanceManager.java:527)
	at org.apache.catalina.core.DefaultInstanceManager.loadClassMaybePrivileged(DefaultInstanceManager.java:509)
	at org.apache.catalina.core.DefaultInstanceManager.newInstance(DefaultInstanceManager.java:137)
	at org.apache.catalina.core.StandardWrapper.loadServlet(StandardWrapper.java:1144)
	at org.apache.catalina.core.StandardWrapper.load(StandardWrapper.java:1088)
	at org.apache.catalina.core.StandardContext.loadOnStartup(StandardContext.java:5033)
	at org.apache.catalina.core.StandardContext.startInternal(StandardContext.java:5317)
	at org.apache.catalina.util.LifecycleBase.start(LifecycleBase.java:150)
	at org.apache.catalina.core.ContainerBase.addChildInternal(ContainerBase.java:901)
	at org.apache.catalina.core.ContainerBase.addChild(ContainerBase.java:877)
	at org.apache.catalina.core.StandardHost.addChild(StandardHost.java:633)
	at org.apache.catalina.startup.HostConfig.deployDescriptor(HostConfig.java:657)
	at org.apache.catalina.startup.HostConfig$DeployDescriptor.run(HostConfig.java:1637)
	at java.util.concurrent.Executors$RunnableAdapter.call(Executors.java:471)
	at java.util.concurrent.FutureTask$Sync.innerRun(FutureTask.java:334)
	at java.util.concurrent.FutureTask.run(FutureTask.java:166)
	at java.util.concurrent.ThreadPoolExecutor.runWorker(ThreadPoolExecutor.java:1110)
	at java.util.concurrent.ThreadPoolExecutor$Worker.run(ThreadPoolExecutor.java:603)
	at java.lang.Thread.run(Thread.java:722)

mars 16, 2014 8:53:25 PM org.apache.catalina.core.ApplicationContext log
INFO: ContextListener: contextInitialized()
mars 16, 2014 8:53:25 PM org.apache.catalina.core.ApplicationContext log
INFO: SessionListener: contextInitialized()
mars 16, 2014 8:53:25 PM org.apache.catalina.core.ApplicationContext log
INFO: ContextListener: attributeAdded('org.apache.jasper.compiler.TldLocationsCache', 'org.apache.jasper.compiler.TldLocationsCache@53ac62db')
mars 16, 2014 8:56:46 PM org.apache.catalina.core.ApplicationContext log
INFO: Marking servlet Faces Servlet as unavailable
mars 16, 2014 8:56:46 PM org.apache.catalina.core.StandardContext loadOnStartup
SEVERE: Servlet /Librairie threw load() exception
java.lang.ClassNotFoundException: javax.faces.webapp.FacesServlet
	at org.apache.catalina.loader.WebappClassLoader.loadClass(WebappClassLoader.java:1713)
	at org.apache.catalina.loader.WebappClassLoader.loadClass(WebappClassLoader.java:1558)
	at org.apache.catalina.core.DefaultInstanceManager.loadClass(DefaultInstanceManager.java:527)
	at org.apache.catalina.core.DefaultInstanceManager.loadClassMaybePrivileged(DefaultInstanceManager.java:509)
	at org.apache.catalina.core.DefaultInstanceManager.newInstance(DefaultInstanceManager.java:137)
	at org.apache.catalina.core.StandardWrapper.loadServlet(StandardWrapper.java:1144)
	at org.apache.catalina.core.StandardWrapper.load(StandardWrapper.java:1088)
	at org.apache.catalina.core.StandardContext.loadOnStartup(StandardContext.java:5033)
	at org.apache.catalina.core.StandardContext.startInternal(StandardContext.java:5317)
	at org.apache.catalina.util.LifecycleBase.start(LifecycleBase.java:150)
	at org.apache.catalina.core.ContainerBase.addChildInternal(ContainerBase.java:901)
	at org.apache.catalina.core.ContainerBase.addChild(ContainerBase.java:877)
	at org.apache.catalina.core.StandardHost.addChild(StandardHost.java:633)
	at org.apache.catalina.startup.HostConfig.deployDescriptor(HostConfig.java:657)
	at org.apache.catalina.startup.HostConfig$DeployDescriptor.run(HostConfig.java:1637)
	at java.util.concurrent.Executors$RunnableAdapter.call(Executors.java:471)
	at java.util.concurrent.FutureTask$Sync.innerRun(FutureTask.java:334)
	at java.util.concurrent.FutureTask.run(FutureTask.java:166)
	at java.util.concurrent.ThreadPoolExecutor.runWorker(ThreadPoolExecutor.java:1110)
	at java.util.concurrent.ThreadPoolExecutor$Worker.run(ThreadPoolExecutor.java:603)
	at java.lang.Thread.run(Thread.java:722)

mars 16, 2014 8:56:47 PM org.apache.catalina.core.ApplicationContext log
INFO: ContextListener: contextInitialized()
mars 16, 2014 8:56:47 PM org.apache.catalina.core.ApplicationContext log
INFO: SessionListener: contextInitialized()
mars 16, 2014 8:56:47 PM org.apache.catalina.core.ApplicationContext log
INFO: ContextListener: attributeAdded('org.apache.jasper.compiler.TldLocationsCache', 'org.apache.jasper.compiler.TldLocationsCache@2326cd28')
mars 16, 2014 8:56:47 PM org.apache.catalina.core.ApplicationContext log
INFO: SessionListener: contextDestroyed()
mars 16, 2014 8:56:47 PM org.apache.catalina.core.ApplicationContext log
INFO: ContextListener: contextDestroyed()
mars 16, 2014 8:57:04 PM org.apache.catalina.core.ApplicationContext log
INFO: Marking servlet Faces Servlet as unavailable
mars 16, 2014 8:57:04 PM org.apache.catalina.core.StandardContext loadOnStartup
SEVERE: Servlet /Librairie threw load() exception
java.lang.ClassNotFoundException: javax.faces.webapp.FacesServlet
	at org.apache.catalina.loader.WebappClassLoader.loadClass(WebappClassLoader.java:1713)
	at org.apache.catalina.loader.WebappClassLoader.loadClass(WebappClassLoader.java:1558)
	at org.apache.catalina.core.DefaultInstanceManager.loadClass(DefaultInstanceManager.java:527)
	at org.apache.catalina.core.DefaultInstanceManager.loadClassMaybePrivileged(DefaultInstanceManager.java:509)
	at org.apache.catalina.core.DefaultInstanceManager.newInstance(DefaultInstanceManager.java:137)
	at org.apache.catalina.core.StandardWrapper.loadServlet(StandardWrapper.java:1144)
	at org.apache.catalina.core.StandardWrapper.load(StandardWrapper.java:1088)
	at org.apache.catalina.core.StandardContext.loadOnStartup(StandardContext.java:5033)
	at org.apache.catalina.core.StandardContext.startInternal(StandardContext.java:5317)
	at org.apache.catalina.util.LifecycleBase.start(LifecycleBase.java:150)
	at org.apache.catalina.core.ContainerBase.addChildInternal(ContainerBase.java:901)
	at org.apache.catalina.core.ContainerBase.addChild(ContainerBase.java:877)
	at org.apache.catalina.core.StandardHost.addChild(StandardHost.java:633)
	at org.apache.catalina.startup.HostConfig.deployDescriptor(HostConfig.java:657)
	at org.apache.catalina.startup.HostConfig$DeployDescriptor.run(HostConfig.java:1637)
	at java.util.concurrent.Executors$RunnableAdapter.call(Executors.java:471)
	at java.util.concurrent.FutureTask$Sync.innerRun(FutureTask.java:334)
	at java.util.concurrent.FutureTask.run(FutureTask.java:166)
	at java.util.concurrent.ThreadPoolExecutor.runWorker(ThreadPoolExecutor.java:1110)
	at java.util.concurrent.ThreadPoolExecutor$Worker.run(ThreadPoolExecutor.java:603)
	at java.lang.Thread.run(Thread.java:722)

mars 16, 2014 8:57:05 PM org.apache.catalina.core.ApplicationContext log
INFO: ContextListener: contextInitialized()
mars 16, 2014 8:57:05 PM org.apache.catalina.core.ApplicationContext log
INFO: SessionListener: contextInitialized()
mars 16, 2014 8:57:05 PM org.apache.catalina.core.ApplicationContext log
INFO: ContextListener: attributeAdded('org.apache.jasper.compiler.TldLocationsCache', 'org.apache.jasper.compiler.TldLocationsCache@706d0c69')
mars 16, 2014 8:57:05 PM org.apache.catalina.core.ApplicationContext log
INFO: SessionListener: contextDestroyed()
mars 16, 2014 8:57:05 PM org.apache.catalina.core.ApplicationContext log
INFO: ContextListener: contextDestroyed()
mars 16, 2014 8:57:26 PM org.apache.catalina.core.ApplicationContext log
INFO: Marking servlet Faces Servlet as unavailable
mars 16, 2014 8:57:26 PM org.apache.catalina.core.StandardContext loadOnStartup
SEVERE: Servlet /Librairie threw load() exception
java.lang.ClassNotFoundException: javax.faces.webapp.FacesServlet
	at org.apache.catalina.loader.WebappClassLoader.loadClass(WebappClassLoader.java:1713)
	at org.apache.catalina.loader.WebappClassLoader.loadClass(WebappClassLoader.java:1558)
	at org.apache.catalina.core.DefaultInstanceManager.loadClass(DefaultInstanceManager.java:527)
	at org.apache.catalina.core.DefaultInstanceManager.loadClassMaybePrivileged(DefaultInstanceManager.java:509)
	at org.apache.catalina.core.DefaultInstanceManager.newInstance(DefaultInstanceManager.java:137)
	at org.apache.catalina.core.StandardWrapper.loadServlet(StandardWrapper.java:1144)
	at org.apache.catalina.core.StandardWrapper.load(StandardWrapper.java:1088)
	at org.apache.catalina.core.StandardContext.loadOnStartup(StandardContext.java:5033)
	at org.apache.catalina.core.StandardContext.startInternal(StandardContext.java:5317)
	at org.apache.catalina.util.LifecycleBase.start(LifecycleBase.java:150)
	at org.apache.catalina.core.ContainerBase.addChildInternal(ContainerBase.java:901)
	at org.apache.catalina.core.ContainerBase.addChild(ContainerBase.java:877)
	at org.apache.catalina.core.StandardHost.addChild(StandardHost.java:633)
	at org.apache.catalina.startup.HostConfig.deployDescriptor(HostConfig.java:657)
	at org.apache.catalina.startup.HostConfig$DeployDescriptor.run(HostConfig.java:1637)
	at java.util.concurrent.Executors$RunnableAdapter.call(Executors.java:471)
	at java.util.concurrent.FutureTask$Sync.innerRun(FutureTask.java:334)
	at java.util.concurrent.FutureTask.run(FutureTask.java:166)
	at java.util.concurrent.ThreadPoolExecutor.runWorker(ThreadPoolExecutor.java:1110)
	at java.util.concurrent.ThreadPoolExecutor$Worker.run(ThreadPoolExecutor.java:603)
	at java.lang.Thread.run(Thread.java:722)

mars 16, 2014 8:57:27 PM org.apache.catalina.core.ApplicationContext log
INFO: ContextListener: contextInitialized()
mars 16, 2014 8:57:27 PM org.apache.catalina.core.ApplicationContext log
INFO: SessionListener: contextInitialized()
mars 16, 2014 8:57:27 PM org.apache.catalina.core.ApplicationContext log
INFO: ContextListener: attributeAdded('org.apache.jasper.compiler.TldLocationsCache', 'org.apache.jasper.compiler.TldLocationsCache@71715816')
mars 16, 2014 9:03:04 PM org.apache.catalina.core.ApplicationContext log
INFO: SessionListener: contextDestroyed()
mars 16, 2014 9:03:04 PM org.apache.catalina.core.ApplicationContext log
INFO: ContextListener: contextDestroyed()
mars 16, 2014 9:56:08 PM org.apache.catalina.core.ApplicationContext log
INFO: Marking servlet Faces Servlet as unavailable
mars 16, 2014 9:56:08 PM org.apache.catalina.core.StandardContext loadOnStartup
SEVERE: Servlet /Librairie threw load() exception
java.lang.ClassNotFoundException: javax.faces.webapp.FacesServlet
	at org.apache.catalina.loader.WebappClassLoader.loadClass(WebappClassLoader.java:1713)
	at org.apache.catalina.loader.WebappClassLoader.loadClass(WebappClassLoader.java:1558)
	at org.apache.catalina.core.DefaultInstanceManager.loadClass(DefaultInstanceManager.java:527)
	at org.apache.catalina.core.DefaultInstanceManager.loadClassMaybePrivileged(DefaultInstanceManager.java:509)
	at org.apache.catalina.core.DefaultInstanceManager.newInstance(DefaultInstanceManager.java:137)
	at org.apache.catalina.core.StandardWrapper.loadServlet(StandardWrapper.java:1144)
	at org.apache.catalina.core.StandardWrapper.load(StandardWrapper.java:1088)
	at org.apache.catalina.core.StandardContext.loadOnStartup(StandardContext.java:5033)
	at org.apache.catalina.core.StandardContext.startInternal(StandardContext.java:5317)
	at org.apache.catalina.util.LifecycleBase.start(LifecycleBase.java:150)
	at org.apache.catalina.core.ContainerBase.addChildInternal(ContainerBase.java:901)
	at org.apache.catalina.core.ContainerBase.addChild(ContainerBase.java:877)
	at org.apache.catalina.core.StandardHost.addChild(StandardHost.java:633)
	at org.apache.catalina.startup.HostConfig.deployDescriptor(HostConfig.java:657)
	at org.apache.catalina.startup.HostConfig$DeployDescriptor.run(HostConfig.java:1637)
	at java.util.concurrent.Executors$RunnableAdapter.call(Executors.java:471)
	at java.util.concurrent.FutureTask$Sync.innerRun(FutureTask.java:334)
	at java.util.concurrent.FutureTask.run(FutureTask.java:166)
	at java.util.concurrent.ThreadPoolExecutor.runWorker(ThreadPoolExecutor.java:1110)
	at java.util.concurrent.ThreadPoolExecutor$Worker.run(ThreadPoolExecutor.java:603)
	at java.lang.Thread.run(Thread.java:722)

mars 16, 2014 9:56:08 PM org.apache.catalina.core.ApplicationContext log
INFO: ContextListener: contextInitialized()
mars 16, 2014 9:56:08 PM org.apache.catalina.core.ApplicationContext log
INFO: SessionListener: contextInitialized()
mars 16, 2014 9:56:08 PM org.apache.catalina.core.ApplicationContext log
INFO: ContextListener: attributeAdded('org.apache.jasper.compiler.TldLocationsCache', 'org.apache.jasper.compiler.TldLocationsCache@edce87d')
mars 16, 2014 10:03:34 PM org.apache.catalina.core.ApplicationContext log
INFO: SessionListener: contextDestroyed()
mars 16, 2014 10:03:35 PM org.apache.catalina.core.ApplicationContext log
INFO: ContextListener: contextDestroyed()
mars 16, 2014 10:03:39 PM org.apache.catalina.core.ApplicationContext log
INFO: ContextListener: contextInitialized()
mars 16, 2014 10:03:39 PM org.apache.catalina.core.ApplicationContext log
INFO: SessionListener: contextInitialized()
mars 16, 2014 10:03:39 PM org.apache.catalina.core.ApplicationContext log
INFO: ContextListener: attributeAdded('org.apache.jasper.compiler.TldLocationsCache', 'org.apache.jasper.compiler.TldLocationsCache@155ebb17')
mars 16, 2014 11:16:46 PM org.apache.catalina.core.ApplicationContext log
INFO: SessionListener: contextDestroyed()
mars 16, 2014 11:16:46 PM org.apache.catalina.core.ApplicationContext log
INFO: ContextListener: contextDestroyed()
