mars 19, 2014 3:25:27 PM org.apache.catalina.core.ApplicationContext log
INFO: Manager: init: Associated with Deployer 'Catalina:type=Deployer,host=localhost'
mars 19, 2014 3:25:27 PM org.apache.catalina.core.ApplicationContext log
INFO: Manager: init: Global resources are available
mars 19, 2014 3:25:27 PM org.apache.catalina.core.ApplicationContext log
INFO: Manager: list: Listing contexts for virtual host 'localhost'
mars 19, 2014 3:25:27 PM org.apache.catalina.core.ApplicationContext log
INFO: Manager: undeploy: Undeploying web application at '/exoServiceWeb'
mars 19, 2014 3:25:28 PM org.apache.catalina.core.ApplicationContext log
INFO: Manager: install: Installing context configuration at 'file:/C:/Users/ADMINI~1/AppData/Local/Temp/context7322094474172137603.xml'
mars 19, 2014 3:25:37 PM org.apache.catalina.core.ApplicationContext log
INFO: Manager: list: Listing contexts for virtual host 'localhost'
mars 19, 2014 3:25:37 PM org.apache.catalina.core.ApplicationContext log
INFO: Manager: list: Listing contexts for virtual host 'localhost'
mars 19, 2014 3:25:38 PM org.apache.catalina.core.ApplicationContext log
INFO: Manager: undeploy: Undeploying web application at '/exoServiceWeb'
mars 19, 2014 3:25:38 PM org.apache.catalina.core.ApplicationContext log
INFO: Manager: install: Installing context configuration at 'file:/C:/Users/ADMINI~1/AppData/Local/Temp/context8215874853418783561.xml'
mars 19, 2014 3:25:38 PM org.apache.catalina.core.ApplicationContext log
INFO: Manager: start: Starting web application '/exoServiceWeb'
mars 19, 2014 3:29:00 PM org.apache.catalina.core.ApplicationContext log
INFO: Manager: list: Listing contexts for virtual host 'localhost'
mars 19, 2014 3:29:00 PM org.apache.catalina.core.ApplicationContext log
INFO: Manager: list: Listing contexts for virtual host 'localhost'
mars 19, 2014 3:29:00 PM org.apache.catalina.core.ApplicationContext log
INFO: Manager: install: Installing context configuration at 'file:/C:/Users/ADMINI~1/AppData/Local/Temp/context3488002705175266752.xml'
mars 19, 2014 3:29:04 PM org.apache.catalina.core.ApplicationContext log
INFO: Manager: start: Starting web application '/WebApplication1'
mars 19, 2014 3:36:00 PM org.apache.catalina.core.ApplicationContext log
INFO: Manager: list: Listing contexts for virtual host 'localhost'
mars 19, 2014 3:36:00 PM org.apache.catalina.core.ApplicationContext log
INFO: Manager: list: Listing contexts for virtual host 'localhost'
