juil. 08, 2015 12:03:59 AM org.apache.catalina.core.ApplicationContext log
INFO: Manager: list: Listing contexts for virtual host 'localhost'
juil. 08, 2015 12:03:59 AM org.apache.catalina.core.ApplicationContext log
INFO: Manager: restart: Reloading web application '/projetSession'
juil. 08, 2015 12:04:07 AM org.apache.catalina.core.ApplicationContext log
INFO: Manager: list: Listing contexts for virtual host 'localhost'
juil. 08, 2015 12:04:07 AM org.apache.catalina.core.ApplicationContext log
INFO: Manager: list: Listing contexts for virtual host 'localhost'
juil. 08, 2015 12:04:07 AM org.apache.catalina.core.ApplicationContext log
INFO: Manager: install: Installing context configuration at 'file:/C:/Users/ADMINI~1/AppData/Local/Temp/context335664468735516077.xml'
juil. 08, 2015 12:04:20 AM org.apache.catalina.core.ApplicationContext log
INFO: Manager: start: Starting web application '/gestionAgent'
juil. 08, 2015 12:34:59 AM org.apache.catalina.core.ApplicationContext log
INFO: Manager: list: Listing contexts for virtual host 'localhost'
juil. 08, 2015 12:34:59 AM org.apache.catalina.core.ApplicationContext log
INFO: Manager: list: Listing contexts for virtual host 'localhost'
juil. 08, 2015 12:34:59 AM org.apache.catalina.core.ApplicationContext log
INFO: Manager: install: Installing context configuration at 'file:/C:/Users/ADMINI~1/AppData/Local/Temp/context1050313383199774259.xml'
juil. 08, 2015 12:35:03 AM org.apache.catalina.core.ApplicationContext log
INFO: Manager: start: Starting web application '/ProjetSession_ManuelPalacio_PolicesAssurance'
juil. 08, 2015 12:44:51 AM org.apache.catalina.core.ApplicationContext log
INFO: Manager: list: Listing contexts for virtual host 'localhost'
juil. 08, 2015 1:07:52 AM org.apache.catalina.core.ApplicationContext log
INFO: Manager: list: Listing contexts for virtual host 'localhost'
juil. 08, 2015 1:07:52 AM org.apache.catalina.core.ApplicationContext log
INFO: Manager: undeploy: Undeploying web application at '/'
juil. 08, 2015 1:07:53 AM org.apache.catalina.core.ApplicationContext log
INFO: Manager: install: Installing context configuration at 'file:/C:/Users/ADMINI~1/AppData/Local/Temp/context1122626534610747354.xml'
juil. 08, 2015 1:07:53 AM org.apache.catalina.core.ApplicationContext log
INFO: Manager: start: Starting web application '/'
juil. 08, 2015 1:09:02 AM org.apache.catalina.core.ApplicationContext log
INFO: Manager: list: Listing contexts for virtual host 'localhost'
juil. 08, 2015 1:09:03 AM org.apache.catalina.core.ApplicationContext log
INFO: Manager: list: Listing contexts for virtual host 'localhost'
juil. 08, 2015 1:09:03 AM org.apache.catalina.core.ApplicationContext log
INFO: Manager: install: Installing context configuration at 'file:/C:/Users/ADMINI~1/AppData/Local/Temp/context7749601453476827580.xml'
juil. 08, 2015 1:09:03 AM org.apache.catalina.core.ApplicationContext log
INFO: Manager: start: Starting web application '/exoAjax'
juil. 08, 2015 1:10:18 AM org.apache.catalina.core.ApplicationContext log
INFO: Manager: list: Listing contexts for virtual host 'localhost'
juil. 08, 2015 1:10:18 AM org.apache.catalina.core.ApplicationContext log
INFO: Manager: list: Listing contexts for virtual host 'localhost'
juil. 08, 2015 1:11:03 AM org.apache.catalina.core.ApplicationContext log
INFO: Manager: list: Listing contexts for virtual host 'localhost'
juil. 08, 2015 1:11:03 AM org.apache.catalina.core.ApplicationContext log
INFO: Manager: list: Listing contexts for virtual host 'localhost'
juil. 08, 2015 1:13:19 AM org.apache.catalina.core.ApplicationContext log
INFO: Manager: list: Listing contexts for virtual host 'localhost'
juil. 08, 2015 1:13:19 AM org.apache.catalina.core.ApplicationContext log
INFO: Manager: list: Listing contexts for virtual host 'localhost'
