mai 26, 2015 4:32:35 PM org.apache.catalina.core.ApplicationContext log
INFO: Manager: init: Associated with Deployer 'Catalina:type=Deployer,host=localhost'
mai 26, 2015 4:32:35 PM org.apache.catalina.core.ApplicationContext log
INFO: Manager: init: Global resources are available
mai 26, 2015 4:32:35 PM org.apache.catalina.core.ApplicationContext log
INFO: Manager: list: Listing contexts for virtual host 'localhost'
mai 26, 2015 4:32:35 PM org.apache.catalina.core.ApplicationContext log
INFO: Manager: list: Listing contexts for virtual host 'localhost'
mai 26, 2015 4:32:35 PM org.apache.catalina.core.ApplicationContext log
INFO: Manager: install: Installing context configuration at 'file:/C:/Users/ADMINI~1/AppData/Local/Temp/context3240761753215812218.xml'
mai 26, 2015 4:32:35 PM org.apache.catalina.core.ApplicationContext log
INFO: Manager: start: Starting web application '/AppFormation'
mai 26, 2015 4:38:19 PM org.apache.catalina.core.ApplicationContext log
INFO: Manager: list: Listing contexts for virtual host 'localhost'
mai 26, 2015 4:38:19 PM org.apache.catalina.core.ApplicationContext log
INFO: Manager: list: Listing contexts for virtual host 'localhost'
mai 26, 2015 4:38:19 PM org.apache.catalina.core.ApplicationContext log
INFO: Manager: install: Installing context configuration at 'file:/C:/Users/ADMINI~1/AppData/Local/Temp/context687498893583582407.xml'
mai 26, 2015 4:38:19 PM org.apache.catalina.core.ApplicationContext log
INFO: Manager: start: Starting web application '/ExamenIntra'
mai 26, 2015 5:02:01 PM org.apache.catalina.core.ApplicationContext log
INFO: Manager: list: Listing contexts for virtual host 'localhost'
mai 26, 2015 5:02:01 PM org.apache.catalina.core.ApplicationContext log
INFO: Manager: list: Listing contexts for virtual host 'localhost'
mai 26, 2015 5:02:01 PM org.apache.catalina.core.ApplicationContext log
INFO: Manager: install: Installing context configuration at 'file:/C:/Users/ADMINI~1/AppData/Local/Temp/context6244406311251180088.xml'
mai 26, 2015 5:48:26 PM org.apache.catalina.core.ApplicationContext log
INFO: Manager: list: Listing contexts for virtual host 'localhost'
mai 26, 2015 5:48:26 PM org.apache.catalina.core.ApplicationContext log
INFO: Manager: undeploy: Undeploying web application at '/WebIntra_VAN1'
mai 26, 2015 5:48:32 PM org.apache.catalina.core.ApplicationContext log
INFO: Manager: install: Installing context configuration at 'file:/C:/Users/ADMINI~1/AppData/Local/Temp/context1625539368454047526.xml'
mai 26, 2015 5:49:27 PM org.apache.catalina.core.ApplicationContext log
INFO: Manager: list: Listing contexts for virtual host 'localhost'
mai 26, 2015 5:49:27 PM org.apache.catalina.core.ApplicationContext log
INFO: Manager: undeploy: Undeploying web application at '/WebIntra_VAN1'
mai 26, 2015 5:49:28 PM org.apache.catalina.core.ApplicationContext log
INFO: Manager: install: Installing context configuration at 'file:/C:/Users/ADMINI~1/AppData/Local/Temp/context5837037857230218381.xml'
mai 26, 2015 6:09:39 PM org.apache.catalina.core.ApplicationContext log
INFO: Manager: list: Listing contexts for virtual host 'localhost'
mai 26, 2015 6:09:39 PM org.apache.catalina.core.ApplicationContext log
INFO: Manager: list: Listing contexts for virtual host 'localhost'
mai 26, 2015 6:09:39 PM org.apache.catalina.core.ApplicationContext log
INFO: Manager: install: Installing context configuration at 'file:/C:/Users/ADMINI~1/AppData/Local/Temp/context2758271112678731998.xml'
mai 26, 2015 6:09:39 PM org.apache.catalina.core.ApplicationContext log
INFO: Manager: start: Starting web application '/IntraWeb'
mai 26, 2015 6:32:17 PM org.apache.catalina.core.ApplicationContext log
INFO: Manager: list: Listing contexts for virtual host 'localhost'
mai 26, 2015 6:32:17 PM org.apache.catalina.core.ApplicationContext log
INFO: Manager: list: Listing contexts for virtual host 'localhost'
mai 26, 2015 6:32:17 PM org.apache.catalina.core.ApplicationContext log
INFO: Manager: install: Installing context configuration at 'file:/C:/Users/ADMINI~1/AppData/Local/Temp/context5885599939008681924.xml'
mai 26, 2015 6:32:18 PM org.apache.catalina.core.ApplicationContext log
INFO: Manager: start: Starting web application '/ExamenIntra_WilliamTaylor'
mai 26, 2015 6:39:35 PM org.apache.catalina.core.ApplicationContext log
INFO: Manager: list: Listing contexts for virtual host 'localhost'
mai 26, 2015 6:39:35 PM org.apache.catalina.core.ApplicationContext log
INFO: Manager: undeploy: Undeploying web application at '/ExamenIntra'
mai 26, 2015 6:39:36 PM org.apache.catalina.core.ApplicationContext log
INFO: Manager: install: Installing context configuration at 'file:/C:/Users/ADMINI~1/AppData/Local/Temp/context2190243444782707689.xml'
mai 26, 2015 6:39:36 PM org.apache.catalina.core.ApplicationContext log
INFO: Manager: start: Starting web application '/ExamenIntra'
mai 26, 2015 7:31:32 PM org.apache.catalina.core.ApplicationContext log
INFO: Manager: list: Listing contexts for virtual host 'localhost'
mai 26, 2015 7:31:32 PM org.apache.catalina.core.ApplicationContext log
INFO: Manager: list: Listing contexts for virtual host 'localhost'
mai 26, 2015 7:31:32 PM org.apache.catalina.core.ApplicationContext log
INFO: Manager: install: Installing context configuration at 'file:/C:/Users/ADMINI~1/AppData/Local/Temp/context8995382598529898784.xml'
mai 26, 2015 7:31:32 PM org.apache.catalina.core.ApplicationContext log
INFO: Manager: start: Starting web application '/intra818BouzidPratique1'
mai 26, 2015 7:36:33 PM org.apache.catalina.core.ApplicationContext log
INFO: Manager: list: Listing contexts for virtual host 'localhost'
mai 26, 2015 7:36:34 PM org.apache.catalina.core.ApplicationContext log
INFO: Manager: list: Listing contexts for virtual host 'localhost'
mai 26, 2015 7:36:34 PM org.apache.catalina.core.ApplicationContext log
INFO: Manager: install: Installing context configuration at 'file:/C:/Users/ADMINI~1/AppData/Local/Temp/context8230401695795257897.xml'
mai 26, 2015 7:36:38 PM org.apache.catalina.core.ApplicationContext log
INFO: Manager: start: Starting web application '/Intra'
mai 26, 2015 7:50:40 PM org.apache.catalina.core.ApplicationContext log
INFO: Manager: list: Listing contexts for virtual host 'localhost'
mai 26, 2015 7:50:40 PM org.apache.catalina.core.ApplicationContext log
INFO: Manager: list: Listing contexts for virtual host 'localhost'
mai 26, 2015 7:50:40 PM org.apache.catalina.core.ApplicationContext log
INFO: Manager: install: Installing context configuration at 'file:/C:/Users/ADMINI~1/AppData/Local/Temp/context4025004813048532915.xml'
mai 26, 2015 7:50:44 PM org.apache.catalina.core.ApplicationContext log
INFO: Manager: start: Starting web application '/Intra_ManuelPalacio_1495567_session4'
mai 26, 2015 7:58:07 PM org.apache.catalina.core.ApplicationContext log
INFO: Manager: list: Listing contexts for virtual host 'localhost'
mai 26, 2015 7:58:07 PM org.apache.catalina.core.ApplicationContext log
INFO: Manager: list: Listing contexts for virtual host 'localhost'
mai 26, 2015 7:58:07 PM org.apache.catalina.core.ApplicationContext log
INFO: Manager: install: Installing context configuration at 'file:/C:/Users/ADMINI~1/AppData/Local/Temp/context7504744690096917885.xml'
mai 26, 2015 7:58:08 PM org.apache.catalina.core.ApplicationContext log
INFO: Manager: start: Starting web application '/Intra818_kejiaHU'
mai 26, 2015 8:34:45 PM org.apache.catalina.core.ApplicationContext log
INFO: Manager: list: Listing contexts for virtual host 'localhost'
mai 26, 2015 8:34:45 PM org.apache.catalina.core.ApplicationContext log
INFO: Manager: list: Listing contexts for virtual host 'localhost'
mai 26, 2015 8:44:55 PM org.apache.catalina.core.ApplicationContext log
INFO: Manager: list: Listing contexts for virtual host 'localhost'
mai 26, 2015 8:44:55 PM org.apache.catalina.core.ApplicationContext log
INFO: Manager: list: Listing contexts for virtual host 'localhost'
mai 26, 2015 8:44:55 PM org.apache.catalina.core.ApplicationContext log
INFO: Manager: install: Installing context configuration at 'file:/C:/Users/ADMINI~1/AppData/Local/Temp/context5005624848622175842.xml'
mai 26, 2015 8:44:56 PM org.apache.catalina.core.ApplicationContext log
INFO: Manager: start: Starting web application '/ApplicationExamen'
mai 26, 2015 9:19:05 PM org.apache.catalina.core.ApplicationContext log
INFO: Manager: list: Listing contexts for virtual host 'localhost'
mai 26, 2015 9:19:05 PM org.apache.catalina.core.ApplicationContext log
INFO: Manager: undeploy: Undeploying web application at '/ExamenIntra'
mai 26, 2015 9:19:06 PM org.apache.catalina.core.ApplicationContext log
INFO: Manager: install: Installing context configuration at 'file:/C:/Users/ADMINI~1/AppData/Local/Temp/context640929692111186228.xml'
mai 26, 2015 9:19:06 PM org.apache.catalina.core.ApplicationContext log
INFO: Manager: start: Starting web application '/ExamenIntra'
mai 26, 2015 9:29:39 PM org.apache.catalina.core.ApplicationContext log
INFO: Manager: list: Listing contexts for virtual host 'localhost'
mai 26, 2015 9:29:39 PM org.apache.catalina.core.ApplicationContext log
INFO: Manager: list: Listing contexts for virtual host 'localhost'
mai 26, 2015 9:29:39 PM org.apache.catalina.core.ApplicationContext log
INFO: Manager: install: Installing context configuration at 'file:/C:/Users/ADMINI~1/AppData/Local/Temp/context6546413306743478100.xml'
mai 26, 2015 9:29:39 PM org.apache.catalina.core.ApplicationContext log
INFO: Manager: start: Starting web application '/WebIntra20_05_2015'
mai 26, 2015 9:41:31 PM org.apache.catalina.core.ApplicationContext log
INFO: Manager: list: Listing contexts for virtual host 'localhost'
mai 26, 2015 9:41:31 PM org.apache.catalina.core.ApplicationContext log
INFO: Manager: list: Listing contexts for virtual host 'localhost'
mai 26, 2015 9:41:31 PM org.apache.catalina.core.ApplicationContext log
INFO: Manager: install: Installing context configuration at 'file:/C:/Users/ADMINI~1/AppData/Local/Temp/context2964776659507418324.xml'
mai 26, 2015 9:41:31 PM org.apache.catalina.core.ApplicationContext log
INFO: Manager: start: Starting web application '/Intra818Mai2015'
mai 26, 2015 10:11:30 PM org.apache.catalina.core.ApplicationContext log
INFO: Manager: init: Associated with Deployer 'Catalina:type=Deployer,host=localhost'
mai 26, 2015 10:11:30 PM org.apache.catalina.core.ApplicationContext log
INFO: Manager: init: Global resources are available
mai 26, 2015 10:11:30 PM org.apache.catalina.core.ApplicationContext log
INFO: Manager: list: Listing contexts for virtual host 'localhost'
mai 26, 2015 10:11:30 PM org.apache.catalina.core.ApplicationContext log
INFO: Manager: list: Listing contexts for virtual host 'localhost'
mai 26, 2015 10:11:30 PM org.apache.catalina.core.ApplicationContext log
INFO: Manager: install: Installing context configuration at 'file:/C:/Users/ADMINI~1/AppData/Local/Temp/context7668337730327833044.xml'
mai 26, 2015 10:11:31 PM org.apache.catalina.core.ApplicationContext log
INFO: Manager: start: Starting web application '/exemplesJstl'
mai 26, 2015 10:39:06 PM org.apache.catalina.core.ApplicationContext log
INFO: Manager: list: Listing contexts for virtual host 'localhost'
mai 26, 2015 10:39:06 PM org.apache.catalina.core.ApplicationContext log
INFO: Manager: list: Listing contexts for virtual host 'localhost'
mai 26, 2015 10:50:13 PM org.apache.catalina.core.ApplicationContext log
INFO: Manager: list: Listing contexts for virtual host 'localhost'
mai 26, 2015 10:50:13 PM org.apache.catalina.core.ApplicationContext log
INFO: Manager: list: Listing contexts for virtual host 'localhost'
mai 26, 2015 11:10:37 PM org.apache.catalina.core.ApplicationContext log
INFO: Manager: list: Listing contexts for virtual host 'localhost'
mai 26, 2015 11:10:37 PM org.apache.catalina.core.ApplicationContext log
INFO: Manager: list: Listing contexts for virtual host 'localhost'
mai 26, 2015 11:10:37 PM org.apache.catalina.core.ApplicationContext log
INFO: Manager: install: Installing context configuration at 'file:/C:/Users/ADMINI~1/AppData/Local/Temp/context7274252382105271959.xml'
mai 26, 2015 11:10:38 PM org.apache.catalina.core.ApplicationContext log
INFO: Manager: start: Starting web application '/TravailPersistance'
mai 26, 2015 11:12:13 PM org.apache.catalina.core.ApplicationContext log
INFO: Manager: list: Listing contexts for virtual host 'localhost'
mai 26, 2015 11:12:13 PM org.apache.catalina.core.ApplicationContext log
INFO: Manager: list: Listing contexts for virtual host 'localhost'
mai 26, 2015 11:12:13 PM org.apache.catalina.core.ApplicationContext log
INFO: Manager: install: Installing context configuration at 'file:/C:/Users/ADMINI~1/AppData/Local/Temp/context6503117298849021364.xml'
mai 26, 2015 11:12:14 PM org.apache.catalina.core.ApplicationContext log
INFO: Manager: start: Starting web application '/exempleI18n'
mai 26, 2015 11:14:08 PM org.apache.catalina.core.ApplicationContext log
INFO: Manager: list: Listing contexts for virtual host 'localhost'
mai 26, 2015 11:14:08 PM org.apache.catalina.core.ApplicationContext log
INFO: Manager: list: Listing contexts for virtual host 'localhost'
mai 26, 2015 11:14:08 PM org.apache.catalina.core.ApplicationContext log
INFO: Manager: restart: Reloading web application '/exempleI18n'
mai 26, 2015 11:14:35 PM org.apache.catalina.core.ApplicationContext log
INFO: Manager: list: Listing contexts for virtual host 'localhost'
mai 26, 2015 11:14:35 PM org.apache.catalina.core.ApplicationContext log
INFO: Manager: list: Listing contexts for virtual host 'localhost'
mai 26, 2015 11:15:20 PM org.apache.catalina.core.ApplicationContext log
INFO: Manager: list: Listing contexts for virtual host 'localhost'
mai 26, 2015 11:15:20 PM org.apache.catalina.core.ApplicationContext log
INFO: Manager: restart: Reloading web application '/exempleI18n'
