août 22, 2016 8:51:31 PM org.apache.catalina.core.ApplicationContext log
INFO: Manager: init: Associated with Deployer 'Catalina:type=Deployer,host=localhost'
août 22, 2016 8:51:31 PM org.apache.catalina.core.ApplicationContext log
INFO: Manager: init: Global resources are available
août 22, 2016 8:51:31 PM org.apache.catalina.core.ApplicationContext log
INFO: Manager: list: Listing contexts for virtual host 'localhost'
août 22, 2016 8:51:31 PM org.apache.catalina.core.ApplicationContext log
INFO: Manager: undeploy: Undeploying web application at '/'
août 22, 2016 8:51:32 PM org.apache.catalina.core.ApplicationContext log
INFO: Manager: install: Installing context configuration at 'file:/C:/Users/ADMINI~1/AppData/Local/Temp/context6666679843693527607.xml'
août 22, 2016 8:51:32 PM org.apache.catalina.core.ApplicationContext log
INFO: Manager: start: Starting web application '/'
août 22, 2016 8:53:37 PM org.apache.catalina.core.ApplicationContext log
INFO: Manager: list: Listing contexts for virtual host 'localhost'
août 22, 2016 8:53:37 PM org.apache.catalina.core.ApplicationContext log
INFO: Manager: list: Listing contexts for virtual host 'localhost'
août 22, 2016 8:53:37 PM org.apache.catalina.core.ApplicationContext log
INFO: Manager: undeploy: Undeploying web application at '/'
août 22, 2016 8:53:38 PM org.apache.catalina.core.ApplicationContext log
INFO: Manager: install: Installing context configuration at 'file:/C:/Users/ADMINI~1/AppData/Local/Temp/context5956342751388215586.xml'
août 22, 2016 8:53:38 PM org.apache.catalina.core.ApplicationContext log
INFO: Manager: start: Starting web application '/'
août 22, 2016 8:56:00 PM org.apache.catalina.core.ApplicationContext log
INFO: Manager: list: Listing contexts for virtual host 'localhost'
août 22, 2016 8:56:00 PM org.apache.catalina.core.ApplicationContext log
INFO: Manager: list: Listing contexts for virtual host 'localhost'
août 22, 2016 8:56:00 PM org.apache.catalina.core.ApplicationContext log
INFO: Manager: undeploy: Undeploying web application at '/'
août 22, 2016 8:56:01 PM org.apache.catalina.core.ApplicationContext log
INFO: Manager: install: Installing context configuration at 'file:/C:/Users/ADMINI~1/AppData/Local/Temp/context7969993196433023234.xml'
août 22, 2016 8:56:01 PM org.apache.catalina.core.ApplicationContext log
INFO: Manager: start: Starting web application '/'
