juin 16, 2016 4:37:16 PM org.apache.catalina.core.ApplicationContext log
INFO: Manager: init: Associated with Deployer 'Catalina:type=Deployer,host=localhost'
juin 16, 2016 4:37:16 PM org.apache.catalina.core.ApplicationContext log
INFO: Manager: init: Global resources are available
juin 16, 2016 4:37:16 PM org.apache.catalina.core.ApplicationContext log
INFO: Manager: list: Listing contexts for virtual host 'localhost'
juin 16, 2016 4:37:16 PM org.apache.catalina.core.ApplicationContext log
INFO: Manager: undeploy: Undeploying web application at '/exempleI18n'
juin 16, 2016 4:37:17 PM org.apache.catalina.core.ApplicationContext log
INFO: Manager: install: Installing context configuration at 'file:/C:/Users/ADMINI~1/AppData/Local/Temp/context4709912119839274786.xml'
juin 16, 2016 4:37:17 PM org.apache.catalina.core.ApplicationContext log
INFO: Manager: start: Starting web application '/exempleI18n'
juin 16, 2016 4:56:58 PM org.apache.catalina.core.ApplicationContext log
INFO: Manager: list: Listing contexts for virtual host 'localhost'
juin 16, 2016 4:56:58 PM org.apache.catalina.core.ApplicationContext log
INFO: Manager: list: Listing contexts for virtual host 'localhost'
juin 16, 2016 4:56:58 PM org.apache.catalina.core.ApplicationContext log
INFO: Manager: undeploy: Undeploying web application at '/exempleI18n'
juin 16, 2016 4:57:13 PM org.apache.catalina.core.ApplicationContext log
INFO: Manager: install: Installing context configuration at 'file:/C:/Users/ADMINI~1/AppData/Local/Temp/context3799505790351590308.xml'
juin 16, 2016 4:57:14 PM org.apache.catalina.core.ApplicationContext log
INFO: Manager: start: Starting web application '/exempleI18n'
juin 16, 2016 5:00:16 PM org.apache.catalina.core.ApplicationContext log
INFO: Manager: list: Listing contexts for virtual host 'localhost'
juin 16, 2016 5:00:16 PM org.apache.catalina.core.ApplicationContext log
INFO: Manager: restart: Reloading web application '/exempleI18n'
juin 16, 2016 5:00:20 PM org.apache.catalina.core.ApplicationContext log
INFO: Manager: list: Listing contexts for virtual host 'localhost'
juin 16, 2016 5:00:20 PM org.apache.catalina.core.ApplicationContext log
INFO: Manager: list: Listing contexts for virtual host 'localhost'
juin 16, 2016 5:00:20 PM org.apache.catalina.core.ApplicationContext log
INFO: Manager: undeploy: Undeploying web application at '/exempleI18n'
juin 16, 2016 5:00:21 PM org.apache.catalina.core.ApplicationContext log
INFO: Manager: install: Installing context configuration at 'file:/C:/Users/ADMINI~1/AppData/Local/Temp/context6758665852211334069.xml'
juin 16, 2016 5:00:22 PM org.apache.catalina.core.ApplicationContext log
INFO: Manager: start: Starting web application '/exempleI18n'
juin 16, 2016 5:00:56 PM org.apache.catalina.core.ApplicationContext log
INFO: Manager: list: Listing contexts for virtual host 'localhost'
juin 16, 2016 5:00:56 PM org.apache.catalina.core.ApplicationContext log
INFO: Manager: list: Listing contexts for virtual host 'localhost'
juin 16, 2016 5:00:56 PM org.apache.catalina.core.ApplicationContext log
INFO: Manager: undeploy: Undeploying web application at '/exempleI18n'
juin 16, 2016 5:01:09 PM org.apache.catalina.core.ApplicationContext log
INFO: Manager: install: Installing context configuration at 'file:/C:/Users/ADMINI~1/AppData/Local/Temp/context5383970313537248323.xml'
juin 16, 2016 5:01:10 PM org.apache.catalina.core.ApplicationContext log
INFO: Manager: start: Starting web application '/exempleI18n'
juin 16, 2016 5:02:45 PM org.apache.catalina.core.ApplicationContext log
INFO: Manager: init: Associated with Deployer 'Catalina:type=Deployer,host=localhost'
juin 16, 2016 5:02:45 PM org.apache.catalina.core.ApplicationContext log
INFO: Manager: init: Global resources are available
juin 16, 2016 5:02:45 PM org.apache.catalina.core.ApplicationContext log
INFO: Manager: list: Listing contexts for virtual host 'localhost'
juin 16, 2016 5:02:46 PM org.apache.catalina.core.ApplicationContext log
INFO: Manager: list: Listing contexts for virtual host 'localhost'
juin 16, 2016 5:02:46 PM org.apache.catalina.core.ApplicationContext log
INFO: Manager: undeploy: Undeploying web application at '/exempleI18n'
juin 16, 2016 5:02:46 PM org.apache.catalina.core.ApplicationContext log
INFO: Manager: install: Installing context configuration at 'file:/C:/Users/ADMINI~1/AppData/Local/Temp/context4020916410151233524.xml'
juin 16, 2016 5:02:47 PM org.apache.catalina.core.ApplicationContext log
INFO: Manager: start: Starting web application '/exempleI18n'
juin 16, 2016 5:05:48 PM org.apache.catalina.core.ApplicationContext log
INFO: Manager: list: Listing contexts for virtual host 'localhost'
juin 16, 2016 5:05:48 PM org.apache.catalina.core.ApplicationContext log
INFO: Manager: list: Listing contexts for virtual host 'localhost'
juin 16, 2016 5:05:48 PM org.apache.catalina.core.ApplicationContext log
INFO: Manager: undeploy: Undeploying web application at '/exempleI18n'
juin 16, 2016 5:05:51 PM org.apache.catalina.core.ApplicationContext log
INFO: Manager: install: Installing context configuration at 'file:/C:/Users/ADMINI~1/AppData/Local/Temp/context2399097655046384112.xml'
juin 16, 2016 5:05:52 PM org.apache.catalina.core.ApplicationContext log
INFO: Manager: start: Starting web application '/exempleI18n'
juin 16, 2016 5:06:44 PM org.apache.catalina.core.ApplicationContext log
INFO: Manager: list: Listing contexts for virtual host 'localhost'
juin 16, 2016 5:06:44 PM org.apache.catalina.core.ApplicationContext log
INFO: Manager: list: Listing contexts for virtual host 'localhost'
juin 16, 2016 5:06:44 PM org.apache.catalina.core.ApplicationContext log
INFO: Manager: undeploy: Undeploying web application at '/exempleI18n'
juin 16, 2016 5:06:45 PM org.apache.catalina.core.ApplicationContext log
INFO: Manager: install: Installing context configuration at 'file:/C:/Users/ADMINI~1/AppData/Local/Temp/context3254021773138892816.xml'
juin 16, 2016 5:06:45 PM org.apache.catalina.core.ApplicationContext log
INFO: Manager: start: Starting web application '/exempleI18n'
juin 16, 2016 5:11:55 PM org.apache.catalina.core.ApplicationContext log
INFO: Manager: list: Listing contexts for virtual host 'localhost'
juin 16, 2016 5:11:55 PM org.apache.catalina.core.ApplicationContext log
INFO: Manager: list: Listing contexts for virtual host 'localhost'
juin 16, 2016 5:11:55 PM org.apache.catalina.core.ApplicationContext log
INFO: Manager: install: Installing context configuration at 'file:/C:/Users/ADMINI~1/AppData/Local/Temp/context7917225179088031448.xml'
juin 16, 2016 5:11:55 PM org.apache.catalina.core.ApplicationContext log
INFO: Manager: start: Starting web application '/exemplei18n'
juin 16, 2016 5:13:44 PM org.apache.catalina.core.ApplicationContext log
INFO: Manager: list: Listing contexts for virtual host 'localhost'
juin 16, 2016 5:13:45 PM org.apache.catalina.core.ApplicationContext log
INFO: Manager: list: Listing contexts for virtual host 'localhost'
juin 16, 2016 5:13:45 PM org.apache.catalina.core.ApplicationContext log
INFO: Manager: install: Installing context configuration at 'file:/C:/Users/ADMINI~1/AppData/Local/Temp/context5482578856498196929.xml'
juin 16, 2016 5:13:45 PM org.apache.catalina.core.ApplicationContext log
INFO: Manager: start: Starting web application '/exempleI18n2'
juin 16, 2016 5:15:20 PM org.apache.catalina.core.ApplicationContext log
INFO: Manager: list: Listing contexts for virtual host 'localhost'
juin 16, 2016 5:15:20 PM org.apache.catalina.core.ApplicationContext log
INFO: Manager: list: Listing contexts for virtual host 'localhost'
juin 16, 2016 5:17:29 PM org.apache.catalina.core.ApplicationContext log
INFO: Manager: list: Listing contexts for virtual host 'localhost'
juin 16, 2016 5:17:29 PM org.apache.catalina.core.ApplicationContext log
INFO: Manager: stop: Stopping web application '/exempleI18n2'
juin 16, 2016 5:17:29 PM org.apache.catalina.core.ApplicationContext log
INFO: Manager: start: Starting web application '/exempleI18n2'
juin 16, 2016 5:17:30 PM org.apache.catalina.core.ApplicationContext log
INFO: Manager: list: Listing contexts for virtual host 'localhost'
juin 16, 2016 5:17:30 PM org.apache.catalina.core.ApplicationContext log
INFO: Manager: restart: Reloading web application '/exempleI18n2'
juin 16, 2016 5:23:33 PM org.apache.catalina.core.ApplicationContext log
INFO: Manager: list: Listing contexts for virtual host 'localhost'
juin 16, 2016 5:23:33 PM org.apache.catalina.core.ApplicationContext log
INFO: Manager: restart: Reloading web application '/exempleI18n2'
juin 16, 2016 5:25:37 PM org.apache.catalina.core.ApplicationContext log
INFO: Manager: list: Listing contexts for virtual host 'localhost'
juin 16, 2016 5:26:43 PM org.apache.catalina.core.ApplicationContext log
INFO: Manager: list: Listing contexts for virtual host 'localhost'
juin 16, 2016 5:26:43 PM org.apache.catalina.core.ApplicationContext log
INFO: Manager: restart: Reloading web application '/exempleI18n2'
juin 16, 2016 5:26:52 PM org.apache.catalina.core.ApplicationContext log
INFO: Manager: list: Listing contexts for virtual host 'localhost'
juin 16, 2016 5:26:52 PM org.apache.catalina.core.ApplicationContext log
INFO: Manager: list: Listing contexts for virtual host 'localhost'
juin 16, 2016 5:26:52 PM org.apache.catalina.core.ApplicationContext log
INFO: Manager: stop: Stopping web application '/exempleI18n2'
juin 16, 2016 5:26:52 PM org.apache.catalina.core.ApplicationContext log
INFO: Manager: start: Starting web application '/exempleI18n2'
juin 16, 2016 5:27:14 PM org.apache.catalina.core.ApplicationContext log
INFO: Manager: list: Listing contexts for virtual host 'localhost'
juin 16, 2016 5:27:14 PM org.apache.catalina.core.ApplicationContext log
INFO: Manager: restart: Reloading web application '/exempleI18n2'
juin 16, 2016 5:27:21 PM org.apache.catalina.core.ApplicationContext log
INFO: Manager: list: Listing contexts for virtual host 'localhost'
juin 16, 2016 5:27:21 PM org.apache.catalina.core.ApplicationContext log
INFO: Manager: list: Listing contexts for virtual host 'localhost'
juin 16, 2016 5:27:21 PM org.apache.catalina.core.ApplicationContext log
INFO: Manager: restart: Reloading web application '/exempleI18n2'
juin 16, 2016 5:28:20 PM org.apache.catalina.core.ApplicationContext log
INFO: Manager: list: Listing contexts for virtual host 'localhost'
juin 16, 2016 5:28:48 PM org.apache.catalina.core.ApplicationContext log
INFO: Manager: list: Listing contexts for virtual host 'localhost'
juin 16, 2016 6:51:40 PM org.apache.catalina.core.ApplicationContext log
INFO: Manager: list: Listing contexts for virtual host 'localhost'
juin 16, 2016 6:51:40 PM org.apache.catalina.core.ApplicationContext log
INFO: Manager: list: Listing contexts for virtual host 'localhost'
juin 16, 2016 6:51:40 PM org.apache.catalina.core.ApplicationContext log
INFO: Manager: install: Installing context configuration at 'file:/C:/Users/ADMINI~1/AppData/Local/Temp/context1680739105501435764.xml'
juin 16, 2016 6:51:40 PM org.apache.catalina.core.ApplicationContext log
INFO: Manager: start: Starting web application '/projetI18nJSTL'
juin 16, 2016 6:55:04 PM org.apache.catalina.core.ApplicationContext log
INFO: Manager: list: Listing contexts for virtual host 'localhost'
juin 16, 2016 6:55:04 PM org.apache.catalina.core.ApplicationContext log
INFO: Manager: list: Listing contexts for virtual host 'localhost'
juin 16, 2016 6:56:13 PM org.apache.catalina.core.ApplicationContext log
INFO: Manager: list: Listing contexts for virtual host 'localhost'
juin 16, 2016 6:56:13 PM org.apache.catalina.core.ApplicationContext log
INFO: Manager: list: Listing contexts for virtual host 'localhost'
juin 16, 2016 6:57:54 PM org.apache.catalina.core.ApplicationContext log
INFO: Manager: list: Listing contexts for virtual host 'localhost'
juin 16, 2016 6:57:54 PM org.apache.catalina.core.ApplicationContext log
INFO: Manager: undeploy: Undeploying web application at '/projetI18nJSTL'
juin 16, 2016 6:58:12 PM org.apache.catalina.core.ApplicationContext log
INFO: Manager: list: Listing contexts for virtual host 'localhost'
juin 16, 2016 6:58:12 PM org.apache.catalina.core.ApplicationContext log
INFO: Manager: list: Listing contexts for virtual host 'localhost'
juin 16, 2016 6:58:12 PM org.apache.catalina.core.ApplicationContext log
INFO: Manager: install: Installing context configuration at 'file:/C:/Users/ADMINI~1/AppData/Local/Temp/context4395367765218065867.xml'
juin 16, 2016 6:58:13 PM org.apache.catalina.core.ApplicationContext log
INFO: Manager: start: Starting web application '/projetI18nJSTL'
juin 16, 2016 6:59:31 PM org.apache.catalina.core.ApplicationContext log
INFO: Manager: list: Listing contexts for virtual host 'localhost'
juin 16, 2016 6:59:31 PM org.apache.catalina.core.ApplicationContext log
INFO: Manager: restart: Reloading web application '/projetI18nJSTL'
juin 16, 2016 6:59:32 PM org.apache.catalina.core.ApplicationContext log
INFO: Manager: list: Listing contexts for virtual host 'localhost'
juin 16, 2016 6:59:32 PM org.apache.catalina.core.ApplicationContext log
INFO: Manager: restart: Reloading web application '/projetI18nJSTL'
juin 16, 2016 6:59:54 PM org.apache.catalina.core.ApplicationContext log
INFO: Manager: list: Listing contexts for virtual host 'localhost'
juin 16, 2016 6:59:54 PM org.apache.catalina.core.ApplicationContext log
INFO: Manager: list: Listing contexts for virtual host 'localhost'
juin 16, 2016 6:59:54 PM org.apache.catalina.core.ApplicationContext log
INFO: Manager: restart: Reloading web application '/projetI18nJSTL'
juin 16, 2016 7:22:55 PM org.apache.catalina.core.ApplicationContext log
INFO: Manager: list: Listing contexts for virtual host 'localhost'
juin 16, 2016 7:22:55 PM org.apache.catalina.core.ApplicationContext log
INFO: Manager: undeploy: Undeploying web application at '/exempleI18n2'
juin 16, 2016 7:22:56 PM org.apache.catalina.core.ApplicationContext log
INFO: Manager: install: Installing context configuration at 'file:/C:/Users/ADMINI~1/AppData/Local/Temp/context160292212326505114.xml'
juin 16, 2016 7:23:13 PM org.apache.catalina.core.ApplicationContext log
INFO: Manager: start: Starting web application '/exempleI18n2'
juin 16, 2016 7:44:53 PM org.apache.catalina.core.ApplicationContext log
INFO: Manager: list: Listing contexts for virtual host 'localhost'
juin 16, 2016 7:44:53 PM org.apache.catalina.core.ApplicationContext log
INFO: Manager: list: Listing contexts for virtual host 'localhost'
juin 16, 2016 7:44:53 PM org.apache.catalina.core.ApplicationContext log
INFO: Manager: undeploy: Undeploying web application at '/exempleI18n2'
juin 16, 2016 7:44:54 PM org.apache.catalina.core.ApplicationContext log
INFO: Manager: install: Installing context configuration at 'file:/C:/Users/ADMINI~1/AppData/Local/Temp/context6799502656222101706.xml'
juin 16, 2016 7:44:55 PM org.apache.catalina.core.ApplicationContext log
INFO: Manager: start: Starting web application '/exempleI18n2'
juin 16, 2016 7:50:47 PM org.apache.catalina.core.ApplicationContext log
INFO: Manager: list: Listing contexts for virtual host 'localhost'
juin 16, 2016 7:50:52 PM org.apache.catalina.core.ApplicationContext log
INFO: Manager: list: Listing contexts for virtual host 'localhost'
juin 16, 2016 7:50:52 PM org.apache.catalina.core.ApplicationContext log
INFO: Manager: list: Listing contexts for virtual host 'localhost'
juin 16, 2016 7:50:52 PM org.apache.catalina.core.ApplicationContext log
INFO: Manager: undeploy: Undeploying web application at '/exempleI18n2'
juin 16, 2016 7:50:58 PM org.apache.catalina.core.ApplicationContext log
INFO: Manager: install: Installing context configuration at 'file:/C:/Users/ADMINI~1/AppData/Local/Temp/context3216423268552713073.xml'
juin 16, 2016 7:50:59 PM org.apache.catalina.core.ApplicationContext log
INFO: Manager: start: Starting web application '/exempleI18n2'
juin 16, 2016 7:52:09 PM org.apache.catalina.core.ApplicationContext log
INFO: Manager: list: Listing contexts for virtual host 'localhost'
juin 16, 2016 7:52:18 PM org.apache.catalina.core.ApplicationContext log
INFO: Manager: list: Listing contexts for virtual host 'localhost'
juin 16, 2016 7:52:18 PM org.apache.catalina.core.ApplicationContext log
INFO: Manager: list: Listing contexts for virtual host 'localhost'
juin 16, 2016 7:52:18 PM org.apache.catalina.core.ApplicationContext log
INFO: Manager: undeploy: Undeploying web application at '/exempleI18n2'
juin 16, 2016 7:52:19 PM org.apache.catalina.core.ApplicationContext log
INFO: Manager: install: Installing context configuration at 'file:/C:/Users/ADMINI~1/AppData/Local/Temp/context779486893133853926.xml'
juin 16, 2016 7:52:20 PM org.apache.catalina.core.ApplicationContext log
INFO: Manager: start: Starting web application '/exempleI18n2'
juin 16, 2016 7:53:35 PM org.apache.catalina.core.ApplicationContext log
INFO: Manager: list: Listing contexts for virtual host 'localhost'
juin 16, 2016 7:53:45 PM org.apache.catalina.core.ApplicationContext log
INFO: Manager: list: Listing contexts for virtual host 'localhost'
juin 16, 2016 7:54:07 PM org.apache.catalina.core.ApplicationContext log
INFO: Manager: list: Listing contexts for virtual host 'localhost'
juin 16, 2016 7:54:07 PM org.apache.catalina.core.ApplicationContext log
INFO: Manager: restart: Reloading web application '/exempleI18n2'
juin 16, 2016 7:54:36 PM org.apache.catalina.core.ApplicationContext log
INFO: Manager: list: Listing contexts for virtual host 'localhost'
juin 16, 2016 7:54:36 PM org.apache.catalina.core.ApplicationContext log
INFO: Manager: list: Listing contexts for virtual host 'localhost'
juin 16, 2016 7:54:36 PM org.apache.catalina.core.ApplicationContext log
INFO: Manager: undeploy: Undeploying web application at '/exempleI18n2'
juin 16, 2016 7:54:52 PM org.apache.catalina.core.ApplicationContext log
INFO: Manager: install: Installing context configuration at 'file:/C:/Users/ADMINI~1/AppData/Local/Temp/context7788974295355674913.xml'
juin 16, 2016 7:54:53 PM org.apache.catalina.core.ApplicationContext log
INFO: Manager: start: Starting web application '/exempleI18n2'
juin 16, 2016 7:58:05 PM org.apache.catalina.core.ApplicationContext log
INFO: Manager: list: Listing contexts for virtual host 'localhost'
juin 16, 2016 7:58:18 PM org.apache.catalina.core.ApplicationContext log
INFO: Manager: list: Listing contexts for virtual host 'localhost'
juin 16, 2016 7:58:18 PM org.apache.catalina.core.ApplicationContext log
INFO: Manager: list: Listing contexts for virtual host 'localhost'
juin 16, 2016 7:58:18 PM org.apache.catalina.core.ApplicationContext log
INFO: Manager: undeploy: Undeploying web application at '/exempleI18n2'
juin 16, 2016 7:58:20 PM org.apache.catalina.core.ApplicationContext log
INFO: Manager: install: Installing context configuration at 'file:/C:/Users/ADMINI~1/AppData/Local/Temp/context7534219546852441825.xml'
juin 16, 2016 7:58:21 PM org.apache.catalina.core.ApplicationContext log
INFO: Manager: start: Starting web application '/exempleI18n2'
juin 16, 2016 7:59:51 PM org.apache.catalina.core.ApplicationContext log
INFO: Manager: list: Listing contexts for virtual host 'localhost'
juin 16, 2016 8:00:35 PM org.apache.catalina.core.ApplicationContext log
INFO: Manager: list: Listing contexts for virtual host 'localhost'
juin 16, 2016 8:00:35 PM org.apache.catalina.core.ApplicationContext log
INFO: Manager: list: Listing contexts for virtual host 'localhost'
juin 16, 2016 8:00:35 PM org.apache.catalina.core.ApplicationContext log
INFO: Manager: undeploy: Undeploying web application at '/exempleI18n2'
juin 16, 2016 8:00:36 PM org.apache.catalina.core.ApplicationContext log
INFO: Manager: install: Installing context configuration at 'file:/C:/Users/ADMINI~1/AppData/Local/Temp/context2542048001712259672.xml'
juin 16, 2016 8:00:38 PM org.apache.catalina.core.ApplicationContext log
INFO: Manager: start: Starting web application '/exempleI18n2'
juin 16, 2016 8:05:24 PM org.apache.catalina.core.ApplicationContext log
INFO: Manager: list: Listing contexts for virtual host 'localhost'
juin 16, 2016 8:05:33 PM org.apache.catalina.core.ApplicationContext log
INFO: Manager: list: Listing contexts for virtual host 'localhost'
juin 16, 2016 8:05:33 PM org.apache.catalina.core.ApplicationContext log
INFO: Manager: list: Listing contexts for virtual host 'localhost'
juin 16, 2016 8:05:33 PM org.apache.catalina.core.ApplicationContext log
INFO: Manager: undeploy: Undeploying web application at '/exempleI18n2'
juin 16, 2016 8:05:43 PM org.apache.catalina.core.ApplicationContext log
INFO: Manager: install: Installing context configuration at 'file:/C:/Users/ADMINI~1/AppData/Local/Temp/context6227063104401670978.xml'
juin 16, 2016 8:05:44 PM org.apache.catalina.core.ApplicationContext log
INFO: Manager: start: Starting web application '/exempleI18n2'
juin 16, 2016 8:07:45 PM org.apache.catalina.core.ApplicationContext log
INFO: Manager: list: Listing contexts for virtual host 'localhost'
juin 16, 2016 8:07:45 PM org.apache.catalina.core.ApplicationContext log
INFO: Manager: list: Listing contexts for virtual host 'localhost'
juin 16, 2016 8:07:45 PM org.apache.catalina.core.ApplicationContext log
INFO: Manager: undeploy: Undeploying web application at '/exempleI18n2'
juin 16, 2016 8:07:53 PM org.apache.catalina.core.ApplicationContext log
INFO: Manager: install: Installing context configuration at 'file:/C:/Users/ADMINI~1/AppData/Local/Temp/context7270001534307283873.xml'
juin 16, 2016 8:07:54 PM org.apache.catalina.core.ApplicationContext log
INFO: Manager: start: Starting web application '/exempleI18n2'
juin 16, 2016 8:26:32 PM org.apache.catalina.core.ApplicationContext log
INFO: Manager: list: Listing contexts for virtual host 'localhost'
juin 16, 2016 8:26:32 PM org.apache.catalina.core.ApplicationContext log
INFO: Manager: undeploy: Undeploying web application at '/exempleI18n2'
juin 16, 2016 8:27:24 PM org.apache.catalina.core.ApplicationContext log
INFO: Manager: list: Listing contexts for virtual host 'localhost'
juin 16, 2016 8:39:01 PM org.apache.catalina.core.ApplicationContext log
INFO: Manager: list: Listing contexts for virtual host 'localhost'
juin 16, 2016 8:39:50 PM org.apache.catalina.core.ApplicationContext log
INFO: Manager: list: Listing contexts for virtual host 'localhost'
juin 16, 2016 8:39:54 PM org.apache.catalina.core.ApplicationContext log
INFO: Manager: list: Listing contexts for virtual host 'localhost'
juin 16, 2016 8:39:54 PM org.apache.catalina.core.ApplicationContext log
INFO: Manager: list: Listing contexts for virtual host 'localhost'
juin 16, 2016 8:39:54 PM org.apache.catalina.core.ApplicationContext log
INFO: Manager: install: Installing context configuration at 'file:/C:/Users/ADMINI~1/AppData/Local/Temp/context7298896934077873038.xml'
juin 16, 2016 8:39:57 PM org.apache.catalina.core.ApplicationContext log
INFO: Manager: start: Starting web application '/exempleI18n2'
juin 16, 2016 10:35:40 PM org.apache.catalina.core.ApplicationContext log
INFO: Manager: list: Listing contexts for virtual host 'localhost'
juin 16, 2016 10:35:40 PM org.apache.catalina.core.ApplicationContext log
INFO: Manager: list: Listing contexts for virtual host 'localhost'
juin 16, 2016 10:36:48 PM org.apache.catalina.core.ApplicationContext log
INFO: Manager: list: Listing contexts for virtual host 'localhost'
juin 16, 2016 10:36:48 PM org.apache.catalina.core.ApplicationContext log
INFO: Manager: list: Listing contexts for virtual host 'localhost'
juin 16, 2016 10:36:48 PM org.apache.catalina.core.ApplicationContext log
INFO: Manager: undeploy: Undeploying web application at '/exempleI18n2'
juin 16, 2016 10:37:00 PM org.apache.catalina.core.ApplicationContext log
INFO: Manager: install: Installing context configuration at 'file:/C:/Users/ADMINI~1/AppData/Local/Temp/context3235941783957741399.xml'
juin 16, 2016 10:37:00 PM org.apache.catalina.core.ApplicationContext log
INFO: Manager: start: Starting web application '/exempleI18n2'
