juin 02, 2016 11:01:57 PM org.apache.catalina.core.ApplicationContext log
INFO: Manager: init: Associated with Deployer 'Catalina:type=Deployer,host=localhost'
juin 02, 2016 11:01:57 PM org.apache.catalina.core.ApplicationContext log
INFO: Manager: init: Global resources are available
juin 02, 2016 11:01:57 PM org.apache.catalina.core.ApplicationContext log
INFO: Manager: list: Listing contexts for virtual host 'localhost'
juin 02, 2016 11:01:58 PM org.apache.catalina.core.ApplicationContext log
INFO: Manager: undeploy: Undeploying web application at '/'
juin 02, 2016 11:02:02 PM org.apache.catalina.core.ApplicationContext log
INFO: Manager: install: Installing context configuration at 'file:/C:/Users/ADMINI~1/AppData/Local/Temp/context4637940122349477673.xml'
juin 02, 2016 11:02:07 PM org.apache.catalina.core.ApplicationContext log
INFO: Manager: start: Starting web application '/'
juin 02, 2016 11:09:02 PM org.apache.catalina.core.ApplicationContext log
INFO: Manager: list: Listing contexts for virtual host 'localhost'
juin 02, 2016 11:09:02 PM org.apache.catalina.core.ApplicationContext log
INFO: Manager: list: Listing contexts for virtual host 'localhost'
juin 02, 2016 11:10:10 PM org.apache.catalina.core.ApplicationContext log
INFO: Manager: list: Listing contexts for virtual host 'localhost'
juin 02, 2016 11:10:10 PM org.apache.catalina.core.ApplicationContext log
INFO: Manager: list: Listing contexts for virtual host 'localhost'
juin 02, 2016 11:17:16 PM org.apache.catalina.core.ApplicationContext log
INFO: Manager: list: Listing contexts for virtual host 'localhost'
juin 02, 2016 11:17:16 PM org.apache.catalina.core.ApplicationContext log
INFO: Manager: undeploy: Undeploying web application at '/'
juin 02, 2016 11:17:20 PM org.apache.catalina.core.ApplicationContext log
INFO: Manager: install: Installing context configuration at 'file:/C:/Users/ADMINI~1/AppData/Local/Temp/context3805854777126351732.xml'
juin 02, 2016 11:17:20 PM org.apache.catalina.core.ApplicationContext log
INFO: Manager: start: Starting web application '/'
juin 02, 2016 11:18:29 PM org.apache.catalina.core.ApplicationContext log
INFO: Manager: list: Listing contexts for virtual host 'localhost'
juin 02, 2016 11:18:29 PM org.apache.catalina.core.ApplicationContext log
INFO: Manager: undeploy: Undeploying web application at '/'
juin 02, 2016 11:18:38 PM org.apache.catalina.core.ApplicationContext log
INFO: Manager: install: Installing context configuration at 'file:/C:/Users/ADMINI~1/AppData/Local/Temp/context291052736262716899.xml'
juin 02, 2016 11:18:38 PM org.apache.catalina.core.ApplicationContext log
INFO: Manager: start: Starting web application '/'
juin 02, 2016 11:19:01 PM org.apache.catalina.core.ApplicationContext log
INFO: Manager: list: Listing contexts for virtual host 'localhost'
juin 02, 2016 11:19:01 PM org.apache.catalina.core.ApplicationContext log
INFO: Manager: list: Listing contexts for virtual host 'localhost'
juin 02, 2016 11:19:01 PM org.apache.catalina.core.ApplicationContext log
INFO: Manager: undeploy: Undeploying web application at '/'
juin 02, 2016 11:19:04 PM org.apache.catalina.core.ApplicationContext log
INFO: Manager: install: Installing context configuration at 'file:/C:/Users/ADMINI~1/AppData/Local/Temp/context378807876034403034.xml'
juin 02, 2016 11:19:04 PM org.apache.catalina.core.ApplicationContext log
INFO: Manager: start: Starting web application '/'
juin 02, 2016 11:21:54 PM org.apache.catalina.core.ApplicationContext log
INFO: Manager: list: Listing contexts for virtual host 'localhost'
juin 02, 2016 11:21:54 PM org.apache.catalina.core.ApplicationContext log
INFO: Manager: list: Listing contexts for virtual host 'localhost'
juin 02, 2016 11:21:54 PM org.apache.catalina.core.ApplicationContext log
INFO: Manager: undeploy: Undeploying web application at '/'
juin 02, 2016 11:22:06 PM org.apache.catalina.core.ApplicationContext log
INFO: Manager: install: Installing context configuration at 'file:/C:/Users/ADMINI~1/AppData/Local/Temp/context6400164810225549287.xml'
juin 02, 2016 11:22:06 PM org.apache.catalina.core.ApplicationContext log
INFO: Manager: start: Starting web application '/'
juin 02, 2016 11:22:55 PM org.apache.catalina.core.ApplicationContext log
INFO: Manager: list: Listing contexts for virtual host 'localhost'
juin 02, 2016 11:22:55 PM org.apache.catalina.core.ApplicationContext log
INFO: Manager: list: Listing contexts for virtual host 'localhost'
juin 02, 2016 11:22:55 PM org.apache.catalina.core.ApplicationContext log
INFO: Manager: undeploy: Undeploying web application at '/'
juin 02, 2016 11:22:58 PM org.apache.catalina.core.ApplicationContext log
INFO: Manager: install: Installing context configuration at 'file:/C:/Users/ADMINI~1/AppData/Local/Temp/context8636812719458100869.xml'
juin 02, 2016 11:22:58 PM org.apache.catalina.core.ApplicationContext log
INFO: Manager: start: Starting web application '/'
juin 02, 2016 11:23:54 PM org.apache.catalina.core.ApplicationContext log
INFO: Manager: list: Listing contexts for virtual host 'localhost'
juin 02, 2016 11:23:54 PM org.apache.catalina.core.ApplicationContext log
INFO: Manager: list: Listing contexts for virtual host 'localhost'
juin 02, 2016 11:23:54 PM org.apache.catalina.core.ApplicationContext log
INFO: Manager: undeploy: Undeploying web application at '/'
juin 02, 2016 11:23:55 PM org.apache.catalina.core.ApplicationContext log
INFO: Manager: install: Installing context configuration at 'file:/C:/Users/ADMINI~1/AppData/Local/Temp/context2968963693329693336.xml'
juin 02, 2016 11:23:56 PM org.apache.catalina.core.ApplicationContext log
INFO: Manager: start: Starting web application '/'
juin 02, 2016 11:24:29 PM org.apache.catalina.core.ApplicationContext log
INFO: Manager: list: Listing contexts for virtual host 'localhost'
juin 02, 2016 11:24:29 PM org.apache.catalina.core.ApplicationContext log
INFO: Manager: list: Listing contexts for virtual host 'localhost'
juin 02, 2016 11:24:29 PM org.apache.catalina.core.ApplicationContext log
INFO: Manager: undeploy: Undeploying web application at '/'
juin 02, 2016 11:24:42 PM org.apache.catalina.core.ApplicationContext log
INFO: Manager: install: Installing context configuration at 'file:/C:/Users/ADMINI~1/AppData/Local/Temp/context1738490358351670435.xml'
juin 02, 2016 11:24:42 PM org.apache.catalina.core.ApplicationContext log
INFO: Manager: start: Starting web application '/'
juin 02, 2016 11:25:57 PM org.apache.catalina.core.ApplicationContext log
INFO: Manager: list: Listing contexts for virtual host 'localhost'
juin 02, 2016 11:25:57 PM org.apache.catalina.core.ApplicationContext log
INFO: Manager: list: Listing contexts for virtual host 'localhost'
juin 02, 2016 11:25:57 PM org.apache.catalina.core.ApplicationContext log
INFO: Manager: undeploy: Undeploying web application at '/'
juin 02, 2016 11:26:00 PM org.apache.catalina.core.ApplicationContext log
INFO: Manager: install: Installing context configuration at 'file:/C:/Users/ADMINI~1/AppData/Local/Temp/context4742823602041040437.xml'
juin 02, 2016 11:26:01 PM org.apache.catalina.core.ApplicationContext log
INFO: Manager: start: Starting web application '/'
juin 02, 2016 11:28:52 PM org.apache.catalina.core.ApplicationContext log
INFO: Manager: init: Associated with Deployer 'Catalina:type=Deployer,host=localhost'
juin 02, 2016 11:28:52 PM org.apache.catalina.core.ApplicationContext log
INFO: Manager: init: Global resources are available
juin 02, 2016 11:28:52 PM org.apache.catalina.core.ApplicationContext log
INFO: Manager: list: Listing contexts for virtual host 'localhost'
juin 02, 2016 11:28:52 PM org.apache.catalina.core.ApplicationContext log
INFO: Manager: list: Listing contexts for virtual host 'localhost'
juin 02, 2016 11:28:52 PM org.apache.catalina.core.ApplicationContext log
INFO: Manager: undeploy: Undeploying web application at '/'
juin 02, 2016 11:28:53 PM org.apache.catalina.core.ApplicationContext log
INFO: Manager: install: Installing context configuration at 'file:/C:/Users/ADMINI~1/AppData/Local/Temp/context4778418416007234104.xml'
juin 02, 2016 11:28:54 PM org.apache.catalina.core.ApplicationContext log
INFO: Manager: start: Starting web application '/'
juin 02, 2016 11:34:32 PM org.apache.catalina.core.ApplicationContext log
INFO: Manager: list: Listing contexts for virtual host 'localhost'
juin 02, 2016 11:34:32 PM org.apache.catalina.core.ApplicationContext log
INFO: Manager: list: Listing contexts for virtual host 'localhost'
juin 02, 2016 11:34:32 PM org.apache.catalina.core.ApplicationContext log
INFO: Manager: undeploy: Undeploying web application at '/'
juin 02, 2016 11:34:33 PM org.apache.catalina.core.ApplicationContext log
INFO: Manager: install: Installing context configuration at 'file:/C:/Users/ADMINI~1/AppData/Local/Temp/context9002454553426294968.xml'
juin 02, 2016 11:34:33 PM org.apache.catalina.core.ApplicationContext log
INFO: Manager: start: Starting web application '/'
juin 02, 2016 11:35:39 PM org.apache.catalina.core.ApplicationContext log
INFO: Manager: list: Listing contexts for virtual host 'localhost'
juin 02, 2016 11:35:39 PM org.apache.catalina.core.ApplicationContext log
INFO: Manager: list: Listing contexts for virtual host 'localhost'
juin 02, 2016 11:35:39 PM org.apache.catalina.core.ApplicationContext log
INFO: Manager: undeploy: Undeploying web application at '/'
juin 02, 2016 11:35:45 PM org.apache.catalina.core.ApplicationContext log
INFO: Manager: install: Installing context configuration at 'file:/C:/Users/ADMINI~1/AppData/Local/Temp/context9031172064068610770.xml'
juin 02, 2016 11:35:46 PM org.apache.catalina.core.ApplicationContext log
INFO: Manager: start: Starting web application '/'
juin 02, 2016 11:36:18 PM org.apache.catalina.core.ApplicationContext log
INFO: Manager: list: Listing contexts for virtual host 'localhost'
juin 02, 2016 11:36:18 PM org.apache.catalina.core.ApplicationContext log
INFO: Manager: list: Listing contexts for virtual host 'localhost'
juin 02, 2016 11:36:18 PM org.apache.catalina.core.ApplicationContext log
INFO: Manager: undeploy: Undeploying web application at '/'
juin 02, 2016 11:36:19 PM org.apache.catalina.core.ApplicationContext log
INFO: Manager: install: Installing context configuration at 'file:/C:/Users/ADMINI~1/AppData/Local/Temp/context2736054799923187157.xml'
juin 02, 2016 11:36:19 PM org.apache.catalina.core.ApplicationContext log
INFO: Manager: start: Starting web application '/'
juin 02, 2016 11:37:46 PM org.apache.catalina.core.ApplicationContext log
INFO: Manager: list: Listing contexts for virtual host 'localhost'
juin 02, 2016 11:37:46 PM org.apache.catalina.core.ApplicationContext log
INFO: Manager: list: Listing contexts for virtual host 'localhost'
juin 02, 2016 11:37:46 PM org.apache.catalina.core.ApplicationContext log
INFO: Manager: undeploy: Undeploying web application at '/'
juin 02, 2016 11:37:52 PM org.apache.catalina.core.ApplicationContext log
INFO: Manager: install: Installing context configuration at 'file:/C:/Users/ADMINI~1/AppData/Local/Temp/context1031047875540269633.xml'
juin 02, 2016 11:37:56 PM org.apache.catalina.core.ApplicationContext log
INFO: Manager: start: Starting web application '/'
juin 02, 2016 11:40:07 PM org.apache.catalina.core.ApplicationContext log
INFO: Manager: list: Listing contexts for virtual host 'localhost'
juin 02, 2016 11:40:07 PM org.apache.catalina.core.ApplicationContext log
INFO: Manager: list: Listing contexts for virtual host 'localhost'
juin 02, 2016 11:40:07 PM org.apache.catalina.core.ApplicationContext log
INFO: Manager: undeploy: Undeploying web application at '/'
juin 02, 2016 11:40:08 PM org.apache.catalina.core.ApplicationContext log
INFO: Manager: install: Installing context configuration at 'file:/C:/Users/ADMINI~1/AppData/Local/Temp/context4356414475213998139.xml'
juin 02, 2016 11:40:32 PM org.apache.catalina.core.ApplicationContext log
INFO: Manager: start: Starting web application '/'
juin 02, 2016 11:41:07 PM org.apache.catalina.core.ApplicationContext log
INFO: Manager: list: Listing contexts for virtual host 'localhost'
juin 02, 2016 11:41:07 PM org.apache.catalina.core.ApplicationContext log
INFO: Manager: list: Listing contexts for virtual host 'localhost'
juin 02, 2016 11:41:07 PM org.apache.catalina.core.ApplicationContext log
INFO: Manager: undeploy: Undeploying web application at '/'
juin 02, 2016 11:41:21 PM org.apache.catalina.core.ApplicationContext log
INFO: Manager: install: Installing context configuration at 'file:/C:/Users/ADMINI~1/AppData/Local/Temp/context4336718137391809760.xml'
juin 02, 2016 11:43:47 PM org.apache.catalina.core.ApplicationContext log
INFO: Manager: list: Listing contexts for virtual host 'localhost'
juin 02, 2016 11:43:47 PM org.apache.catalina.core.ApplicationContext log
INFO: Manager: list: Listing contexts for virtual host 'localhost'
juin 02, 2016 11:43:47 PM org.apache.catalina.core.ApplicationContext log
INFO: Manager: undeploy: Undeploying web application at '/'
juin 02, 2016 11:44:01 PM org.apache.catalina.core.ApplicationContext log
INFO: Manager: install: Installing context configuration at 'file:/C:/Users/ADMINI~1/AppData/Local/Temp/context8211265144003907162.xml'
juin 02, 2016 11:51:41 PM org.apache.catalina.core.ApplicationContext log
INFO: Manager: list: Listing contexts for virtual host 'localhost'
juin 02, 2016 11:51:41 PM org.apache.catalina.core.ApplicationContext log
INFO: Manager: restart: Reloading web application '/'
juin 02, 2016 11:51:46 PM org.apache.catalina.core.ApplicationContext log
INFO: Manager: list: Listing contexts for virtual host 'localhost'
juin 02, 2016 11:51:46 PM org.apache.catalina.core.ApplicationContext log
INFO: Manager: list: Listing contexts for virtual host 'localhost'
juin 02, 2016 11:51:46 PM org.apache.catalina.core.ApplicationContext log
INFO: Manager: undeploy: Undeploying web application at '/'
juin 02, 2016 11:51:50 PM org.apache.catalina.core.ApplicationContext log
INFO: Manager: install: Installing context configuration at 'file:/C:/Users/ADMINI~1/AppData/Local/Temp/context8799983430365361171.xml'
juin 02, 2016 11:51:51 PM org.apache.catalina.core.ApplicationContext log
INFO: Manager: start: Starting web application '/'
juin 02, 2016 11:55:48 PM org.apache.catalina.core.ApplicationContext log
INFO: Manager: list: Listing contexts for virtual host 'localhost'
juin 02, 2016 11:55:48 PM org.apache.catalina.core.ApplicationContext log
INFO: Manager: list: Listing contexts for virtual host 'localhost'
juin 02, 2016 11:55:48 PM org.apache.catalina.core.ApplicationContext log
INFO: Manager: undeploy: Undeploying web application at '/'
juin 02, 2016 11:55:49 PM org.apache.catalina.core.ApplicationContext log
INFO: Manager: install: Installing context configuration at 'file:/C:/Users/ADMINI~1/AppData/Local/Temp/context6731148239750738916.xml'
juin 02, 2016 11:59:52 PM org.apache.catalina.core.ApplicationContext log
INFO: Manager: list: Listing contexts for virtual host 'localhost'
juin 02, 2016 11:59:52 PM org.apache.catalina.core.ApplicationContext log
INFO: Manager: list: Listing contexts for virtual host 'localhost'
juin 02, 2016 11:59:52 PM org.apache.catalina.core.ApplicationContext log
INFO: Manager: undeploy: Undeploying web application at '/'
