févr. 26, 2014 10:47:47 AM org.apache.catalina.core.ApplicationContext log
INFO: Manager: init: Associated with Deployer 'Catalina:type=Deployer,host=localhost'
févr. 26, 2014 10:47:47 AM org.apache.catalina.core.ApplicationContext log
INFO: Manager: init: Global resources are available
févr. 26, 2014 10:47:47 AM org.apache.catalina.core.ApplicationContext log
INFO: Manager: list: Listing contexts for virtual host 'localhost'
févr. 26, 2014 10:47:47 AM org.apache.catalina.core.ApplicationContext log
INFO: Manager: list: Listing contexts for virtual host 'localhost'
févr. 26, 2014 10:47:47 AM org.apache.catalina.core.ApplicationContext log
INFO: Manager: install: Installing context configuration at 'file:/C:/Users/ADMINI~1/AppData/Local/Temp/context4482100417735184635.xml'
févr. 26, 2014 10:47:48 AM org.apache.catalina.core.ApplicationContext log
INFO: Manager: start: Starting web application '/AchetezMoi2'
févr. 26, 2014 1:30:28 PM org.apache.catalina.core.ApplicationContext log
INFO: Manager: list: Listing contexts for virtual host 'localhost'
févr. 26, 2014 1:30:28 PM org.apache.catalina.core.ApplicationContext log
INFO: Manager: list: Listing contexts for virtual host 'localhost'
févr. 26, 2014 1:30:28 PM org.apache.catalina.core.ApplicationContext log
INFO: Manager: install: Installing context configuration at 'file:/C:/Users/ADMINI~1/AppData/Local/Temp/context1691386950283178469.xml'
févr. 26, 2014 1:30:29 PM org.apache.catalina.core.ApplicationContext log
INFO: Manager: start: Starting web application '/sitelivres'
févr. 26, 2014 1:34:49 PM org.apache.catalina.core.ApplicationContext log
INFO: Manager: list: Listing contexts for virtual host 'localhost'
févr. 26, 2014 1:34:49 PM org.apache.catalina.core.ApplicationContext log
INFO: Manager: list: Listing contexts for virtual host 'localhost'
févr. 26, 2014 1:34:49 PM org.apache.catalina.core.ApplicationContext log
INFO: Manager: install: Installing context configuration at 'file:/C:/Users/ADMINI~1/AppData/Local/Temp/context4962454883248638937.xml'
févr. 26, 2014 1:34:50 PM org.apache.catalina.core.ApplicationContext log
INFO: Manager: start: Starting web application '/111MonProjet'
févr. 26, 2014 1:37:51 PM org.apache.catalina.core.ApplicationContext log
INFO: Manager: list: Listing contexts for virtual host 'localhost'
févr. 26, 2014 1:37:52 PM org.apache.catalina.core.ApplicationContext log
INFO: Manager: list: Listing contexts for virtual host 'localhost'
févr. 26, 2014 1:37:52 PM org.apache.catalina.core.ApplicationContext log
INFO: Manager: install: Installing context configuration at 'file:/C:/Users/ADMINI~1/AppData/Local/Temp/context9049080750451497376.xml'
févr. 26, 2014 1:37:52 PM org.apache.catalina.core.ApplicationContext log
INFO: Manager: start: Starting web application '/bookstore'
févr. 26, 2014 1:43:03 PM org.apache.catalina.core.ApplicationContext log
INFO: Manager: list: Listing contexts for virtual host 'localhost'
févr. 26, 2014 1:43:03 PM org.apache.catalina.core.ApplicationContext log
INFO: Manager: list: Listing contexts for virtual host 'localhost'
févr. 26, 2014 1:43:03 PM org.apache.catalina.core.ApplicationContext log
INFO: Manager: install: Installing context configuration at 'file:/C:/Users/ADMINI~1/AppData/Local/Temp/context1008794601629923795.xml'
févr. 26, 2014 1:43:53 PM org.apache.catalina.core.ApplicationContext log
INFO: Manager: list: Listing contexts for virtual host 'localhost'
févr. 26, 2014 1:43:53 PM org.apache.catalina.core.ApplicationContext log
INFO: Manager: undeploy: Undeploying web application at '/Librairie'
févr. 26, 2014 1:43:54 PM org.apache.catalina.core.ApplicationContext log
INFO: Manager: install: Installing context configuration at 'file:/C:/Users/ADMINI~1/AppData/Local/Temp/context8131199599631715303.xml'
févr. 26, 2014 1:45:35 PM org.apache.catalina.core.ApplicationContext log
INFO: Manager: list: Listing contexts for virtual host 'localhost'
févr. 26, 2014 1:45:35 PM org.apache.catalina.core.ApplicationContext log
INFO: Manager: undeploy: Undeploying web application at '/Librairie'
févr. 26, 2014 1:45:36 PM org.apache.catalina.core.ApplicationContext log
INFO: Manager: install: Installing context configuration at 'file:/C:/Users/ADMINI~1/AppData/Local/Temp/context3448777997252603093.xml'
févr. 26, 2014 1:45:36 PM org.apache.catalina.core.ApplicationContext log
INFO: Manager: start: Starting web application '/Librairie'
févr. 26, 2014 1:48:09 PM org.apache.catalina.core.ApplicationContext log
INFO: Manager: list: Listing contexts for virtual host 'localhost'
févr. 26, 2014 1:48:09 PM org.apache.catalina.core.ApplicationContext log
INFO: Manager: list: Listing contexts for virtual host 'localhost'
févr. 26, 2014 1:48:10 PM org.apache.catalina.core.ApplicationContext log
INFO: Manager: install: Installing context configuration at 'file:/C:/Users/ADMINI~1/AppData/Local/Temp/context5548983919559226850.xml'
févr. 26, 2014 1:48:10 PM org.apache.catalina.core.ApplicationContext log
INFO: Manager: start: Starting web application '/gadgetstore'
