juin 27, 2016 9:31:11 PM org.apache.catalina.core.ApplicationContext log
INFO: Manager: init: Associated with Deployer 'Catalina:type=Deployer,host=localhost'
juin 27, 2016 9:31:11 PM org.apache.catalina.core.ApplicationContext log
INFO: Manager: init: Global resources are available
juin 27, 2016 9:31:11 PM org.apache.catalina.core.ApplicationContext log
INFO: Manager: list: Listing contexts for virtual host 'localhost'
juin 27, 2016 9:31:11 PM org.apache.catalina.core.ApplicationContext log
INFO: Manager: list: Listing contexts for virtual host 'localhost'
juin 27, 2016 9:31:11 PM org.apache.catalina.core.ApplicationContext log
INFO: Manager: install: Installing context configuration at 'file:/C:/Users/ADMINI~1/AppData/Local/Temp/context668324473494645774.xml'
juin 27, 2016 9:31:14 PM org.apache.catalina.core.ApplicationContext log
INFO: Manager: start: Starting web application '/SpringTest'
juin 27, 2016 9:33:23 PM org.apache.catalina.core.ApplicationContext log
INFO: Manager: list: Listing contexts for virtual host 'localhost'
juin 27, 2016 9:34:16 PM org.apache.catalina.core.ApplicationContext log
INFO: Manager: list: Listing contexts for virtual host 'localhost'
juin 27, 2016 9:34:16 PM org.apache.catalina.core.ApplicationContext log
INFO: Manager: restart: Reloading web application '/SpringTest'
juin 27, 2016 9:34:18 PM org.apache.catalina.core.ApplicationContext log
INFO: Manager: list: Listing contexts for virtual host 'localhost'
juin 27, 2016 9:34:18 PM org.apache.catalina.core.ApplicationContext log
INFO: Manager: restart: Reloading web application '/SpringTest'
juin 27, 2016 9:37:40 PM org.apache.catalina.core.ApplicationContext log
INFO: Manager: list: Listing contexts for virtual host 'localhost'
juin 27, 2016 9:39:11 PM org.apache.catalina.core.ApplicationContext log
INFO: Manager: list: Listing contexts for virtual host 'localhost'
juin 27, 2016 9:39:11 PM org.apache.catalina.core.ApplicationContext log
INFO: Manager: restart: Reloading web application '/SpringTest'
juin 27, 2016 9:39:14 PM org.apache.catalina.core.ApplicationContext log
INFO: Manager: list: Listing contexts for virtual host 'localhost'
juin 27, 2016 9:39:14 PM org.apache.catalina.core.ApplicationContext log
INFO: Manager: restart: Reloading web application '/SpringTest'
juin 27, 2016 9:45:03 PM org.apache.catalina.core.ApplicationContext log
INFO: Manager: list: Listing contexts for virtual host 'localhost'
juin 27, 2016 9:45:03 PM org.apache.catalina.core.ApplicationContext log
INFO: Manager: restart: Reloading web application '/SpringTest'
juin 27, 2016 9:45:05 PM org.apache.catalina.core.ApplicationContext log
INFO: Manager: list: Listing contexts for virtual host 'localhost'
juin 27, 2016 9:45:05 PM org.apache.catalina.core.ApplicationContext log
INFO: Manager: restart: Reloading web application '/SpringTest'
juin 27, 2016 9:45:16 PM org.apache.catalina.core.ApplicationContext log
INFO: Manager: list: Listing contexts for virtual host 'localhost'
juin 27, 2016 9:45:17 PM org.apache.catalina.core.ApplicationContext log
INFO: Manager: restart: Reloading web application '/SpringTest'
juin 27, 2016 9:45:21 PM org.apache.catalina.core.ApplicationContext log
INFO: Manager: list: Listing contexts for virtual host 'localhost'
juin 27, 2016 9:45:21 PM org.apache.catalina.core.ApplicationContext log
INFO: Manager: restart: Reloading web application '/SpringTest'
juin 27, 2016 9:45:23 PM org.apache.catalina.core.ApplicationContext log
INFO: Manager: list: Listing contexts for virtual host 'localhost'
juin 27, 2016 9:45:23 PM org.apache.catalina.core.ApplicationContext log
INFO: Manager: restart: Reloading web application '/SpringTest'
juin 27, 2016 9:46:28 PM org.apache.catalina.core.ApplicationContext log
INFO: Manager: list: Listing contexts for virtual host 'localhost'
juin 27, 2016 9:46:28 PM org.apache.catalina.core.ApplicationContext log
INFO: Manager: restart: Reloading web application '/SpringTest'
juin 27, 2016 9:49:30 PM org.apache.catalina.core.ApplicationContext log
INFO: Manager: list: Listing contexts for virtual host 'localhost'
juin 27, 2016 9:49:34 PM org.apache.catalina.core.ApplicationContext log
INFO: Manager: list: Listing contexts for virtual host 'localhost'
juin 27, 2016 9:49:34 PM org.apache.catalina.core.ApplicationContext log
INFO: Manager: stop: Stopping web application '/SpringTest'
juin 27, 2016 9:49:34 PM org.apache.catalina.core.ApplicationContext log
INFO: Manager: start: Starting web application '/SpringTest'
juin 27, 2016 9:50:06 PM org.apache.catalina.core.ApplicationContext log
INFO: Manager: list: Listing contexts for virtual host 'localhost'
juin 27, 2016 9:50:06 PM org.apache.catalina.core.ApplicationContext log
INFO: Manager: restart: Reloading web application '/SpringTest'
juin 27, 2016 9:53:13 PM org.apache.catalina.core.ApplicationContext log
INFO: Manager: list: Listing contexts for virtual host 'localhost'
juin 27, 2016 9:53:13 PM org.apache.catalina.core.ApplicationContext log
INFO: Manager: restart: Reloading web application '/SpringTest'
juin 27, 2016 9:53:17 PM org.apache.catalina.core.ApplicationContext log
INFO: Manager: list: Listing contexts for virtual host 'localhost'
juin 27, 2016 9:53:17 PM org.apache.catalina.core.ApplicationContext log
INFO: Manager: list: Listing contexts for virtual host 'localhost'
juin 27, 2016 9:53:17 PM org.apache.catalina.core.ApplicationContext log
INFO: Manager: stop: Stopping web application '/SpringTest'
juin 27, 2016 9:53:17 PM org.apache.catalina.core.ApplicationContext log
INFO: Manager: start: Starting web application '/SpringTest'
juin 27, 2016 9:54:36 PM org.apache.catalina.core.ApplicationContext log
INFO: Manager: list: Listing contexts for virtual host 'localhost'
juin 27, 2016 9:54:36 PM org.apache.catalina.core.ApplicationContext log
INFO: Manager: stop: Stopping web application '/SpringTest'
juin 27, 2016 9:54:36 PM org.apache.catalina.core.ApplicationContext log
INFO: Manager: start: Starting web application '/SpringTest'
juin 27, 2016 9:54:44 PM org.apache.catalina.core.ApplicationContext log
INFO: Manager: list: Listing contexts for virtual host 'localhost'
juin 27, 2016 9:54:44 PM org.apache.catalina.core.ApplicationContext log
INFO: Manager: list: Listing contexts for virtual host 'localhost'
juin 27, 2016 9:54:44 PM org.apache.catalina.core.ApplicationContext log
INFO: Manager: stop: Stopping web application '/SpringTest'
juin 27, 2016 9:54:44 PM org.apache.catalina.core.ApplicationContext log
INFO: Manager: start: Starting web application '/SpringTest'
juin 27, 2016 9:57:22 PM org.apache.catalina.core.ApplicationContext log
INFO: Manager: list: Listing contexts for virtual host 'localhost'
juin 27, 2016 9:57:22 PM org.apache.catalina.core.ApplicationContext log
INFO: Manager: restart: Reloading web application '/SpringTest'
juin 27, 2016 9:57:27 PM org.apache.catalina.core.ApplicationContext log
INFO: Manager: list: Listing contexts for virtual host 'localhost'
juin 27, 2016 9:57:27 PM org.apache.catalina.core.ApplicationContext log
INFO: Manager: list: Listing contexts for virtual host 'localhost'
juin 27, 2016 9:57:27 PM org.apache.catalina.core.ApplicationContext log
INFO: Manager: restart: Reloading web application '/SpringTest'
juin 27, 2016 9:58:36 PM org.apache.catalina.core.ApplicationContext log
INFO: Manager: init: Associated with Deployer 'Catalina:type=Deployer,host=localhost'
juin 27, 2016 9:58:36 PM org.apache.catalina.core.ApplicationContext log
INFO: Manager: init: Global resources are available
juin 27, 2016 9:58:36 PM org.apache.catalina.core.ApplicationContext log
INFO: Manager: list: Listing contexts for virtual host 'localhost'
juin 27, 2016 9:58:36 PM org.apache.catalina.core.ApplicationContext log
INFO: Manager: list: Listing contexts for virtual host 'localhost'
juin 27, 2016 9:58:36 PM org.apache.catalina.core.ApplicationContext log
INFO: Manager: undeploy: Undeploying web application at '/SpringTest'
juin 27, 2016 9:58:37 PM org.apache.catalina.core.ApplicationContext log
INFO: Manager: install: Installing context configuration at 'file:/C:/Users/ADMINI~1/AppData/Local/Temp/context2996797101248763682.xml'
juin 27, 2016 9:58:39 PM org.apache.catalina.core.ApplicationContext log
INFO: Manager: start: Starting web application '/SpringTest'
juin 27, 2016 10:05:33 PM org.apache.catalina.core.ApplicationContext log
INFO: Manager: list: Listing contexts for virtual host 'localhost'
juin 27, 2016 10:05:33 PM org.apache.catalina.core.ApplicationContext log
INFO: Manager: stop: Stopping web application '/SpringTest'
juin 27, 2016 10:05:33 PM org.apache.catalina.core.ApplicationContext log
INFO: Manager: start: Starting web application '/SpringTest'
juin 27, 2016 10:05:37 PM org.apache.catalina.core.ApplicationContext log
INFO: Manager: list: Listing contexts for virtual host 'localhost'
juin 27, 2016 10:05:37 PM org.apache.catalina.core.ApplicationContext log
INFO: Manager: list: Listing contexts for virtual host 'localhost'
juin 27, 2016 10:05:37 PM org.apache.catalina.core.ApplicationContext log
INFO: Manager: stop: Stopping web application '/SpringTest'
juin 27, 2016 10:05:37 PM org.apache.catalina.core.ApplicationContext log
INFO: Manager: start: Starting web application '/SpringTest'
juin 27, 2016 10:06:22 PM org.apache.catalina.core.ApplicationContext log
INFO: Manager: list: Listing contexts for virtual host 'localhost'
juin 27, 2016 10:06:22 PM org.apache.catalina.core.ApplicationContext log
INFO: Manager: stop: Stopping web application '/SpringTest'
juin 27, 2016 10:06:22 PM org.apache.catalina.core.ApplicationContext log
INFO: Manager: start: Starting web application '/SpringTest'
juin 27, 2016 10:07:07 PM org.apache.catalina.core.ApplicationContext log
INFO: Manager: list: Listing contexts for virtual host 'localhost'
juin 27, 2016 10:07:07 PM org.apache.catalina.core.ApplicationContext log
INFO: Manager: stop: Stopping web application '/SpringTest'
juin 27, 2016 10:07:07 PM org.apache.catalina.core.ApplicationContext log
INFO: Manager: start: Starting web application '/SpringTest'
juin 27, 2016 10:07:10 PM org.apache.catalina.core.ApplicationContext log
INFO: Manager: list: Listing contexts for virtual host 'localhost'
juin 27, 2016 10:07:10 PM org.apache.catalina.core.ApplicationContext log
INFO: Manager: undeploy: Undeploying web application at '/SpringTest'
juin 27, 2016 10:07:16 PM org.apache.catalina.core.ApplicationContext log
INFO: Manager: list: Listing contexts for virtual host 'localhost'
juin 27, 2016 10:07:16 PM org.apache.catalina.core.ApplicationContext log
INFO: Manager: list: Listing contexts for virtual host 'localhost'
juin 27, 2016 10:07:16 PM org.apache.catalina.core.ApplicationContext log
INFO: Manager: install: Installing context configuration at 'file:/C:/Users/ADMINI~1/AppData/Local/Temp/context7186283294588542986.xml'
juin 27, 2016 10:07:18 PM org.apache.catalina.core.ApplicationContext log
INFO: Manager: start: Starting web application '/SpringTest'
juin 27, 2016 10:12:10 PM org.apache.catalina.core.ApplicationContext log
INFO: Manager: list: Listing contexts for virtual host 'localhost'
juin 27, 2016 10:12:10 PM org.apache.catalina.core.ApplicationContext log
INFO: Manager: stop: Stopping web application '/SpringTest'
juin 27, 2016 10:12:10 PM org.apache.catalina.core.ApplicationContext log
INFO: Manager: start: Starting web application '/SpringTest'
juin 27, 2016 10:12:14 PM org.apache.catalina.core.ApplicationContext log
INFO: Manager: list: Listing contexts for virtual host 'localhost'
juin 27, 2016 10:12:14 PM org.apache.catalina.core.ApplicationContext log
INFO: Manager: list: Listing contexts for virtual host 'localhost'
juin 27, 2016 10:12:14 PM org.apache.catalina.core.ApplicationContext log
INFO: Manager: stop: Stopping web application '/SpringTest'
juin 27, 2016 10:12:14 PM org.apache.catalina.core.ApplicationContext log
INFO: Manager: start: Starting web application '/SpringTest'
juin 27, 2016 10:12:38 PM org.apache.catalina.core.ApplicationContext log
INFO: Manager: list: Listing contexts for virtual host 'localhost'
juin 27, 2016 10:12:38 PM org.apache.catalina.core.ApplicationContext log
INFO: Manager: stop: Stopping web application '/SpringTest'
juin 27, 2016 10:12:38 PM org.apache.catalina.core.ApplicationContext log
INFO: Manager: start: Starting web application '/SpringTest'
juin 27, 2016 10:12:41 PM org.apache.catalina.core.ApplicationContext log
INFO: Manager: list: Listing contexts for virtual host 'localhost'
juin 27, 2016 10:12:41 PM org.apache.catalina.core.ApplicationContext log
INFO: Manager: list: Listing contexts for virtual host 'localhost'
juin 27, 2016 10:12:41 PM org.apache.catalina.core.ApplicationContext log
INFO: Manager: stop: Stopping web application '/SpringTest'
juin 27, 2016 10:12:42 PM org.apache.catalina.core.ApplicationContext log
INFO: Manager: start: Starting web application '/SpringTest'
juin 27, 2016 10:15:15 PM org.apache.catalina.core.ApplicationContext log
INFO: Manager: list: Listing contexts for virtual host 'localhost'
juin 27, 2016 10:15:15 PM org.apache.catalina.core.ApplicationContext log
INFO: Manager: restart: Reloading web application '/SpringTest'
juin 27, 2016 10:15:17 PM org.apache.catalina.core.ApplicationContext log
INFO: Manager: list: Listing contexts for virtual host 'localhost'
juin 27, 2016 10:15:17 PM org.apache.catalina.core.ApplicationContext log
INFO: Manager: restart: Reloading web application '/SpringTest'
juin 27, 2016 10:17:41 PM org.apache.catalina.core.ApplicationContext log
INFO: Manager: list: Listing contexts for virtual host 'localhost'
juin 27, 2016 10:17:41 PM org.apache.catalina.core.ApplicationContext log
INFO: Manager: stop: Stopping web application '/SpringTest'
juin 27, 2016 10:17:41 PM org.apache.catalina.core.ApplicationContext log
INFO: Manager: start: Starting web application '/SpringTest'
juin 27, 2016 10:17:45 PM org.apache.catalina.core.ApplicationContext log
INFO: Manager: list: Listing contexts for virtual host 'localhost'
juin 27, 2016 10:17:45 PM org.apache.catalina.core.ApplicationContext log
INFO: Manager: list: Listing contexts for virtual host 'localhost'
juin 27, 2016 10:17:45 PM org.apache.catalina.core.ApplicationContext log
INFO: Manager: stop: Stopping web application '/SpringTest'
juin 27, 2016 10:17:45 PM org.apache.catalina.core.ApplicationContext log
INFO: Manager: start: Starting web application '/SpringTest'
juin 27, 2016 10:18:39 PM org.apache.catalina.core.ApplicationContext log
INFO: Manager: list: Listing contexts for virtual host 'localhost'
juin 27, 2016 10:18:39 PM org.apache.catalina.core.ApplicationContext log
INFO: Manager: stop: Stopping web application '/SpringTest'
juin 27, 2016 10:18:39 PM org.apache.catalina.core.ApplicationContext log
INFO: Manager: start: Starting web application '/SpringTest'
juin 27, 2016 10:18:43 PM org.apache.catalina.core.ApplicationContext log
INFO: Manager: list: Listing contexts for virtual host 'localhost'
juin 27, 2016 10:18:43 PM org.apache.catalina.core.ApplicationContext log
INFO: Manager: list: Listing contexts for virtual host 'localhost'
juin 27, 2016 10:18:43 PM org.apache.catalina.core.ApplicationContext log
INFO: Manager: stop: Stopping web application '/SpringTest'
juin 27, 2016 10:18:44 PM org.apache.catalina.core.ApplicationContext log
INFO: Manager: start: Starting web application '/SpringTest'
juin 27, 2016 10:19:24 PM org.apache.catalina.core.ApplicationContext log
INFO: Manager: list: Listing contexts for virtual host 'localhost'
juin 27, 2016 10:19:24 PM org.apache.catalina.core.ApplicationContext log
INFO: Manager: stop: Stopping web application '/SpringTest'
juin 27, 2016 10:19:24 PM org.apache.catalina.core.ApplicationContext log
INFO: Manager: start: Starting web application '/SpringTest'
juin 27, 2016 10:19:28 PM org.apache.catalina.core.ApplicationContext log
INFO: Manager: list: Listing contexts for virtual host 'localhost'
juin 27, 2016 10:19:28 PM org.apache.catalina.core.ApplicationContext log
INFO: Manager: list: Listing contexts for virtual host 'localhost'
juin 27, 2016 10:19:28 PM org.apache.catalina.core.ApplicationContext log
INFO: Manager: stop: Stopping web application '/SpringTest'
juin 27, 2016 10:19:28 PM org.apache.catalina.core.ApplicationContext log
INFO: Manager: start: Starting web application '/SpringTest'
juin 27, 2016 10:38:06 PM org.apache.catalina.core.ApplicationContext log
INFO: Manager: list: Listing contexts for virtual host 'localhost'
juin 27, 2016 10:38:06 PM org.apache.catalina.core.ApplicationContext log
INFO: Manager: stop: Stopping web application '/SpringTest'
juin 27, 2016 10:38:06 PM org.apache.catalina.core.ApplicationContext log
INFO: Manager: start: Starting web application '/SpringTest'
juin 27, 2016 10:38:08 PM org.apache.catalina.core.ApplicationContext log
INFO: Manager: list: Listing contexts for virtual host 'localhost'
juin 27, 2016 10:38:09 PM org.apache.catalina.core.ApplicationContext log
INFO: Manager: undeploy: Undeploying web application at '/SpringTest'
juin 27, 2016 10:38:17 PM org.apache.catalina.core.ApplicationContext log
INFO: Manager: list: Listing contexts for virtual host 'localhost'
juin 27, 2016 10:38:17 PM org.apache.catalina.core.ApplicationContext log
INFO: Manager: list: Listing contexts for virtual host 'localhost'
juin 27, 2016 10:38:17 PM org.apache.catalina.core.ApplicationContext log
INFO: Manager: install: Installing context configuration at 'file:/C:/Users/ADMINI~1/AppData/Local/Temp/context4515284349619817958.xml'
juin 27, 2016 10:38:19 PM org.apache.catalina.core.ApplicationContext log
INFO: Manager: start: Starting web application '/SpringTest'
juin 27, 2016 10:39:42 PM org.apache.catalina.core.ApplicationContext log
INFO: Manager: list: Listing contexts for virtual host 'localhost'
juin 27, 2016 10:39:42 PM org.apache.catalina.core.ApplicationContext log
INFO: Manager: stop: Stopping web application '/SpringTest'
juin 27, 2016 10:39:42 PM org.apache.catalina.core.ApplicationContext log
INFO: Manager: start: Starting web application '/SpringTest'
juin 27, 2016 10:39:46 PM org.apache.catalina.core.ApplicationContext log
INFO: Manager: list: Listing contexts for virtual host 'localhost'
juin 27, 2016 10:39:46 PM org.apache.catalina.core.ApplicationContext log
INFO: Manager: list: Listing contexts for virtual host 'localhost'
juin 27, 2016 10:39:46 PM org.apache.catalina.core.ApplicationContext log
INFO: Manager: stop: Stopping web application '/SpringTest'
juin 27, 2016 10:39:46 PM org.apache.catalina.core.ApplicationContext log
INFO: Manager: start: Starting web application '/SpringTest'
juin 27, 2016 10:42:13 PM org.apache.catalina.core.ApplicationContext log
INFO: Manager: list: Listing contexts for virtual host 'localhost'
juin 27, 2016 10:42:13 PM org.apache.catalina.core.ApplicationContext log
INFO: Manager: stop: Stopping web application '/SpringTest'
juin 27, 2016 10:42:14 PM org.apache.catalina.core.ApplicationContext log
INFO: Manager: start: Starting web application '/SpringTest'
juin 27, 2016 10:42:38 PM org.apache.catalina.core.ApplicationContext log
INFO: Manager: list: Listing contexts for virtual host 'localhost'
juin 27, 2016 10:42:38 PM org.apache.catalina.core.ApplicationContext log
INFO: Manager: list: Listing contexts for virtual host 'localhost'
juin 27, 2016 10:42:38 PM org.apache.catalina.core.ApplicationContext log
INFO: Manager: stop: Stopping web application '/SpringTest'
juin 27, 2016 10:42:38 PM org.apache.catalina.core.ApplicationContext log
INFO: Manager: start: Starting web application '/SpringTest'
juin 27, 2016 10:43:42 PM org.apache.catalina.core.ApplicationContext log
INFO: Manager: list: Listing contexts for virtual host 'localhost'
juin 27, 2016 10:43:45 PM org.apache.catalina.core.ApplicationContext log
INFO: Manager: list: Listing contexts for virtual host 'localhost'
juin 27, 2016 10:43:45 PM org.apache.catalina.core.ApplicationContext log
INFO: Manager: list: Listing contexts for virtual host 'localhost'
juin 27, 2016 10:50:03 PM org.apache.catalina.core.ApplicationContext log
INFO: Manager: list: Listing contexts for virtual host 'localhost'
juin 27, 2016 10:50:03 PM org.apache.catalina.core.ApplicationContext log
INFO: Manager: stop: Stopping web application '/SpringTest'
juin 27, 2016 10:50:03 PM org.apache.catalina.core.ApplicationContext log
INFO: Manager: start: Starting web application '/SpringTest'
juin 27, 2016 10:50:07 PM org.apache.catalina.core.ApplicationContext log
INFO: Manager: list: Listing contexts for virtual host 'localhost'
juin 27, 2016 10:50:07 PM org.apache.catalina.core.ApplicationContext log
INFO: Manager: list: Listing contexts for virtual host 'localhost'
juin 27, 2016 10:50:07 PM org.apache.catalina.core.ApplicationContext log
INFO: Manager: stop: Stopping web application '/SpringTest'
juin 27, 2016 10:50:08 PM org.apache.catalina.core.ApplicationContext log
INFO: Manager: start: Starting web application '/SpringTest'
juin 27, 2016 10:50:36 PM org.apache.catalina.core.ApplicationContext log
INFO: Manager: list: Listing contexts for virtual host 'localhost'
juin 27, 2016 10:50:36 PM org.apache.catalina.core.ApplicationContext log
INFO: Manager: list: Listing contexts for virtual host 'localhost'
juin 27, 2016 10:50:36 PM org.apache.catalina.core.ApplicationContext log
INFO: Manager: undeploy: Undeploying web application at '/SpringTest'
juin 27, 2016 10:50:37 PM org.apache.catalina.core.ApplicationContext log
INFO: Manager: install: Installing context configuration at 'file:/C:/Users/ADMINI~1/AppData/Local/Temp/context849840554811407111.xml'
juin 27, 2016 10:50:39 PM org.apache.catalina.core.ApplicationContext log
INFO: Manager: start: Starting web application '/SpringTest'
juin 27, 2016 10:51:39 PM org.apache.catalina.core.ApplicationContext log
INFO: Manager: list: Listing contexts for virtual host 'localhost'
juin 27, 2016 10:51:39 PM org.apache.catalina.core.ApplicationContext log
INFO: Manager: list: Listing contexts for virtual host 'localhost'
juin 27, 2016 10:52:40 PM org.apache.catalina.core.ApplicationContext log
INFO: Manager: list: Listing contexts for virtual host 'localhost'
juin 27, 2016 10:52:40 PM org.apache.catalina.core.ApplicationContext log
INFO: Manager: list: Listing contexts for virtual host 'localhost'
juin 27, 2016 10:55:48 PM org.apache.catalina.core.ApplicationContext log
INFO: Manager: list: Listing contexts for virtual host 'localhost'
juin 27, 2016 10:55:51 PM org.apache.catalina.core.ApplicationContext log
INFO: Manager: list: Listing contexts for virtual host 'localhost'
juin 27, 2016 10:55:51 PM org.apache.catalina.core.ApplicationContext log
INFO: Manager: list: Listing contexts for virtual host 'localhost'
juin 27, 2016 10:58:18 PM org.apache.catalina.core.ApplicationContext log
INFO: Manager: list: Listing contexts for virtual host 'localhost'
juin 27, 2016 10:58:18 PM org.apache.catalina.core.ApplicationContext log
INFO: Manager: stop: Stopping web application '/SpringTest'
juin 27, 2016 10:58:18 PM org.apache.catalina.core.ApplicationContext log
INFO: Manager: start: Starting web application '/SpringTest'
juin 27, 2016 10:58:28 PM org.apache.catalina.core.ApplicationContext log
INFO: Manager: list: Listing contexts for virtual host 'localhost'
juin 27, 2016 10:58:28 PM org.apache.catalina.core.ApplicationContext log
INFO: Manager: list: Listing contexts for virtual host 'localhost'
juin 27, 2016 10:58:29 PM org.apache.catalina.core.ApplicationContext log
INFO: Manager: stop: Stopping web application '/SpringTest'
juin 27, 2016 10:58:29 PM org.apache.catalina.core.ApplicationContext log
INFO: Manager: start: Starting web application '/SpringTest'
juin 27, 2016 11:01:21 PM org.apache.catalina.core.ApplicationContext log
INFO: Manager: list: Listing contexts for virtual host 'localhost'
juin 27, 2016 11:01:21 PM org.apache.catalina.core.ApplicationContext log
INFO: Manager: stop: Stopping web application '/SpringTest'
juin 27, 2016 11:01:21 PM org.apache.catalina.core.ApplicationContext log
INFO: Manager: start: Starting web application '/SpringTest'
juin 27, 2016 11:01:24 PM org.apache.catalina.core.ApplicationContext log
INFO: Manager: list: Listing contexts for virtual host 'localhost'
juin 27, 2016 11:01:24 PM org.apache.catalina.core.ApplicationContext log
INFO: Manager: restart: Reloading web application '/SpringTest'
juin 27, 2016 11:01:24 PM org.apache.catalina.core.ApplicationContext log
INFO: Manager: list: Listing contexts for virtual host 'localhost'
juin 27, 2016 11:01:26 PM org.apache.catalina.core.ApplicationContext log
INFO: Manager: undeploy: Undeploying web application at '/SpringTest'
juin 27, 2016 11:01:31 PM org.apache.catalina.core.ApplicationContext log
INFO: Manager: list: Listing contexts for virtual host 'localhost'
juin 27, 2016 11:01:31 PM org.apache.catalina.core.ApplicationContext log
INFO: Manager: list: Listing contexts for virtual host 'localhost'
juin 27, 2016 11:01:31 PM org.apache.catalina.core.ApplicationContext log
INFO: Manager: install: Installing context configuration at 'file:/C:/Users/ADMINI~1/AppData/Local/Temp/context7422935589091010802.xml'
juin 27, 2016 11:01:33 PM org.apache.catalina.core.ApplicationContext log
INFO: Manager: start: Starting web application '/SpringTest'
juin 27, 2016 11:05:23 PM org.apache.catalina.core.ApplicationContext log
INFO: Manager: list: Listing contexts for virtual host 'localhost'
juin 27, 2016 11:05:23 PM org.apache.catalina.core.ApplicationContext log
INFO: Manager: stop: Stopping web application '/SpringTest'
juin 27, 2016 11:05:23 PM org.apache.catalina.core.ApplicationContext log
INFO: Manager: start: Starting web application '/SpringTest'
juin 27, 2016 11:05:27 PM org.apache.catalina.core.ApplicationContext log
INFO: Manager: list: Listing contexts for virtual host 'localhost'
juin 27, 2016 11:05:27 PM org.apache.catalina.core.ApplicationContext log
INFO: Manager: list: Listing contexts for virtual host 'localhost'
juin 27, 2016 11:05:28 PM org.apache.catalina.core.ApplicationContext log
INFO: Manager: stop: Stopping web application '/SpringTest'
juin 27, 2016 11:05:28 PM org.apache.catalina.core.ApplicationContext log
INFO: Manager: start: Starting web application '/SpringTest'
juin 27, 2016 11:09:11 PM org.apache.catalina.core.ApplicationContext log
INFO: Manager: list: Listing contexts for virtual host 'localhost'
juin 27, 2016 11:09:11 PM org.apache.catalina.core.ApplicationContext log
INFO: Manager: stop: Stopping web application '/SpringTest'
juin 27, 2016 11:09:11 PM org.apache.catalina.core.ApplicationContext log
INFO: Manager: start: Starting web application '/SpringTest'
juin 27, 2016 11:09:18 PM org.apache.catalina.core.ApplicationContext log
INFO: Manager: list: Listing contexts for virtual host 'localhost'
juin 27, 2016 11:09:18 PM org.apache.catalina.core.ApplicationContext log
INFO: Manager: list: Listing contexts for virtual host 'localhost'
juin 27, 2016 11:09:18 PM org.apache.catalina.core.ApplicationContext log
INFO: Manager: stop: Stopping web application '/SpringTest'
juin 27, 2016 11:09:19 PM org.apache.catalina.core.ApplicationContext log
INFO: Manager: start: Starting web application '/SpringTest'
juin 27, 2016 11:10:29 PM org.apache.catalina.core.ApplicationContext log
INFO: Manager: list: Listing contexts for virtual host 'localhost'
juin 27, 2016 11:10:29 PM org.apache.catalina.core.ApplicationContext log
INFO: Manager: undeploy: Undeploying web application at '/SpringTest'
juin 27, 2016 11:10:38 PM org.apache.catalina.core.ApplicationContext log
INFO: Manager: list: Listing contexts for virtual host 'localhost'
juin 27, 2016 11:10:38 PM org.apache.catalina.core.ApplicationContext log
INFO: Manager: list: Listing contexts for virtual host 'localhost'
juin 27, 2016 11:10:38 PM org.apache.catalina.core.ApplicationContext log
INFO: Manager: install: Installing context configuration at 'file:/C:/Users/ADMINI~1/AppData/Local/Temp/context7656429491473285727.xml'
juin 27, 2016 11:10:41 PM org.apache.catalina.core.ApplicationContext log
INFO: Manager: start: Starting web application '/SpringTest'
