avr. 29, 2015 9:11:49 AM org.apache.catalina.core.ApplicationContext log
INFO: Manager: init: Associated with Deployer 'Catalina:type=Deployer,host=localhost'
avr. 29, 2015 9:11:49 AM org.apache.catalina.core.ApplicationContext log
INFO: Manager: init: Global resources are available
avr. 29, 2015 9:11:49 AM org.apache.catalina.core.ApplicationContext log
INFO: Manager: list: Listing contexts for virtual host 'localhost'
avr. 29, 2015 9:11:49 AM org.apache.catalina.core.ApplicationContext log
INFO: Manager: list: Listing contexts for virtual host 'localhost'
avr. 29, 2015 9:11:49 AM org.apache.catalina.core.ApplicationContext log
INFO: Manager: install: Installing context configuration at 'file:/C:/Users/ADMINI~1/AppData/Local/Temp/context2242550668654941521.xml'
avr. 29, 2015 9:11:49 AM org.apache.catalina.core.ApplicationContext log
INFO: Manager: start: Starting web application '/exCours'
avr. 29, 2015 11:14:06 AM org.apache.catalina.core.ApplicationContext log
INFO: Manager: list: Listing contexts for virtual host 'localhost'
avr. 29, 2015 11:14:06 AM org.apache.catalina.core.ApplicationContext log
INFO: Manager: list: Listing contexts for virtual host 'localhost'
avr. 29, 2015 11:15:24 AM org.apache.catalina.core.ApplicationContext log
INFO: Manager: list: Listing contexts for virtual host 'localhost'
avr. 29, 2015 11:15:24 AM org.apache.catalina.core.ApplicationContext log
INFO: Manager: list: Listing contexts for virtual host 'localhost'
avr. 29, 2015 11:19:53 AM org.apache.catalina.core.ApplicationContext log
INFO: Manager: list: Listing contexts for virtual host 'localhost'
avr. 29, 2015 11:19:53 AM org.apache.catalina.core.ApplicationContext log
INFO: Manager: list: Listing contexts for virtual host 'localhost'
avr. 29, 2015 11:19:53 AM org.apache.catalina.core.ApplicationContext log
INFO: Manager: install: Installing context configuration at 'file:/C:/Users/ADMINI~1/AppData/Local/Temp/context377573609054829566.xml'
avr. 29, 2015 11:19:54 AM org.apache.catalina.core.ApplicationContext log
INFO: Manager: start: Starting web application '/exemplesJour2'
avr. 29, 2015 11:20:37 AM org.apache.catalina.core.ApplicationContext log
INFO: Manager: list: Listing contexts for virtual host 'localhost'
avr. 29, 2015 11:20:37 AM org.apache.catalina.core.ApplicationContext log
INFO: Manager: list: Listing contexts for virtual host 'localhost'
avr. 29, 2015 11:23:49 AM org.apache.catalina.core.ApplicationContext log
INFO: Manager: list: Listing contexts for virtual host 'localhost'
avr. 29, 2015 11:24:03 AM org.apache.catalina.core.ApplicationContext log
INFO: Manager: list: Listing contexts for virtual host 'localhost'
avr. 29, 2015 11:24:03 AM org.apache.catalina.core.ApplicationContext log
INFO: Manager: list: Listing contexts for virtual host 'localhost'
