juil. 10, 2016 9:32:50 PM org.apache.catalina.core.ApplicationContext log
INFO: Manager: init: Associated with Deployer 'Catalina:type=Deployer,host=localhost'
juil. 10, 2016 9:32:50 PM org.apache.catalina.core.ApplicationContext log
INFO: Manager: init: Global resources are available
juil. 10, 2016 9:32:50 PM org.apache.catalina.core.ApplicationContext log
INFO: Manager: list: Listing contexts for virtual host 'localhost'
juil. 10, 2016 9:32:50 PM org.apache.catalina.core.ApplicationContext log
INFO: Manager: list: Listing contexts for virtual host 'localhost'
juil. 10, 2016 9:32:50 PM org.apache.catalina.core.ApplicationContext log
INFO: Manager: install: Installing context configuration at 'file:/C:/Users/ADMINI~1/AppData/Local/Temp/context5848408610301362715.xml'
juil. 10, 2016 9:32:53 PM org.apache.catalina.core.ApplicationContext log
INFO: Manager: start: Starting web application '/AgenceVoyage'
juil. 10, 2016 10:00:25 PM org.apache.catalina.core.ApplicationContext log
INFO: Manager: list: Listing contexts for virtual host 'localhost'
juil. 10, 2016 10:00:25 PM org.apache.catalina.core.ApplicationContext log
INFO: Manager: list: Listing contexts for virtual host 'localhost'
juil. 10, 2016 10:00:25 PM org.apache.catalina.core.ApplicationContext log
INFO: Manager: install: Installing context configuration at 'file:/C:/Users/ADMINI~1/AppData/Local/Temp/context3470878589954832175.xml'
juil. 10, 2016 10:00:26 PM org.apache.catalina.core.ApplicationContext log
INFO: Manager: start: Starting web application '/prepFinalAgenceVoyage'
juil. 10, 2016 10:00:42 PM org.apache.catalina.core.ApplicationContext log
INFO: Manager: list: Listing contexts for virtual host 'localhost'
juil. 10, 2016 10:00:49 PM org.apache.catalina.core.ApplicationContext log
INFO: Manager: list: Listing contexts for virtual host 'localhost'
juil. 10, 2016 10:00:59 PM org.apache.catalina.core.ApplicationContext log
INFO: Manager: list: Listing contexts for virtual host 'localhost'
juil. 10, 2016 10:00:59 PM org.apache.catalina.core.ApplicationContext log
INFO: Manager: list: Listing contexts for virtual host 'localhost'
juil. 10, 2016 10:01:54 PM org.apache.catalina.core.ApplicationContext log
INFO: Manager: list: Listing contexts for virtual host 'localhost'
juil. 10, 2016 10:01:54 PM org.apache.catalina.core.ApplicationContext log
INFO: Manager: list: Listing contexts for virtual host 'localhost'
juil. 10, 2016 10:03:05 PM org.apache.catalina.core.ApplicationContext log
INFO: Manager: list: Listing contexts for virtual host 'localhost'
juil. 10, 2016 10:03:10 PM org.apache.catalina.core.ApplicationContext log
INFO: Manager: list: Listing contexts for virtual host 'localhost'
juil. 10, 2016 10:03:10 PM org.apache.catalina.core.ApplicationContext log
INFO: Manager: list: Listing contexts for virtual host 'localhost'
juil. 10, 2016 10:05:07 PM org.apache.catalina.core.ApplicationContext log
INFO: Manager: list: Listing contexts for virtual host 'localhost'
juil. 10, 2016 10:05:20 PM org.apache.catalina.core.ApplicationContext log
INFO: Manager: list: Listing contexts for virtual host 'localhost'
juil. 10, 2016 10:05:20 PM org.apache.catalina.core.ApplicationContext log
INFO: Manager: list: Listing contexts for virtual host 'localhost'
juil. 10, 2016 10:06:31 PM org.apache.catalina.core.ApplicationContext log
INFO: Manager: list: Listing contexts for virtual host 'localhost'
juil. 10, 2016 10:06:36 PM org.apache.catalina.core.ApplicationContext log
INFO: Manager: list: Listing contexts for virtual host 'localhost'
juil. 10, 2016 10:06:36 PM org.apache.catalina.core.ApplicationContext log
INFO: Manager: list: Listing contexts for virtual host 'localhost'
juil. 10, 2016 10:07:55 PM org.apache.catalina.core.ApplicationContext log
INFO: Manager: list: Listing contexts for virtual host 'localhost'
juil. 10, 2016 10:07:55 PM org.apache.catalina.core.ApplicationContext log
INFO: Manager: undeploy: Undeploying web application at '/prepFinalAgenceVoyage'
juil. 10, 2016 10:11:04 PM org.apache.catalina.core.ApplicationContext log
INFO: Manager: list: Listing contexts for virtual host 'localhost'
juil. 10, 2016 10:12:03 PM org.apache.catalina.core.ApplicationContext log
INFO: Manager: list: Listing contexts for virtual host 'localhost'
juil. 10, 2016 10:12:03 PM org.apache.catalina.core.ApplicationContext log
INFO: Manager: list: Listing contexts for virtual host 'localhost'
juil. 10, 2016 10:12:04 PM org.apache.catalina.core.ApplicationContext log
INFO: Manager: list: Listing contexts for virtual host 'localhost'
juil. 10, 2016 10:12:19 PM org.apache.catalina.core.ApplicationContext log
INFO: Manager: list: Listing contexts for virtual host 'localhost'
juil. 10, 2016 10:12:29 PM org.apache.catalina.core.ApplicationContext log
INFO: Manager: list: Listing contexts for virtual host 'localhost'
juil. 10, 2016 10:12:29 PM org.apache.catalina.core.ApplicationContext log
INFO: Manager: list: Listing contexts for virtual host 'localhost'
juil. 10, 2016 10:12:29 PM org.apache.catalina.core.ApplicationContext log
INFO: Manager: install: Installing context configuration at 'file:/C:/Users/ADMINI~1/AppData/Local/Temp/context7656579130514319973.xml'
juil. 10, 2016 10:12:30 PM org.apache.catalina.core.ApplicationContext log
INFO: Manager: start: Starting web application '/prepFinalAgenceVoyage'
juil. 10, 2016 10:13:36 PM org.apache.catalina.core.ApplicationContext log
INFO: Manager: list: Listing contexts for virtual host 'localhost'
juil. 10, 2016 10:13:41 PM org.apache.catalina.core.ApplicationContext log
INFO: Manager: list: Listing contexts for virtual host 'localhost'
juil. 10, 2016 10:13:42 PM org.apache.catalina.core.ApplicationContext log
INFO: Manager: list: Listing contexts for virtual host 'localhost'
juil. 10, 2016 10:16:48 PM org.apache.catalina.core.ApplicationContext log
INFO: Manager: init: Associated with Deployer 'Catalina:type=Deployer,host=localhost'
juil. 10, 2016 10:16:48 PM org.apache.catalina.core.ApplicationContext log
INFO: Manager: init: Global resources are available
juil. 10, 2016 10:16:48 PM org.apache.catalina.core.ApplicationContext log
INFO: Manager: list: Listing contexts for virtual host 'localhost'
juil. 10, 2016 10:16:48 PM org.apache.catalina.core.ApplicationContext log
INFO: Manager: list: Listing contexts for virtual host 'localhost'
juil. 10, 2016 10:16:48 PM org.apache.catalina.core.ApplicationContext log
INFO: Manager: undeploy: Undeploying web application at '/prepFinalAgenceVoyage'
juil. 10, 2016 10:16:49 PM org.apache.catalina.core.ApplicationContext log
INFO: Manager: install: Installing context configuration at 'file:/C:/Users/ADMINI~1/AppData/Local/Temp/context420111172583080484.xml'
juil. 10, 2016 10:16:50 PM org.apache.catalina.core.ApplicationContext log
INFO: Manager: start: Starting web application '/prepFinalAgenceVoyage'
juil. 10, 2016 10:18:46 PM org.apache.catalina.core.ApplicationContext log
INFO: Manager: list: Listing contexts for virtual host 'localhost'
juil. 10, 2016 10:18:46 PM org.apache.catalina.core.ApplicationContext log
INFO: Manager: list: Listing contexts for virtual host 'localhost'
juil. 10, 2016 10:18:46 PM org.apache.catalina.core.ApplicationContext log
INFO: Manager: undeploy: Undeploying web application at '/prepFinalAgenceVoyage'
juil. 10, 2016 10:18:47 PM org.apache.catalina.core.ApplicationContext log
INFO: Manager: install: Installing context configuration at 'file:/C:/Users/ADMINI~1/AppData/Local/Temp/context2901758581050383138.xml'
juil. 10, 2016 10:18:48 PM org.apache.catalina.core.ApplicationContext log
INFO: Manager: start: Starting web application '/prepFinalAgenceVoyage'
juil. 10, 2016 10:20:06 PM org.apache.catalina.core.ApplicationContext log
INFO: Manager: list: Listing contexts for virtual host 'localhost'
juil. 10, 2016 10:20:06 PM org.apache.catalina.core.ApplicationContext log
INFO: Manager: list: Listing contexts for virtual host 'localhost'
juil. 10, 2016 10:20:06 PM org.apache.catalina.core.ApplicationContext log
INFO: Manager: undeploy: Undeploying web application at '/prepFinalAgenceVoyage'
juil. 10, 2016 10:20:07 PM org.apache.catalina.core.ApplicationContext log
INFO: Manager: install: Installing context configuration at 'file:/C:/Users/ADMINI~1/AppData/Local/Temp/context8456901973437680200.xml'
juil. 10, 2016 10:20:09 PM org.apache.catalina.core.ApplicationContext log
INFO: Manager: start: Starting web application '/prepFinalAgenceVoyage'
juil. 10, 2016 10:21:34 PM org.apache.catalina.core.ApplicationContext log
INFO: Manager: list: Listing contexts for virtual host 'localhost'
juil. 10, 2016 10:21:34 PM org.apache.catalina.core.ApplicationContext log
INFO: Manager: list: Listing contexts for virtual host 'localhost'
juil. 10, 2016 10:21:34 PM org.apache.catalina.core.ApplicationContext log
INFO: Manager: undeploy: Undeploying web application at '/prepFinalAgenceVoyage'
juil. 10, 2016 10:21:35 PM org.apache.catalina.core.ApplicationContext log
INFO: Manager: install: Installing context configuration at 'file:/C:/Users/ADMINI~1/AppData/Local/Temp/context8440343578762007241.xml'
juil. 10, 2016 10:21:36 PM org.apache.catalina.core.ApplicationContext log
INFO: Manager: start: Starting web application '/prepFinalAgenceVoyage'
juil. 10, 2016 10:24:47 PM org.apache.catalina.core.ApplicationContext log
INFO: Manager: list: Listing contexts for virtual host 'localhost'
juil. 10, 2016 10:24:47 PM org.apache.catalina.core.ApplicationContext log
INFO: Manager: list: Listing contexts for virtual host 'localhost'
juil. 10, 2016 10:24:47 PM org.apache.catalina.core.ApplicationContext log
INFO: Manager: undeploy: Undeploying web application at '/prepFinalAgenceVoyage'
juil. 10, 2016 10:24:48 PM org.apache.catalina.core.ApplicationContext log
INFO: Manager: install: Installing context configuration at 'file:/C:/Users/ADMINI~1/AppData/Local/Temp/context3791372681194946025.xml'
juil. 10, 2016 10:24:50 PM org.apache.catalina.core.ApplicationContext log
INFO: Manager: start: Starting web application '/prepFinalAgenceVoyage'
juil. 10, 2016 10:29:02 PM org.apache.catalina.core.ApplicationContext log
INFO: Manager: list: Listing contexts for virtual host 'localhost'
juil. 10, 2016 10:29:09 PM org.apache.catalina.core.ApplicationContext log
INFO: Manager: list: Listing contexts for virtual host 'localhost'
juil. 10, 2016 10:29:09 PM org.apache.catalina.core.ApplicationContext log
INFO: Manager: list: Listing contexts for virtual host 'localhost'
juil. 10, 2016 10:31:32 PM org.apache.catalina.core.ApplicationContext log
INFO: Manager: list: Listing contexts for virtual host 'localhost'
juil. 10, 2016 10:31:32 PM org.apache.catalina.core.ApplicationContext log
INFO: Manager: list: Listing contexts for virtual host 'localhost'
juil. 10, 2016 10:31:33 PM org.apache.catalina.core.ApplicationContext log
INFO: Manager: restart: Reloading web application '/prepFinalAgenceVoyage'
juil. 10, 2016 10:33:05 PM org.apache.catalina.core.ApplicationContext log
INFO: Manager: list: Listing contexts for virtual host 'localhost'
juil. 10, 2016 10:33:06 PM org.apache.catalina.core.ApplicationContext log
INFO: Manager: list: Listing contexts for virtual host 'localhost'
juil. 10, 2016 10:38:52 PM org.apache.catalina.core.ApplicationContext log
INFO: Manager: list: Listing contexts for virtual host 'localhost'
juil. 10, 2016 10:38:52 PM org.apache.catalina.core.ApplicationContext log
INFO: Manager: restart: Reloading web application '/prepFinalAgenceVoyage'
juil. 10, 2016 10:39:56 PM org.apache.catalina.core.ApplicationContext log
INFO: Manager: list: Listing contexts for virtual host 'localhost'
juil. 10, 2016 10:39:57 PM org.apache.catalina.core.ApplicationContext log
INFO: Manager: list: Listing contexts for virtual host 'localhost'
juil. 10, 2016 10:39:57 PM org.apache.catalina.core.ApplicationContext log
INFO: Manager: restart: Reloading web application '/prepFinalAgenceVoyage'
juil. 10, 2016 10:44:24 PM org.apache.catalina.core.ApplicationContext log
INFO: Manager: list: Listing contexts for virtual host 'localhost'
juil. 10, 2016 10:44:24 PM org.apache.catalina.core.ApplicationContext log
INFO: Manager: list: Listing contexts for virtual host 'localhost'
juil. 10, 2016 10:44:24 PM org.apache.catalina.core.ApplicationContext log
INFO: Manager: restart: Reloading web application '/prepFinalAgenceVoyage'
juil. 10, 2016 10:44:51 PM org.apache.catalina.core.ApplicationContext log
INFO: Manager: list: Listing contexts for virtual host 'localhost'
juil. 10, 2016 10:44:56 PM org.apache.catalina.core.ApplicationContext log
INFO: Manager: list: Listing contexts for virtual host 'localhost'
juil. 10, 2016 10:44:56 PM org.apache.catalina.core.ApplicationContext log
INFO: Manager: list: Listing contexts for virtual host 'localhost'
juil. 10, 2016 10:48:45 PM org.apache.catalina.core.ApplicationContext log
INFO: Manager: list: Listing contexts for virtual host 'localhost'
juil. 10, 2016 10:48:46 PM org.apache.catalina.core.ApplicationContext log
INFO: Manager: list: Listing contexts for virtual host 'localhost'
juil. 10, 2016 10:48:46 PM org.apache.catalina.core.ApplicationContext log
INFO: Manager: restart: Reloading web application '/prepFinalAgenceVoyage'
juil. 10, 2016 10:49:09 PM org.apache.catalina.core.ApplicationContext log
INFO: Manager: list: Listing contexts for virtual host 'localhost'
