oct. 11, 2016 8:34:41 AM org.apache.catalina.core.ApplicationContext log
INFO: Manager: list: Listing contexts for virtual host 'localhost'
oct. 11, 2016 8:34:42 AM org.apache.catalina.core.ApplicationContext log
INFO: Manager: list: Listing contexts for virtual host 'localhost'
oct. 11, 2016 8:34:42 AM org.apache.catalina.core.ApplicationContext log
INFO: Manager: install: Installing context configuration at 'file:/C:/Users/ADMINI~1/AppData/Local/Temp/context8817513750803614733.xml'
oct. 11, 2016 8:34:48 AM org.apache.catalina.core.ApplicationContext log
INFO: Manager: start: Starting web application '/ManipulationsJour2'
oct. 11, 2016 9:01:54 AM org.apache.catalina.core.ApplicationContext log
INFO: Manager: list: Listing contexts for virtual host 'localhost'
oct. 11, 2016 9:01:54 AM org.apache.catalina.core.ApplicationContext log
INFO: Manager: stop: Stopping web application '/ManipulationsJour2'
oct. 11, 2016 9:01:55 AM org.apache.catalina.core.ApplicationContext log
INFO: Manager: start: Starting web application '/ManipulationsJour2'
oct. 11, 2016 9:02:04 AM org.apache.catalina.core.ApplicationContext log
INFO: Manager: list: Listing contexts for virtual host 'localhost'
oct. 11, 2016 9:02:04 AM org.apache.catalina.core.ApplicationContext log
INFO: Manager: stop: Stopping web application '/ManipulationsJour2'
oct. 11, 2016 9:02:04 AM org.apache.catalina.core.ApplicationContext log
INFO: Manager: start: Starting web application '/ManipulationsJour2'
oct. 11, 2016 9:18:34 AM org.apache.catalina.core.ApplicationContext log
INFO: Manager: list: Listing contexts for virtual host 'localhost'
oct. 11, 2016 9:18:34 AM org.apache.catalina.core.ApplicationContext log
INFO: Manager: restart: Reloading web application '/ManipulationsJour2'
oct. 11, 2016 9:18:39 AM org.apache.catalina.core.ApplicationContext log
INFO: Manager: list: Listing contexts for virtual host 'localhost'
oct. 11, 2016 9:18:39 AM org.apache.catalina.core.ApplicationContext log
INFO: Manager: restart: Reloading web application '/ManipulationsJour2'
oct. 11, 2016 9:18:51 AM org.apache.catalina.core.ApplicationContext log
INFO: Manager: list: Listing contexts for virtual host 'localhost'
oct. 11, 2016 9:18:51 AM org.apache.catalina.core.ApplicationContext log
INFO: Manager: list: Listing contexts for virtual host 'localhost'
oct. 11, 2016 9:18:51 AM org.apache.catalina.core.ApplicationContext log
INFO: Manager: stop: Stopping web application '/ManipulationsJour2'
oct. 11, 2016 9:18:52 AM org.apache.catalina.core.ApplicationContext log
INFO: Manager: start: Starting web application '/ManipulationsJour2'
oct. 11, 2016 9:19:39 AM org.apache.catalina.core.ApplicationContext log
INFO: Manager: list: Listing contexts for virtual host 'localhost'
oct. 11, 2016 9:19:39 AM org.apache.catalina.core.ApplicationContext log
INFO: Manager: list: Listing contexts for virtual host 'localhost'
oct. 11, 2016 9:21:22 AM org.apache.catalina.core.ApplicationContext log
INFO: Manager: list: Listing contexts for virtual host 'localhost'
oct. 11, 2016 9:21:22 AM org.apache.catalina.core.ApplicationContext log
INFO: Manager: undeploy: Undeploying web application at '/ManipulationsJour2'
oct. 11, 2016 9:21:34 AM org.apache.catalina.core.ApplicationContext log
INFO: Manager: list: Listing contexts for virtual host 'localhost'
oct. 11, 2016 9:21:34 AM org.apache.catalina.core.ApplicationContext log
INFO: Manager: list: Listing contexts for virtual host 'localhost'
oct. 11, 2016 9:21:34 AM org.apache.catalina.core.ApplicationContext log
INFO: Manager: install: Installing context configuration at 'file:/C:/Users/ADMINI~1/AppData/Local/Temp/context1683586385528748600.xml'
oct. 11, 2016 9:21:35 AM org.apache.catalina.core.ApplicationContext log
INFO: Manager: start: Starting web application '/ManipulationsJour2'
oct. 11, 2016 9:42:06 AM org.apache.catalina.core.ApplicationContext log
INFO: Manager: list: Listing contexts for virtual host 'localhost'
oct. 11, 2016 9:42:06 AM org.apache.catalina.core.ApplicationContext log
INFO: Manager: stop: Stopping web application '/ManipulationsJour2'
oct. 11, 2016 9:42:08 AM org.apache.catalina.core.ApplicationContext log
INFO: Manager: start: Starting web application '/ManipulationsJour2'
oct. 11, 2016 9:42:09 AM org.apache.catalina.core.ApplicationContext log
INFO: Manager: list: Listing contexts for virtual host 'localhost'
oct. 11, 2016 9:42:09 AM org.apache.catalina.core.ApplicationContext log
INFO: Manager: restart: Reloading web application '/ManipulationsJour2'
oct. 11, 2016 9:45:04 AM org.apache.catalina.core.ApplicationContext log
INFO: Manager: list: Listing contexts for virtual host 'localhost'
oct. 11, 2016 9:45:05 AM org.apache.catalina.core.ApplicationContext log
INFO: Manager: restart: Reloading web application '/ManipulationsJour2'
oct. 11, 2016 9:47:45 AM org.apache.catalina.core.ApplicationContext log
INFO: Manager: list: Listing contexts for virtual host 'localhost'
oct. 11, 2016 9:47:46 AM org.apache.catalina.core.ApplicationContext log
INFO: Manager: list: Listing contexts for virtual host 'localhost'
oct. 11, 2016 9:47:46 AM org.apache.catalina.core.ApplicationContext log
INFO: Manager: restart: Reloading web application '/ManipulationsJour2'
oct. 11, 2016 9:47:50 AM org.apache.catalina.core.ApplicationContext log
INFO: Manager: list: Listing contexts for virtual host 'localhost'
oct. 11, 2016 9:47:50 AM org.apache.catalina.core.ApplicationContext log
INFO: Manager: list: Listing contexts for virtual host 'localhost'
oct. 11, 2016 9:47:51 AM org.apache.catalina.core.ApplicationContext log
INFO: Manager: stop: Stopping web application '/ManipulationsJour2'
oct. 11, 2016 9:47:51 AM org.apache.catalina.core.ApplicationContext log
INFO: Manager: start: Starting web application '/ManipulationsJour2'
oct. 11, 2016 10:58:04 AM org.apache.catalina.core.ApplicationContext log
INFO: Manager: list: Listing contexts for virtual host 'localhost'
oct. 11, 2016 10:58:04 AM org.apache.catalina.core.ApplicationContext log
INFO: Manager: restart: Reloading web application '/ManipulationsJour2'
oct. 11, 2016 11:00:14 AM org.apache.catalina.core.ApplicationContext log
INFO: Manager: list: Listing contexts for virtual host 'localhost'
oct. 11, 2016 11:00:14 AM org.apache.catalina.core.ApplicationContext log
INFO: Manager: list: Listing contexts for virtual host 'localhost'
oct. 11, 2016 11:00:14 AM org.apache.catalina.core.ApplicationContext log
INFO: Manager: install: Installing context configuration at 'file:/C:/Users/ADMINI~1/AppData/Local/Temp/context1720516880176017153.xml'
oct. 11, 2016 11:00:15 AM org.apache.catalina.core.ApplicationContext log
INFO: Manager: start: Starting web application '/Travail3a'
