mai 10, 2015 11:04:21 AM org.apache.catalina.core.ApplicationContext log
INFO: Manager: list: Listing contexts for virtual host 'localhost'
mai 10, 2015 11:04:22 AM org.apache.catalina.core.ApplicationContext log
INFO: Manager: list: Listing contexts for virtual host 'localhost'
mai 10, 2015 11:04:22 AM org.apache.catalina.core.ApplicationContext log
INFO: Manager: install: Installing context configuration at 'file:/C:/Users/ADMINI~1/AppData/Local/Temp/context7867284675423371303.xml'
mai 10, 2015 11:04:28 AM org.apache.catalina.core.ApplicationContext log
INFO: Manager: start: Starting web application '/cookiesETsessions'
mai 10, 2015 11:11:15 AM org.apache.catalina.core.ApplicationContext log
INFO: Manager: list: Listing contexts for virtual host 'localhost'
mai 10, 2015 11:11:15 AM org.apache.catalina.core.ApplicationContext log
INFO: Manager: list: Listing contexts for virtual host 'localhost'
mai 10, 2015 11:12:06 AM org.apache.catalina.core.ApplicationContext log
INFO: Manager: list: Listing contexts for virtual host 'localhost'
mai 10, 2015 11:12:06 AM org.apache.catalina.core.ApplicationContext log
INFO: Manager: stop: Stopping web application '/cookiesETsessions'
mai 10, 2015 11:12:09 AM org.apache.catalina.core.ApplicationContext log
INFO: Manager: start: Starting web application '/cookiesETsessions'
mai 10, 2015 11:12:33 AM org.apache.catalina.core.ApplicationContext log
INFO: Manager: list: Listing contexts for virtual host 'localhost'
mai 10, 2015 11:12:33 AM org.apache.catalina.core.ApplicationContext log
INFO: Manager: list: Listing contexts for virtual host 'localhost'
mai 10, 2015 11:12:33 AM org.apache.catalina.core.ApplicationContext log
INFO: Manager: stop: Stopping web application '/cookiesETsessions'
mai 10, 2015 11:12:34 AM org.apache.catalina.core.ApplicationContext log
INFO: Manager: start: Starting web application '/cookiesETsessions'
mai 10, 2015 11:27:04 AM org.apache.catalina.core.ApplicationContext log
INFO: Manager: list: Listing contexts for virtual host 'localhost'
mai 10, 2015 11:27:04 AM org.apache.catalina.core.ApplicationContext log
INFO: Manager: list: Listing contexts for virtual host 'localhost'
mai 10, 2015 11:35:39 AM org.apache.catalina.core.ApplicationContext log
INFO: Manager: list: Listing contexts for virtual host 'localhost'
mai 10, 2015 11:35:39 AM org.apache.catalina.core.ApplicationContext log
INFO: Manager: list: Listing contexts for virtual host 'localhost'
mai 10, 2015 11:46:02 AM org.apache.catalina.core.ApplicationContext log
INFO: Manager: list: Listing contexts for virtual host 'localhost'
mai 10, 2015 11:46:02 AM org.apache.catalina.core.ApplicationContext log
INFO: Manager: list: Listing contexts for virtual host 'localhost'
mai 10, 2015 11:47:37 AM org.apache.catalina.core.ApplicationContext log
INFO: Manager: list: Listing contexts for virtual host 'localhost'
mai 10, 2015 11:47:37 AM org.apache.catalina.core.ApplicationContext log
INFO: Manager: list: Listing contexts for virtual host 'localhost'
mai 10, 2015 12:15:41 PM org.apache.catalina.core.ApplicationContext log
INFO: Manager: list: Listing contexts for virtual host 'localhost'
mai 10, 2015 12:15:41 PM org.apache.catalina.core.ApplicationContext log
INFO: Manager: list: Listing contexts for virtual host 'localhost'
mai 10, 2015 12:15:41 PM org.apache.catalina.core.ApplicationContext log
INFO: Manager: install: Installing context configuration at 'file:/C:/Users/ADMINI~1/AppData/Local/Temp/context2837565467369059535.xml'
mai 10, 2015 12:16:07 PM org.apache.catalina.core.ApplicationContext log
INFO: Manager: list: Listing contexts for virtual host 'localhost'
mai 10, 2015 12:16:07 PM org.apache.catalina.core.ApplicationContext log
INFO: Manager: undeploy: Undeploying web application at '/jour5EL'
mai 10, 2015 12:16:08 PM org.apache.catalina.core.ApplicationContext log
INFO: Manager: install: Installing context configuration at 'file:/C:/Users/ADMINI~1/AppData/Local/Temp/context871810525294507202.xml'
mai 10, 2015 12:16:08 PM org.apache.catalina.core.ApplicationContext log
INFO: Manager: start: Starting web application '/jour5EL'
