juil. 07, 2015 11:32:03 PM org.apache.catalina.core.ApplicationContext log
INFO: Manager: list: Listing contexts for virtual host 'localhost'
juil. 07, 2015 11:32:05 PM org.apache.catalina.core.ApplicationContext log
INFO: Manager: list: Listing contexts for virtual host 'localhost'
juil. 07, 2015 11:32:05 PM org.apache.catalina.core.ApplicationContext log
INFO: Manager: install: Installing context configuration at 'file:/C:/Users/ADMINI~1/AppData/Local/Temp/context5686630686213265554.xml'
juil. 07, 2015 11:32:20 PM org.apache.catalina.core.ApplicationContext log
INFO: Manager: start: Starting web application '/Projet'
juil. 07, 2015 11:48:31 PM org.apache.catalina.core.ApplicationContext log
INFO: Manager: list: Listing contexts for virtual host 'localhost'
juil. 07, 2015 11:48:31 PM org.apache.catalina.core.ApplicationContext log
INFO: Manager: list: Listing contexts for virtual host 'localhost'
juil. 07, 2015 11:48:31 PM org.apache.catalina.core.ApplicationContext log
INFO: Manager: install: Installing context configuration at 'file:/C:/Users/ADMINI~1/AppData/Local/Temp/context8193210574626200234.xml'
juil. 07, 2015 11:48:33 PM org.apache.catalina.core.ApplicationContext log
INFO: Manager: start: Starting web application '/projetSession'
juil. 07, 2015 11:56:06 PM org.apache.catalina.core.ApplicationContext log
INFO: Manager: list: Listing contexts for virtual host 'localhost'
juil. 07, 2015 11:56:06 PM org.apache.catalina.core.ApplicationContext log
INFO: Manager: restart: Reloading web application '/projetSession'
juil. 07, 2015 11:56:08 PM org.apache.catalina.core.ApplicationContext log
INFO: Manager: list: Listing contexts for virtual host 'localhost'
juil. 07, 2015 11:56:08 PM org.apache.catalina.core.ApplicationContext log
INFO: Manager: restart: Reloading web application '/projetSession'
juil. 07, 2015 11:57:37 PM org.apache.catalina.core.ApplicationContext log
INFO: Manager: list: Listing contexts for virtual host 'localhost'
juil. 07, 2015 11:57:37 PM org.apache.catalina.core.ApplicationContext log
INFO: Manager: list: Listing contexts for virtual host 'localhost'
juil. 07, 2015 11:57:37 PM org.apache.catalina.core.ApplicationContext log
INFO: Manager: install: Installing context configuration at 'file:/C:/Users/ADMINI~1/AppData/Local/Temp/context6874074072123576156.xml'
juil. 07, 2015 11:57:41 PM org.apache.catalina.core.ApplicationContext log
INFO: Manager: start: Starting web application '/WebTP'
